Traceback (most recent call last):
  File "/Users/sahilgoel/Desktop/Stocks/scripts/focused_cluster_lab.py", line 12, in <module>
    from scripts import weekly_strategy_lab as lab
ModuleNotFoundError: No module named 'scripts'

=== relaunched focused cluster lab ===
{
  "generated_at": "2026-04-20T12:47:37.028350+05:30",
  "lab_type": "focused_cluster_followup",
  "anchor_variant": "curated_combo_032",
  "production_rule_model": "BUY=RULE_SET_7, SELL=RULE_SET_2",
  "data_context": {
    "requested_symbols": [
      "HDFCBANK",
      "BHARTIARTL",
      "SBIN",
      "TCS",
      "INFY",
      "LICI",
      "LT",
      "MARUTI",
      "HCLTECH",
      "ITC",
      "AXISBANK",
      "NTPC",
      "M&M",
      "ONGC",
      "ADANIPORTS",
      "POWERGRID",
      "COALINDIA",
      "VEDL",
      "BAJAJ-AUTO",
      "HAL",
      "ADANIENT",
      "HINDZINC",
      "WIPRO",
      "IOC",
      "HINDALCO",
      "INDIGO",
      "HYUNDAI",
      "BANKBARODA",
      "PFC",
      "UNIONBANK",
      "DLF",
      "PNB",
      "BPCL",
      "CANBK",
      "INDIANB",
      "TMPV",
      "MOTHERSON",
      "INDUSTOWER",
      "LUPIN",
      "DRREDDY",
      "HEROMOTOCO",
      "ASHOKLEY",
      "GAIL",
      "MAZDOCK",
      "ZYDUSLIFE",
      "RECLTD",
      "OIL",
      "AUROPHARMA",
      "LODHA",
      "IDBI",
      "HINDPETRO",
      "NMDC",
      "BANKINDIA",
      "NATIONALUM",
      "GICRE",
      "FEDERALBNK",
      "ALKEM",
      "SAIL",
      "JSL",
      "SUZLON",
      "COROMANDEL",
      "MRF",
      "OBEROIRLTY",
      "JSWINFRA",
      "MAHABANK",
      "GODREJPROP",
      "PIIND",
      "AIIL",
      "IRCTC",
      "EMBASSY",
      "BALKRISIND",
      "TATACOMM",
      "MOTILALOFS",
      "PETRONET",
      "NLCINDIA",
      "HUDCO",
      "CONCOR",
      "ASTERDM",
      "ESCORTS",
      "AIAENG",
      "CENTRALBK",
      "UCOBANK",
      "GODFRYPHLP",
      "FORCEMOT",
      "KPRMILL",
      "TVSHLTD",
      "HEXT",
      "CHOLAHLDNG",
      "LICHSGFIN",
      "APOLLOTYRE",
      "KARURVYSYA",
      "ACC",
      "EXIDEIND",
      "IRB",
      "BANDHANBNK",
      "SUNTV",
      "GUJGASLTD",
      "AWL",
      "SHYAMMETL",
      "PFIZER",
      "WELCORP",
      "CESC",
      "PNBHOUSING",
      "GESHIP",
      "DEEPAKNTR",
      "KPITTECH",
      "CASTROLIND",
      "EMAMILTD",
      "SARDAEN",
      "GPIL",
      "CIEINDIA",
      "SUNDRMFAST",
      "NATCOPHARM",
      "CHAMBLFERT",
      "REDINGTON",
      "SYNGENE",
      "VERTIS",
      "ANANTRAJ",
      "DCMSHRIRAM",
      "VTL",
      "BRIGADE",
      "NAVA",
      "PSB",
      "AVANTIFEED",
      "RATNAMANI",
      "CROMPTON",
      "BHARATCOAL",
      "GRANULES",
      "IGIL",
      "KEC",
      "CEATLTD",
      "EIDPARRY",
      "ARE&M",
      "GSPL",
      "INOXWIND",
      "SHRIPISTON",
      "JUBLPHARMA",
      "KANSAINER",
      "TRIDENT",
      "APLLTD",
      "LTFOODS",
      "FINCABLES",
      "ZENSARTECH",
      "J&KBANK",
      "CAPLIPOINT",
      "INDIAMART",
      "TECHNOE",
      "KIRLOSBROS",
      "ALIVUS",
      "JINDALSAW",
      "JKTYRE",
      "JMFINANCIL",
      "PARADEEP",
      "GRAPHITE",
      "DEEPAKFERT",
      "CANFINHOME",
      "IRCON",
      "CONCORDBIO",
      "JWL",
      "GODREJAGRO",
      "WELSPUNLIV",
      "FINPIPE",
      "FIVESTAR",
      "SCI",
      "ENGINERSIN",
      "INDGN",
      "APTUS",
      "JPPOWER",
      "AFCONS",
      "WHIRLPOOL",
      "UJJIVANSFB",
      "BBTC",
      "SWANCORP",
      "BALRAMCHIN",
      "BSOFT",
      "ACE",
      "VESUVIUS",
      "PCBL",
      "BLS",
      "ARVIND",
      "TMB",
      "SANDUMA",
      "MGL",
      "RITES",
      "SOUTHBANK",
      "CELLO",
      "CYIENT",
      "RPOWER",
      "WAAREERTL",
      "ELECON",
      "AAVAS",
      "VOLTAMP",
      "STAR",
      "RKFORGE",
      "NCC",
      "MANYAVAR",
      "PGINVIT",
      "GRINFRA",
      "KTKBANK",
      "BATAINDIA",
      "TITAGARH",
      "PGHL",
      "IIFLCAPS",
      "GRWRHITECH",
      "GMRP&UI",
      "ASKAUTOLTD",
      "TIMETECHNO",
      "KAMAHOLD",
      "PNGJL",
      "BANCOINDIA",
      "SANOFI",
      "JYOTHYLAB",
      "MARKSANS",
      "SKFINDIA",
      "MAHSEAMLES",
      "JKLAKSHMI",
      "NESCO",
      "AKUMS",
      "GPPL",
      "KIRLPNU",
      "TCI",
      "BENGALASM",
      "ZEEL",
      "TRANSRAILL",
      "KRBL",
      "ISGEC",
      "PGIL",
      "IMFA",
      "SAREGAMA",
      "DBL",
      "EMBDL",
      "TIPSMUSIC",
      "PCJEWELLER",
      "SONATSOFTW",
      "REDTAPE",
      "BIRLACORPN",
      "RCF",
      "SHREMINVIT",
      "GARFIBRES",
      "NEWGEN",
      "DODLA",
      "WELENT",
      "BLUEJET",
      "CERA",
      "EPL",
      "GAEL",
      "POWERMECH",
      "GSFC",
      "CSBBANK",
      "SHAKTIPUMP",
      "MOIL",
      "PRAJIND",
      "JKPAPER",
      "KOVAI",
      "GNFC",
      "AARTIPHARM",
      "GALAXYSURF",
      "INDIAGLYCO",
      "INDUSINVIT",
      "FDC",
      "TANLA",
      "DCBBANK",
      "JAIBALAJI",
      "LGBBROSLTD",
      "GOKULAGRO",
      "LOTUSDEV",
      "AJAXENGG",
      "FIEMIND",
      "BALUFORGE",
      "NDRINVIT",
      "CPSEETF",
      "NIFTYBETA",
      "ITBEES",
      "SILVERBEES",
      "BANKBEES",
      "GOLDBEES",
      "MIDCAPETF",
      "SMALLCAP"
    ],
    "requested_symbol_count": 278,
    "loaded_symbols": [
      "HDFCBANK",
      "BHARTIARTL",
      "SBIN",
      "TCS",
      "INFY",
      "LICI",
      "LT",
      "MARUTI",
      "HCLTECH",
      "ITC",
      "AXISBANK",
      "NTPC",
      "M&M",
      "ONGC",
      "ADANIPORTS",
      "POWERGRID",
      "COALINDIA",
      "VEDL",
      "BAJAJ-AUTO",
      "HAL",
      "ADANIENT",
      "HINDZINC",
      "WIPRO",
      "IOC",
      "HINDALCO",
      "INDIGO",
      "HYUNDAI",
      "BANKBARODA",
      "PFC",
      "UNIONBANK",
      "DLF",
      "PNB",
      "BPCL",
      "CANBK",
      "INDIANB",
      "TMPV",
      "MOTHERSON",
      "INDUSTOWER",
      "LUPIN",
      "DRREDDY",
      "HEROMOTOCO",
      "ASHOKLEY",
      "GAIL",
      "MAZDOCK",
      "ZYDUSLIFE",
      "RECLTD",
      "OIL",
      "AUROPHARMA",
      "LODHA",
      "IDBI",
      "HINDPETRO",
      "NMDC",
      "BANKINDIA",
      "NATIONALUM",
      "GICRE",
      "FEDERALBNK",
      "ALKEM",
      "SAIL",
      "JSL",
      "SUZLON",
      "COROMANDEL",
      "MRF",
      "OBEROIRLTY",
      "JSWINFRA",
      "MAHABANK",
      "GODREJPROP",
      "PIIND",
      "AIIL",
      "IRCTC",
      "EMBASSY",
      "BALKRISIND",
      "TATACOMM",
      "MOTILALOFS",
      "PETRONET",
      "NLCINDIA",
      "HUDCO",
      "CONCOR",
      "ASTERDM",
      "ESCORTS",
      "AIAENG",
      "CENTRALBK",
      "UCOBANK",
      "GODFRYPHLP",
      "FORCEMOT",
      "KPRMILL",
      "TVSHLTD",
      "HEXT",
      "CHOLAHLDNG",
      "LICHSGFIN",
      "APOLLOTYRE",
      "KARURVYSYA",
      "ACC",
      "EXIDEIND",
      "IRB",
      "BANDHANBNK",
      "SUNTV",
      "GUJGASLTD",
      "AWL",
      "SHYAMMETL",
      "PFIZER",
      "WELCORP",
      "CESC",
      "PNBHOUSING",
      "GESHIP",
      "DEEPAKNTR",
      "KPITTECH",
      "CASTROLIND",
      "EMAMILTD",
      "SARDAEN",
      "GPIL",
      "CIEINDIA",
      "SUNDRMFAST",
      "NATCOPHARM",
      "CHAMBLFERT",
      "REDINGTON",
      "SYNGENE",
      "VERTIS",
      "ANANTRAJ",
      "DCMSHRIRAM",
      "VTL",
      "BRIGADE",
      "NAVA",
      "PSB",
      "AVANTIFEED",
      "RATNAMANI",
      "CROMPTON",
      "BHARATCOAL",
      "GRANULES",
      "IGIL",
      "KEC",
      "CEATLTD",
      "EIDPARRY",
      "ARE&M",
      "GSPL",
      "INOXWIND",
      "SHRIPISTON",
      "JUBLPHARMA",
      "KANSAINER",
      "TRIDENT",
      "APLLTD",
      "LTFOODS",
      "FINCABLES",
      "ZENSARTECH",
      "J&KBANK",
      "CAPLIPOINT",
      "INDIAMART",
      "TECHNOE",
      "KIRLOSBROS",
      "ALIVUS",
      "JINDALSAW",
      "JKTYRE",
      "JMFINANCIL",
      "PARADEEP",
      "GRAPHITE",
      "DEEPAKFERT",
      "CANFINHOME",
      "IRCON",
      "CONCORDBIO",
      "JWL",
      "GODREJAGRO",
      "WELSPUNLIV",
      "FINPIPE",
      "FIVESTAR",
      "SCI",
      "ENGINERSIN",
      "INDGN",
      "APTUS",
      "JPPOWER",
      "AFCONS",
      "WHIRLPOOL",
      "UJJIVANSFB",
      "BBTC",
      "SWANCORP",
      "BALRAMCHIN",
      "BSOFT",
      "ACE",
      "VESUVIUS",
      "PCBL",
      "BLS",
      "ARVIND",
      "TMB",
      "SANDUMA",
      "MGL",
      "RITES",
      "SOUTHBANK",
      "CELLO",
      "CYIENT",
      "RPOWER",
      "WAAREERTL",
      "ELECON",
      "AAVAS",
      "VOLTAMP",
      "STAR",
      "RKFORGE",
      "NCC",
      "MANYAVAR",
      "PGINVIT",
      "GRINFRA",
      "KTKBANK",
      "BATAINDIA",
      "TITAGARH",
      "PGHL",
      "IIFLCAPS",
      "GRWRHITECH",
      "GMRP&UI",
      "ASKAUTOLTD",
      "TIMETECHNO",
      "KAMAHOLD",
      "PNGJL",
      "BANCOINDIA",
      "SANOFI",
      "JYOTHYLAB",
      "MARKSANS",
      "SKFINDIA",
      "MAHSEAMLES",
      "JKLAKSHMI",
      "NESCO",
      "AKUMS",
      "GPPL",
      "KIRLPNU",
      "TCI",
      "BENGALASM",
      "ZEEL",
      "TRANSRAILL",
      "KRBL",
      "ISGEC",
      "PGIL",
      "IMFA",
      "SAREGAMA",
      "DBL",
      "EMBDL",
      "TIPSMUSIC",
      "PCJEWELLER",
      "SONATSOFTW",
      "REDTAPE",
      "BIRLACORPN",
      "RCF",
      "SHREMINVIT",
      "GARFIBRES",
      "NEWGEN",
      "DODLA",
      "WELENT",
      "BLUEJET",
      "CERA",
      "EPL",
      "GAEL",
      "POWERMECH",
      "GSFC",
      "CSBBANK",
      "SHAKTIPUMP",
      "MOIL",
      "PRAJIND",
      "JKPAPER",
      "KOVAI",
      "GNFC",
      "AARTIPHARM",
      "GALAXYSURF",
      "INDIAGLYCO",
      "INDUSINVIT",
      "FDC",
      "TANLA",
      "DCBBANK",
      "JAIBALAJI",
      "LGBBROSLTD",
      "GOKULAGRO",
      "LOTUSDEV",
      "AJAXENGG",
      "FIEMIND",
      "BALUFORGE",
      "NDRINVIT",
      "CPSEETF",
      "NIFTYBETA",
      "ITBEES",
      "SILVERBEES",
      "BANKBEES",
      "GOLDBEES",
      "MIDCAPETF",
      "SMALLCAP"
    ],
    "loaded_symbol_count": 278,
    "skipped_symbols": {},
    "fallback_symbols": [],
    "history_period": "3y",
    "min_history_bars": 260,
    "use_approved_universe": false,
    "precache": {
      "enabled": true,
      "requested": 278,
      "cached_before": 278,
      "downloaded": 0,
      "missing_after": 0,
      "workers": 0
    }
  },
  "scorecard_context": {
    "scorecard_found": true,
    "scorecard_path": "/Users/sahilgoel/Desktop/Stocks/reports/daily_scorecard_2026-04-17.json",
    "date": "2026-04-17",
    "orders": 0,
    "trades": 0,
    "buy_placed": 0,
    "sell_placed": 0,
    "estimated_realized_pnl": 0,
    "verdict": "GOOD",
    "log_counts": {
      "market_blocked": 0,
      "tick_size": 0,
      "ws_close": 1,
      "order_failed": 0,
      "buy_placed": 0,
      "sell_placed": 0
    },
    "no_trade_day": true,
    "optimization_focus": [
      "expand_buy_sensitivity"
    ],
    "code_findings": [
      "websocket_reconnect_review"
    ]
  },
  "tradebook_context": {
    "tradebook_found": false,
    "optimization_focus": [],
    "code_findings": [],
    "top_symbols": []
  },
  "baseline": {
    "name": "baseline_current",
    "final_value": 99603.4,
    "total_return_pct": -0.4,
    "trades": 16,
    "win_rate_pct": 50.0,
    "max_drawdown_pct": -1.8,
    "params": {
      "buy": {},
      "sell": {},
      "rnn": {
        "enabled": false
      },
      "simulation": {
        "mode": "live_parity_daily",
        "execution_timing": "signal_on_close_execute_next_open",
        "per_buy_allocation": 20000.0,
        "starting_capital": 100000.0
      }
    },
    "symbols_tested": [
      "HDFCBANK",
      "BHARTIARTL",
      "SBIN",
      "TCS",
      "INFY",
      "LICI",
      "LT",
      "MARUTI",
      "HCLTECH",
      "ITC",
      "AXISBANK",
      "NTPC",
      "M&M",
      "ONGC",
      "ADANIPORTS",
      "POWERGRID",
      "COALINDIA",
      "VEDL",
      "BAJAJ-AUTO",
      "HAL",
      "ADANIENT",
      "HINDZINC",
      "WIPRO",
      "IOC",
      "HINDALCO",
      "INDIGO",
      "HYUNDAI",
      "BANKBARODA",
      "PFC",
      "UNIONBANK",
      "DLF",
      "PNB",
      "BPCL",
      "CANBK",
      "INDIANB",
      "TMPV",
      "MOTHERSON",
      "INDUSTOWER",
      "LUPIN",
      "DRREDDY",
      "HEROMOTOCO",
      "ASHOKLEY",
      "GAIL",
      "MAZDOCK",
      "ZYDUSLIFE",
      "RECLTD",
      "OIL",
      "AUROPHARMA",
      "LODHA",
      "IDBI",
      "HINDPETRO",
      "NMDC",
      "BANKINDIA",
      "NATIONALUM",
      "GICRE",
      "FEDERALBNK",
      "ALKEM",
      "SAIL",
      "JSL",
      "SUZLON",
      "COROMANDEL",
      "MRF",
      "OBEROIRLTY",
      "JSWINFRA",
      "MAHABANK",
      "GODREJPROP",
      "PIIND",
      "AIIL",
      "IRCTC",
      "EMBASSY",
      "BALKRISIND",
      "TATACOMM",
      "MOTILALOFS",
      "PETRONET",
      "NLCINDIA",
      "HUDCO",
      "CONCOR",
      "ASTERDM",
      "ESCORTS",
      "AIAENG",
      "CENTRALBK",
      "UCOBANK",
      "GODFRYPHLP",
      "FORCEMOT",
      "KPRMILL",
      "TVSHLTD",
      "HEXT",
      "CHOLAHLDNG",
      "LICHSGFIN",
      "APOLLOTYRE",
      "KARURVYSYA",
      "ACC",
      "EXIDEIND",
      "IRB",
      "BANDHANBNK",
      "SUNTV",
      "GUJGASLTD",
      "AWL",
      "SHYAMMETL",
      "PFIZER",
      "WELCORP",
      "CESC",
      "PNBHOUSING",
      "GESHIP",
      "DEEPAKNTR",
      "KPITTECH",
      "CASTROLIND",
      "EMAMILTD",
      "SARDAEN",
      "GPIL",
      "CIEINDIA",
      "SUNDRMFAST",
      "NATCOPHARM",
      "CHAMBLFERT",
      "REDINGTON",
      "SYNGENE",
      "VERTIS",
      "ANANTRAJ",
      "DCMSHRIRAM",
      "VTL",
      "BRIGADE",
      "NAVA",
      "PSB",
      "AVANTIFEED",
      "RATNAMANI",
      "CROMPTON",
      "BHARATCOAL",
      "GRANULES",
      "IGIL",
      "KEC",
      "CEATLTD",
      "EIDPARRY",
      "ARE&M",
      "GSPL",
      "INOXWIND",
      "SHRIPISTON",
      "JUBLPHARMA",
      "KANSAINER",
      "TRIDENT",
      "APLLTD",
      "LTFOODS",
      "FINCABLES",
      "ZENSARTECH",
      "J&KBANK",
      "CAPLIPOINT",
      "INDIAMART",
      "TECHNOE",
      "KIRLOSBROS",
      "ALIVUS",
      "JINDALSAW",
      "JKTYRE",
      "JMFINANCIL",
      "PARADEEP",
      "GRAPHITE",
      "DEEPAKFERT",
      "CANFINHOME",
      "IRCON",
      "CONCORDBIO",
      "JWL",
      "GODREJAGRO",
      "WELSPUNLIV",
      "FINPIPE",
      "FIVESTAR",
      "SCI",
      "ENGINERSIN",
      "INDGN",
      "APTUS",
      "JPPOWER",
      "AFCONS",
      "WHIRLPOOL",
      "UJJIVANSFB",
      "BBTC",
      "SWANCORP",
      "BALRAMCHIN",
      "BSOFT",
      "ACE",
      "VESUVIUS",
      "PCBL",
      "BLS",
      "ARVIND",
      "TMB",
      "SANDUMA",
      "MGL",
      "RITES",
      "SOUTHBANK",
      "CELLO",
      "CYIENT",
      "RPOWER",
      "WAAREERTL",
      "ELECON",
      "AAVAS",
      "VOLTAMP",
      "STAR",
      "RKFORGE",
      "NCC",
      "MANYAVAR",
      "PGINVIT",
      "GRINFRA",
      "KTKBANK",
      "BATAINDIA",
      "TITAGARH",
      "PGHL",
      "IIFLCAPS",
      "GRWRHITECH",
      "GMRP&UI",
      "ASKAUTOLTD",
      "TIMETECHNO",
      "KAMAHOLD",
      "PNGJL",
      "BANCOINDIA",
      "SANOFI",
      "JYOTHYLAB",
      "MARKSANS",
      "SKFINDIA",
      "MAHSEAMLES",
      "JKLAKSHMI",
      "NESCO",
      "AKUMS",
      "GPPL",
      "KIRLPNU",
      "TCI",
      "BENGALASM",
      "ZEEL",
      "TRANSRAILL",
      "KRBL",
      "ISGEC",
      "PGIL",
      "IMFA",
      "SAREGAMA",
      "DBL",
      "EMBDL",
      "TIPSMUSIC",
      "PCJEWELLER",
      "SONATSOFTW",
      "REDTAPE",
      "BIRLACORPN",
      "RCF",
      "SHREMINVIT",
      "GARFIBRES",
      "NEWGEN",
      "DODLA",
      "WELENT",
      "BLUEJET",
      "CERA",
      "EPL",
      "GAEL",
      "POWERMECH",
      "GSFC",
      "CSBBANK",
      "SHAKTIPUMP",
      "MOIL",
      "PRAJIND",
      "JKPAPER",
      "KOVAI",
      "GNFC",
      "AARTIPHARM",
      "GALAXYSURF",
      "INDIAGLYCO",
      "INDUSINVIT",
      "FDC",
      "TANLA",
      "DCBBANK",
      "JAIBALAJI",
      "LGBBROSLTD",
      "GOKULAGRO",
      "LOTUSDEV",
      "AJAXENGG",
      "FIEMIND",
      "BALUFORGE",
      "NDRINVIT",
      "CPSEETF",
      "NIFTYBETA",
      "ITBEES",
      "SILVERBEES",
      "BANKBEES",
      "GOLDBEES",
      "MIDCAPETF",
      "SMALLCAP"
    ],
    "selection_score": -0.347,
    "rnn_enabled": false,
    "rnn_avg_test_accuracy": 0.0
  },
  "best": {
    "name": "focused_cluster_003",
    "final_value": 103235.0,
    "total_return_pct": 3.24,
    "trades": 36,
    "win_rate_pct": 44.44,
    "max_drawdown_pct": -2.42,
    "params": {
      "buy": {
        "adx_min": 10,
        "volume_confirm_mult": 0.85,
        "ich_cloud_bull": 0
      },
      "sell": {
        "breakeven_trigger_pct": 4.0
      },
      "rnn": {
        "enabled": false
      },
      "simulation": {
        "mode": "live_parity_daily",
        "execution_timing": "signal_on_close_execute_next_open",
        "per_buy_allocation": 20000.0,
        "starting_capital": 100000.0
      }
    },
    "symbols_tested": [
      "HDFCBANK",
      "BHARTIARTL",
      "SBIN",
      "TCS",
      "INFY",
      "LICI",
      "LT",
      "MARUTI",
      "HCLTECH",
      "ITC",
      "AXISBANK",
      "NTPC",
      "M&M",
      "ONGC",
      "ADANIPORTS",
      "POWERGRID",
      "COALINDIA",
      "VEDL",
      "BAJAJ-AUTO",
      "HAL",
      "ADANIENT",
      "HINDZINC",
      "WIPRO",
      "IOC",
      "HINDALCO",
      "INDIGO",
      "HYUNDAI",
      "BANKBARODA",
      "PFC",
      "UNIONBANK",
      "DLF",
      "PNB",
      "BPCL",
      "CANBK",
      "INDIANB",
      "TMPV",
      "MOTHERSON",
      "INDUSTOWER",
      "LUPIN",
      "DRREDDY",
      "HEROMOTOCO",
      "ASHOKLEY",
      "GAIL",
      "MAZDOCK",
      "ZYDUSLIFE",
      "RECLTD",
      "OIL",
      "AUROPHARMA",
      "LODHA",
      "IDBI",
      "HINDPETRO",
      "NMDC",
      "BANKINDIA",
      "NATIONALUM",
      "GICRE",
      "FEDERALBNK",
      "ALKEM",
      "SAIL",
      "JSL",
      "SUZLON",
      "COROMANDEL",
      "MRF",
      "OBEROIRLTY",
      "JSWINFRA",
      "MAHABANK",
      "GODREJPROP",
      "PIIND",
      "AIIL",
      "IRCTC",
      "EMBASSY",
      "BALKRISIND",
      "TATACOMM",
      "MOTILALOFS",
      "PETRONET",
      "NLCINDIA",
      "HUDCO",
      "CONCOR",
      "ASTERDM",
      "ESCORTS",
      "AIAENG",
      "CENTRALBK",
      "UCOBANK",
      "GODFRYPHLP",
      "FORCEMOT",
      "KPRMILL",
      "TVSHLTD",
      "HEXT",
      "CHOLAHLDNG",
      "LICHSGFIN",
      "APOLLOTYRE",
      "KARURVYSYA",
      "ACC",
      "EXIDEIND",
      "IRB",
      "BANDHANBNK",
      "SUNTV",
      "GUJGASLTD",
      "AWL",
      "SHYAMMETL",
      "PFIZER",
      "WELCORP",
      "CESC",
      "PNBHOUSING",
      "GESHIP",
      "DEEPAKNTR",
      "KPITTECH",
      "CASTROLIND",
      "EMAMILTD",
      "SARDAEN",
      "GPIL",
      "CIEINDIA",
      "SUNDRMFAST",
      "NATCOPHARM",
      "CHAMBLFERT",
      "REDINGTON",
      "SYNGENE",
      "VERTIS",
      "ANANTRAJ",
      "DCMSHRIRAM",
      "VTL",
      "BRIGADE",
      "NAVA",
      "PSB",
      "AVANTIFEED",
      "RATNAMANI",
      "CROMPTON",
      "BHARATCOAL",
      "GRANULES",
      "IGIL",
      "KEC",
      "CEATLTD",
      "EIDPARRY",
      "ARE&M",
      "GSPL",
      "INOXWIND",
      "SHRIPISTON",
      "JUBLPHARMA",
      "KANSAINER",
      "TRIDENT",
      "APLLTD",
      "LTFOODS",
      "FINCABLES",
      "ZENSARTECH",
      "J&KBANK",
      "CAPLIPOINT",
      "INDIAMART",
      "TECHNOE",
      "KIRLOSBROS",
      "ALIVUS",
      "JINDALSAW",
      "JKTYRE",
      "JMFINANCIL",
      "PARADEEP",
      "GRAPHITE",
      "DEEPAKFERT",
      "CANFINHOME",
      "IRCON",
      "CONCORDBIO",
      "JWL",
      "GODREJAGRO",
      "WELSPUNLIV",
      "FINPIPE",
      "FIVESTAR",
      "SCI",
      "ENGINERSIN",
      "INDGN",
      "APTUS",
      "JPPOWER",
      "AFCONS",
      "WHIRLPOOL",
      "UJJIVANSFB",
      "BBTC",
      "SWANCORP",
      "BALRAMCHIN",
      "BSOFT",
      "ACE",
      "VESUVIUS",
      "PCBL",
      "BLS",
      "ARVIND",
      "TMB",
      "SANDUMA",
      "MGL",
      "RITES",
      "SOUTHBANK",
      "CELLO",
      "CYIENT",
      "RPOWER",
      "WAAREERTL",
      "ELECON",
      "AAVAS",
      "VOLTAMP",
      "STAR",
      "RKFORGE",
      "NCC",
      "MANYAVAR",
      "PGINVIT",
      "GRINFRA",
      "KTKBANK",
      "BATAINDIA",
      "TITAGARH",
      "PGHL",
      "IIFLCAPS",
      "GRWRHITECH",
      "GMRP&UI",
      "ASKAUTOLTD",
      "TIMETECHNO",
      "KAMAHOLD",
      "PNGJL",
      "BANCOINDIA",
      "SANOFI",
      "JYOTHYLAB",
      "MARKSANS",
      "SKFINDIA",
      "MAHSEAMLES",
      "JKLAKSHMI",
      "NESCO",
      "AKUMS",
      "GPPL",
      "KIRLPNU",
      "TCI",
      "BENGALASM",
      "ZEEL",
      "TRANSRAILL",
      "KRBL",
      "ISGEC",
      "PGIL",
      "IMFA",
      "SAREGAMA",
      "DBL",
      "EMBDL",
      "TIPSMUSIC",
      "PCJEWELLER",
      "SONATSOFTW",
      "REDTAPE",
      "BIRLACORPN",
      "RCF",
      "SHREMINVIT",
      "GARFIBRES",
      "NEWGEN",
      "DODLA",
      "WELENT",
      "BLUEJET",
      "CERA",
      "EPL",
      "GAEL",
      "POWERMECH",
      "GSFC",
      "CSBBANK",
      "SHAKTIPUMP",
      "MOIL",
      "PRAJIND",
      "JKPAPER",
      "KOVAI",
      "GNFC",
      "AARTIPHARM",
      "GALAXYSURF",
      "INDIAGLYCO",
      "INDUSINVIT",
      "FDC",
      "TANLA",
      "DCBBANK",
      "JAIBALAJI",
      "LGBBROSLTD",
      "GOKULAGRO",
      "LOTUSDEV",
      "AJAXENGG",
      "FIEMIND",
      "BALUFORGE",
      "NDRINVIT",
      "CPSEETF",
      "NIFTYBETA",
      "ITBEES",
      "SILVERBEES",
      "BANKBEES",
      "GOLDBEES",
      "MIDCAPETF",
      "SMALLCAP"
    ],
    "selection_score": 3.592,
    "rnn_enabled": false,
    "rnn_avg_test_accuracy": 0.0
  },
  "tested_variants": 81,
  "improvement_return_pct": 3.64,
  "improvement_score": 3.939,
  "batch": {
    "offset": 0,
    "limit": 0,
    "tested_variants": 81,
    "full_variant_count": 81
  }
}
Saved: /Users/sahilgoel/Desktop/Stocks/reports/focused_cluster_lab_20260420_124737.json
Saved: /Users/sahilgoel/Desktop/Stocks/reports/focused_cluster_lab_20260420_124737.csv
