{
  "generated_at": "2026-04-20T00:43:09.862598",
  "production_rule_model": "BUY=RULE_SET_7, SELL=RULE_SET_2",
  "batch": {
    "offset": 0,
    "limit": null,
    "tested_variants": 20,
    "full_variant_count": 20,
    "label": "offset_0_limit_all"
  },
  "scorecard_context": {
    "scorecard_found": true,
    "scorecard_path": "/Users/sahilgoel/Desktop/Stocks/reports/daily_scorecard_2026-04-17.json",
    "date": "2026-04-17",
    "orders": 0,
    "trades": 0,
    "buy_placed": 0,
    "sell_placed": 0,
    "estimated_realized_pnl": 0,
    "verdict": "GOOD",
    "log_counts": {
      "market_blocked": 0,
      "tick_size": 0,
      "ws_close": 1,
      "order_failed": 0,
      "buy_placed": 0,
      "sell_placed": 0
    },
    "no_trade_day": true,
    "optimization_focus": [
      "expand_buy_sensitivity"
    ],
    "code_findings": [
      "websocket_reconnect_review"
    ]
  },
  "tradebook_context": {
    "tradebook_found": false,
    "optimization_focus": [],
    "code_findings": [],
    "top_symbols": []
  },
  "fundamental_context": {
    "fundamentals_found": true,
    "approved_equities": [
      "HDFCBANK",
      "BHARTIARTL",
      "SBIN",
      "TCS",
      "INFY",
      "LICI",
      "LT",
      "MARUTI",
      "HCLTECH",
      "ITC",
      "AXISBANK",
      "NTPC",
      "M&M",
      "ONGC",
      "ADANIPORTS",
      "POWERGRID",
      "COALINDIA",
      "VEDL",
      "BAJAJ-AUTO",
      "HAL",
      "ADANIENT",
      "HINDZINC",
      "WIPRO",
      "IOC",
      "HINDALCO",
      "INDIGO",
      "HYUNDAI",
      "BANKBARODA",
      "PFC",
      "UNIONBANK",
      "DLF",
      "PNB",
      "BPCL",
      "CANBK",
      "INDIANB",
      "TMPV",
      "MOTHERSON",
      "INDUSTOWER",
      "LUPIN",
      "DRREDDY",
      "HEROMOTOCO",
      "CIPLA",
      "AMBUJACEM",
      "ASHOKLEY",
      "GAIL",
      "MAZDOCK",
      "ZYDUSLIFE",
      "RECLTD",
      "OIL",
      "AUROPHARMA",
      "LODHA",
      "IDBI",
      "HINDPETRO",
      "NMDC",
      "BANKINDIA",
      "NATIONALUM",
      "GICRE",
      "FEDERALBNK",
      "ALKEM",
      "SAIL",
      "JSL",
      "SUZLON",
      "COROMANDEL",
      "MRF",
      "OBEROIRLTY",
      "JSWINFRA",
      "MAHABANK",
      "GODREJPROP",
      "PIIND",
      "AIIL",
      "IRCTC",
      "EMBASSY",
      "BALKRISIND",
      "TATACOMM",
      "MOTILALOFS",
      "PETRONET",
      "NLCINDIA",
      "HUDCO",
      "CONCOR",
      "ASTERDM",
      "ESCORTS",
      "AIAENG",
      "CENTRALBK",
      "UCOBANK",
      "GODFRYPHLP",
      "FORCEMOT",
      "KPRMILL",
      "TVSHLTD",
      "HEXT",
      "CHOLAHLDNG",
      "LICHSGFIN",
      "APOLLOTYRE",
      "KARURVYSYA",
      "ACC",
      "EXIDEIND",
      "IRB",
      "BANDHANBNK",
      "SUNTV",
      "GUJGASLTD",
      "AWL",
      "SHYAMMETL",
      "PFIZER",
      "IGL",
      "WELCORP",
      "CESC",
      "PNBHOUSING",
      "GESHIP",
      "EIHOTEL",
      "DEEPAKNTR",
      "KPITTECH",
      "CASTROLIND",
      "EMAMILTD",
      "SARDAEN",
      "GPIL",
      "CIEINDIA",
      "SUNDRMFAST",
      "NATCOPHARM",
      "CHAMBLFERT",
      "REDINGTON",
      "SYNGENE",
      "VERTIS",
      "ANANTRAJ",
      "DCMSHRIRAM",
      "VTL",
      "BRIGADE",
      "NAVA",
      "PSB",
      "AVANTIFEED",
      "RATNAMANI",
      "CROMPTON",
      "BHARATCOAL",
      "GRANULES",
      "IGIL",
      "KEC",
      "CEATLTD",
      "EIDPARRY",
      "ARE&M",
      "GSPL",
      "INOXWIND",
      "SHRIPISTON",
      "JUBLPHARMA",
      "KANSAINER",
      "TRIDENT",
      "APLLTD",
      "LTFOODS",
      "FINCABLES",
      "ZENSARTECH",
      "J&KBANK",
      "CAPLIPOINT",
      "INDIAMART",
      "TECHNOE",
      "KIRLOSBROS",
      "ALIVUS",
      "JINDALSAW",
      "JKTYRE",
      "JMFINANCIL",
      "PARADEEP",
      "GRAPHITE",
      "DEEPAKFERT",
      "CANFINHOME",
      "IRCON",
      "CONCORDBIO",
      "JWL",
      "GODREJAGRO",
      "WELSPUNLIV",
      "FINPIPE",
      "FIVESTAR",
      "SCI",
      "ENGINERSIN",
      "INDGN",
      "APTUS",
      "JPPOWER",
      "AFCONS",
      "WHIRLPOOL",
      "UJJIVANSFB",
      "BBTC",
      "SWANCORP",
      "BALRAMCHIN",
      "BSOFT",
      "ACE",
      "VESUVIUS",
      "PCBL",
      "BLS",
      "ARVIND",
      "TMB",
      "SANDUMA",
      "MGL",
      "RITES",
      "SOUTHBANK",
      "CELLO",
      "CEMPRO",
      "CYIENT",
      "RPOWER",
      "WAAREERTL",
      "ELECON",
      "AAVAS",
      "VOLTAMP",
      "STAR",
      "RKFORGE",
      "NCC",
      "MANYAVAR",
      "PGINVIT",
      "GRINFRA",
      "KTKBANK",
      "BATAINDIA",
      "TITAGARH",
      "PGHL",
      "IIFLCAPS",
      "GRWRHITECH",
      "GMRP&UI",
      "ASKAUTOLTD",
      "TIMETECHNO",
      "KAMAHOLD",
      "PNGJL",
      "BANCOINDIA",
      "SANOFI",
      "JYOTHYLAB",
      "MARKSANS",
      "SKFINDIA",
      "MAHSEAMLES",
      "JKLAKSHMI",
      "NESCO",
      "AKUMS",
      "GPPL",
      "KIRLPNU",
      "TCI",
      "BENGALASM",
      "ZEEL",
      "TRANSRAILL",
      "KRBL",
      "ISGEC",
      "PGIL",
      "IMFA",
      "SAREGAMA",
      "DBL",
      "EMBDL",
      "TIPSMUSIC",
      "PCJEWELLER",
      "SONATSOFTW",
      "REDTAPE",
      "BIRLACORPN",
      "RCF",
      "SHREMINVIT",
      "GARFIBRES",
      "NEWGEN",
      "DODLA",
      "WELENT",
      "BLUEJET",
      "CERA",
      "EPL",
      "GAEL",
      "POWERMECH",
      "GSFC",
      "CSBBANK",
      "SHAKTIPUMP",
      "MOIL",
      "KIRLFER",
      "PRAJIND",
      "JKPAPER",
      "KOVAI",
      "GNFC",
      "AARTIPHARM",
      "GALAXYSURF",
      "INDIAGLYCO",
      "INDUSINVIT",
      "FDC",
      "TANLA",
      "DCBBANK",
      "JAIBALAJI",
      "LGBBROSLTD",
      "GOKULAGRO",
      "LOTUSDEV",
      "AJAXENGG",
      "FIEMIND",
      "BALUFORGE",
      "NDRINVIT"
    ],
    "approved_etfs": [
      "CPSEETF",
      "NIFTYBETA",
      "ITBEES",
      "SILVERBEES",
      "BANKBEES",
      "GOLDBEES",
      "MIDCAPETF",
      "SMALLCAP"
    ],
    "approved_symbol_count": 284,
    "sample_symbols": [
      "HDFCBANK",
      "BHARTIARTL",
      "SBIN",
      "TCS",
      "INFY",
      "LICI",
      "LT",
      "MARUTI",
      "HCLTECH",
      "ITC",
      "AXISBANK",
      "NTPC"
    ],
    "code_findings": []
  },
  "data_context": {
    "requested_symbols": [
      "HDFCBANK",
      "BHARTIARTL",
      "SBIN",
      "TCS",
      "INFY",
      "LICI",
      "LT",
      "MARUTI",
      "HCLTECH",
      "ITC",
      "AXISBANK",
      "NTPC",
      "M&M",
      "ONGC",
      "ADANIPORTS",
      "POWERGRID",
      "COALINDIA",
      "VEDL",
      "BAJAJ-AUTO",
      "HAL",
      "ADANIENT",
      "HINDZINC",
      "WIPRO",
      "IOC",
      "HINDALCO",
      "INDIGO",
      "HYUNDAI",
      "BANKBARODA",
      "PFC",
      "UNIONBANK",
      "DLF",
      "PNB",
      "BPCL",
      "CANBK",
      "INDIANB",
      "TMPV",
      "MOTHERSON",
      "INDUSTOWER",
      "LUPIN",
      "DRREDDY",
      "HEROMOTOCO",
      "CIPLA",
      "AMBUJACEM",
      "ASHOKLEY",
      "GAIL",
      "MAZDOCK",
      "ZYDUSLIFE",
      "RECLTD",
      "OIL",
      "AUROPHARMA",
      "LODHA",
      "IDBI",
      "HINDPETRO",
      "NMDC",
      "BANKINDIA",
      "NATIONALUM",
      "GICRE",
      "FEDERALBNK",
      "ALKEM",
      "SAIL",
      "JSL",
      "SUZLON",
      "COROMANDEL",
      "MRF",
      "OBEROIRLTY",
      "JSWINFRA",
      "MAHABANK",
      "GODREJPROP",
      "PIIND",
      "AIIL",
      "IRCTC",
      "EMBASSY",
      "BALKRISIND",
      "TATACOMM",
      "MOTILALOFS",
      "PETRONET",
      "NLCINDIA",
      "HUDCO",
      "CONCOR",
      "ASTERDM",
      "ESCORTS",
      "AIAENG",
      "CENTRALBK",
      "UCOBANK",
      "GODFRYPHLP",
      "FORCEMOT",
      "KPRMILL",
      "TVSHLTD",
      "HEXT",
      "CHOLAHLDNG",
      "LICHSGFIN",
      "APOLLOTYRE",
      "KARURVYSYA",
      "ACC",
      "EXIDEIND",
      "IRB",
      "BANDHANBNK",
      "SUNTV",
      "GUJGASLTD",
      "AWL",
      "SHYAMMETL",
      "PFIZER",
      "IGL",
      "WELCORP",
      "CESC",
      "PNBHOUSING",
      "GESHIP",
      "EIHOTEL",
      "DEEPAKNTR",
      "KPITTECH",
      "CASTROLIND",
      "EMAMILTD",
      "SARDAEN",
      "GPIL",
      "CIEINDIA",
      "SUNDRMFAST",
      "NATCOPHARM",
      "CHAMBLFERT",
      "REDINGTON",
      "SYNGENE",
      "VERTIS",
      "ANANTRAJ",
      "DCMSHRIRAM",
      "VTL",
      "BRIGADE",
      "NAVA",
      "PSB",
      "AVANTIFEED",
      "RATNAMANI",
      "CROMPTON",
      "BHARATCOAL",
      "GRANULES",
      "IGIL",
      "KEC",
      "CEATLTD",
      "EIDPARRY",
      "ARE&M",
      "GSPL",
      "INOXWIND",
      "SHRIPISTON",
      "JUBLPHARMA",
      "KANSAINER",
      "TRIDENT",
      "APLLTD",
      "LTFOODS",
      "FINCABLES",
      "ZENSARTECH",
      "J&KBANK",
      "CAPLIPOINT",
      "INDIAMART",
      "TECHNOE",
      "KIRLOSBROS",
      "ALIVUS",
      "JINDALSAW",
      "JKTYRE",
      "JMFINANCIL",
      "PARADEEP",
      "GRAPHITE",
      "DEEPAKFERT",
      "CANFINHOME",
      "IRCON",
      "CONCORDBIO",
      "JWL",
      "GODREJAGRO",
      "WELSPUNLIV",
      "FINPIPE",
      "FIVESTAR",
      "SCI",
      "ENGINERSIN",
      "INDGN",
      "APTUS",
      "JPPOWER",
      "AFCONS",
      "WHIRLPOOL",
      "UJJIVANSFB",
      "BBTC",
      "SWANCORP",
      "BALRAMCHIN",
      "BSOFT",
      "ACE",
      "VESUVIUS",
      "PCBL",
      "BLS",
      "ARVIND",
      "TMB",
      "SANDUMA",
      "MGL",
      "RITES",
      "SOUTHBANK",
      "CELLO",
      "CEMPRO",
      "CYIENT",
      "RPOWER",
      "WAAREERTL",
      "ELECON",
      "AAVAS",
      "VOLTAMP",
      "STAR",
      "RKFORGE",
      "NCC",
      "MANYAVAR",
      "PGINVIT",
      "GRINFRA",
      "KTKBANK",
      "BATAINDIA",
      "TITAGARH",
      "PGHL",
      "IIFLCAPS",
      "GRWRHITECH",
      "GMRP&UI",
      "ASKAUTOLTD",
      "TIMETECHNO",
      "KAMAHOLD",
      "PNGJL",
      "BANCOINDIA",
      "SANOFI",
      "JYOTHYLAB",
      "MARKSANS",
      "SKFINDIA",
      "MAHSEAMLES",
      "JKLAKSHMI",
      "NESCO",
      "AKUMS",
      "GPPL",
      "KIRLPNU",
      "TCI",
      "BENGALASM",
      "ZEEL",
      "TRANSRAILL",
      "KRBL",
      "ISGEC",
      "PGIL",
      "IMFA",
      "SAREGAMA",
      "DBL",
      "EMBDL",
      "TIPSMUSIC",
      "PCJEWELLER",
      "SONATSOFTW",
      "REDTAPE",
      "BIRLACORPN",
      "RCF",
      "SHREMINVIT",
      "GARFIBRES",
      "NEWGEN",
      "DODLA",
      "WELENT",
      "BLUEJET",
      "CERA",
      "EPL",
      "GAEL",
      "POWERMECH",
      "GSFC",
      "CSBBANK",
      "SHAKTIPUMP",
      "MOIL",
      "KIRLFER",
      "PRAJIND",
      "JKPAPER",
      "KOVAI",
      "GNFC",
      "AARTIPHARM",
      "GALAXYSURF",
      "INDIAGLYCO",
      "INDUSINVIT",
      "FDC",
      "TANLA",
      "DCBBANK",
      "JAIBALAJI",
      "LGBBROSLTD",
      "GOKULAGRO",
      "LOTUSDEV",
      "AJAXENGG",
      "FIEMIND",
      "BALUFORGE",
      "NDRINVIT"
    ],
    "requested_symbol_count": 276,
    "loaded_symbols": [
      "HDFCBANK",
      "BHARTIARTL",
      "SBIN",
      "TCS",
      "INFY",
      "LICI",
      "LT",
      "MARUTI",
      "HCLTECH",
      "ITC",
      "AXISBANK",
      "NTPC",
      "M&M",
      "ONGC",
      "ADANIPORTS",
      "POWERGRID",
      "COALINDIA",
      "VEDL",
      "BAJAJ-AUTO",
      "HAL",
      "ADANIENT",
      "HINDZINC",
      "WIPRO",
      "IOC",
      "HINDALCO",
      "INDIGO",
      "HYUNDAI",
      "BANKBARODA",
      "PFC",
      "UNIONBANK",
      "DLF",
      "PNB",
      "BPCL",
      "CANBK",
      "INDIANB",
      "TMPV",
      "MOTHERSON",
      "INDUSTOWER",
      "LUPIN",
      "DRREDDY",
      "HEROMOTOCO",
      "ASHOKLEY",
      "GAIL",
      "MAZDOCK",
      "ZYDUSLIFE",
      "RECLTD",
      "OIL",
      "AUROPHARMA",
      "LODHA",
      "IDBI",
      "HINDPETRO",
      "NMDC",
      "BANKINDIA",
      "NATIONALUM",
      "GICRE",
      "FEDERALBNK",
      "ALKEM",
      "SAIL",
      "JSL",
      "SUZLON",
      "COROMANDEL",
      "MRF",
      "OBEROIRLTY",
      "JSWINFRA",
      "MAHABANK",
      "GODREJPROP",
      "PIIND",
      "AIIL",
      "IRCTC",
      "EMBASSY",
      "BALKRISIND",
      "TATACOMM",
      "MOTILALOFS",
      "PETRONET",
      "NLCINDIA",
      "HUDCO",
      "CONCOR",
      "ASTERDM",
      "ESCORTS",
      "AIAENG",
      "CENTRALBK",
      "UCOBANK",
      "GODFRYPHLP",
      "FORCEMOT",
      "KPRMILL",
      "TVSHLTD",
      "HEXT",
      "CHOLAHLDNG",
      "LICHSGFIN",
      "APOLLOTYRE",
      "KARURVYSYA",
      "ACC",
      "EXIDEIND",
      "IRB",
      "BANDHANBNK",
      "SUNTV",
      "GUJGASLTD",
      "AWL",
      "SHYAMMETL",
      "PFIZER",
      "WELCORP",
      "CESC",
      "PNBHOUSING",
      "GESHIP",
      "DEEPAKNTR",
      "KPITTECH",
      "CASTROLIND",
      "EMAMILTD",
      "SARDAEN",
      "GPIL",
      "CIEINDIA",
      "SUNDRMFAST",
      "NATCOPHARM",
      "CHAMBLFERT",
      "REDINGTON",
      "SYNGENE",
      "VERTIS",
      "ANANTRAJ",
      "DCMSHRIRAM",
      "VTL",
      "BRIGADE",
      "NAVA",
      "PSB",
      "AVANTIFEED",
      "RATNAMANI",
      "CROMPTON",
      "BHARATCOAL",
      "GRANULES",
      "IGIL",
      "KEC",
      "CEATLTD",
      "EIDPARRY",
      "ARE&M",
      "GSPL",
      "INOXWIND",
      "SHRIPISTON",
      "JUBLPHARMA",
      "KANSAINER",
      "TRIDENT",
      "APLLTD",
      "LTFOODS",
      "FINCABLES",
      "ZENSARTECH",
      "J&KBANK",
      "CAPLIPOINT",
      "INDIAMART",
      "TECHNOE",
      "KIRLOSBROS",
      "ALIVUS",
      "JINDALSAW",
      "JKTYRE",
      "JMFINANCIL",
      "PARADEEP",
      "GRAPHITE",
      "DEEPAKFERT",
      "CANFINHOME",
      "IRCON",
      "CONCORDBIO",
      "JWL",
      "GODREJAGRO",
      "WELSPUNLIV",
      "FINPIPE",
      "FIVESTAR",
      "SCI",
      "ENGINERSIN",
      "INDGN",
      "APTUS",
      "JPPOWER",
      "AFCONS",
      "WHIRLPOOL",
      "UJJIVANSFB",
      "BBTC",
      "SWANCORP",
      "BALRAMCHIN",
      "BSOFT",
      "ACE",
      "VESUVIUS",
      "PCBL",
      "BLS",
      "ARVIND",
      "TMB",
      "SANDUMA",
      "MGL",
      "RITES",
      "SOUTHBANK",
      "CELLO",
      "CYIENT",
      "RPOWER",
      "WAAREERTL",
      "ELECON",
      "AAVAS",
      "VOLTAMP",
      "STAR",
      "RKFORGE",
      "NCC",
      "MANYAVAR",
      "PGINVIT",
      "GRINFRA",
      "KTKBANK",
      "BATAINDIA",
      "TITAGARH",
      "PGHL",
      "IIFLCAPS",
      "GRWRHITECH",
      "GMRP&UI",
      "ASKAUTOLTD",
      "TIMETECHNO",
      "KAMAHOLD",
      "PNGJL",
      "BANCOINDIA",
      "SANOFI",
      "JYOTHYLAB",
      "MARKSANS",
      "SKFINDIA",
      "MAHSEAMLES",
      "JKLAKSHMI",
      "NESCO",
      "AKUMS",
      "GPPL",
      "KIRLPNU",
      "TCI",
      "BENGALASM",
      "ZEEL",
      "TRANSRAILL",
      "KRBL",
      "ISGEC",
      "PGIL",
      "IMFA",
      "SAREGAMA",
      "DBL",
      "EMBDL",
      "TIPSMUSIC",
      "PCJEWELLER",
      "SONATSOFTW",
      "REDTAPE",
      "BIRLACORPN",
      "RCF",
      "SHREMINVIT",
      "GARFIBRES",
      "NEWGEN",
      "DODLA",
      "WELENT",
      "BLUEJET",
      "CERA",
      "EPL",
      "GAEL",
      "POWERMECH",
      "GSFC",
      "CSBBANK",
      "SHAKTIPUMP",
      "MOIL",
      "PRAJIND",
      "JKPAPER",
      "KOVAI",
      "GNFC",
      "AARTIPHARM",
      "GALAXYSURF",
      "INDIAGLYCO",
      "INDUSINVIT",
      "FDC",
      "TANLA",
      "DCBBANK",
      "JAIBALAJI",
      "LGBBROSLTD",
      "GOKULAGRO",
      "LOTUSDEV",
      "AJAXENGG",
      "FIEMIND",
      "BALUFORGE",
      "NDRINVIT"
    ],
    "loaded_symbol_count": 270,
    "skipped_symbols": {
      "CIPLA": "too_short:123",
      "AMBUJACEM": "too_short:123",
      "IGL": "too_short:160",
      "EIHOTEL": "too_short:160",
      "CEMPRO": "too_short:147",
      "KIRLFER": "too_short:160"
    },
    "fallback_symbols": [],
    "history_period": "3y",
    "min_history_bars": 260,
    "use_approved_universe": true,
    "precache": {
      "enabled": true,
      "requested": 276,
      "cached_before": 276,
      "downloaded": 0,
      "missing_after": 0,
      "workers": 0
    }
  },
  "rnn_context": {
    "enabled": true,
    "models_built": 270,
    "symbols": {
      "HDFCBANK": {
        "samples": 721,
        "train_samples": 504,
        "test_samples": 217,
        "test_accuracy": 0.4516,
        "seq_len": 20,
        "epochs": 8,
        "buy_threshold": 0.5,
        "sell_threshold": 0.4
      },
      "BHARTIARTL": {
        "samples": 721,
        "train_samples": 504,
        "test_samples": 217,
        "test_accuracy": 0.4977,
        "seq_len": 20,
        "epochs": 8,
        "buy_threshold": 0.5,
        "sell_threshold": 0.4
      },
      "SBIN": {
        "samples": 721,
        "train_samples": 504,
        "test_samples": 217,
        "test_accuracy": 0.4562,
        "seq_len": 20,
        "epochs": 8,
        "buy_threshold": 0.5,
        "sell_threshold": 0.4
      },
      "TCS": {
        "samples": 721,
        "train_samples": 504,
        "test_samples": 217,
        "test_accuracy": 0.4562,
        "seq_len": 20,
        "epochs": 8,
        "buy_threshold": 0.5,
        "sell_threshold": 0.4
      },
      "INFY": {
        "samples": 721,
        "train_samples": 504,
        "test_samples": 217,
        "test_accuracy": 0.5115,
        "seq_len": 20,
        "epochs": 8,
        "buy_threshold": 0.5,
        "sell_threshold": 0.4
      },
      "LICI": {
        "samples": 721,
        "train_samples": 504,
        "test_samples": 217,
        "test_accuracy": 0.4516,
        "seq_len": 20,
        "epochs": 8,
        "buy_threshold": 0.5,
        "sell_threshold": 0.4
      },
      "LT": {
        "samples": 721,
        "train_samples": 504,
        "test_samples": 217,
        "test_accuracy": 0.5023,
        "seq_len": 20,
        "epochs": 8,
        "buy_threshold": 0.5,
        "sell_threshold": 0.4
      },
      "MARUTI": {
        "samples": 721,
        "train_samples": 504,
        "test_samples": 217,
        "test_accuracy": 0.4516,
        "seq_len": 20,
        "epochs": 8,
        "buy_threshold": 0.5,
        "sell_threshold": 0.4
      },
      "HCLTECH": {
        "samples": 721,
        "train_samples": 504,
        "test_samples": 217,
        "test_accuracy": 0.4931,
        "seq_len": 20,
        "epochs": 8,
        "buy_threshold": 0.5,
        "sell_threshold": 0.4
      },
      "ITC": {
        "samples": 720,
        "train_samples": 503,
        "test_samples": 217,
        "test_accuracy": 0.5023,
        "seq_len": 20,
        "epochs": 8,
        "buy_threshold": 0.5,
        "sell_threshold": 0.4
      },
      "AXISBANK": {
        "samples": 721,
        "train_samples": 504,
        "test_samples": 217,
        "test_accuracy": 0.5115,
        "seq_len": 20,
        "epochs": 8,
        "buy_threshold": 0.5,
        "sell_threshold": 0.4
      },
      "NTPC": {
        "samples": 721,
        "train_samples": 504,
        "test_samples": 217,
        "test_accuracy": 0.4516,
        "seq_len": 20,
        "epochs": 8,
        "buy_threshold": 0.5,
        "sell_threshold": 0.4
      },
      "M&M": {
        "samples": 721,
        "train_samples": 504,
        "test_samples": 217,
        "test_accuracy": 0.4516,
        "seq_len": 20,
        "epochs": 8,
        "buy_threshold": 0.5,
        "sell_threshold": 0.4
      },
      "ONGC": {
        "samples": 721,
        "train_samples": 504,
        "test_samples": 217,
        "test_accuracy": 0.4931,
        "seq_len": 20,
        "epochs": 8,
        "buy_threshold": 0.5,
        "sell_threshold": 0.4
      },
      "ADANIPORTS": {
        "samples": 721,
        "train_samples": 504,
        "test_samples": 217,
        "test_accuracy": 0.5622,
        "seq_len": 20,
        "epochs": 8,
        "buy_threshold": 0.5,
        "sell_threshold": 0.4
      },
      "POWERGRID": {
        "samples": 721,
        "train_samples": 504,
        "test_samples": 217,
        "test_accuracy": 0.4516,
        "seq_len": 20,
        "epochs": 8,
        "buy_threshold": 0.5,
        "sell_threshold": 0.4
      },
      "COALINDIA": {
        "samples": 721,
        "train_samples": 504,
        "test_samples": 217,
        "test_accuracy": 0.47,
        "seq_len": 20,
        "epochs": 8,
        "buy_threshold": 0.5,
        "sell_threshold": 0.4
      },
      "VEDL": {
        "samples": 721,
        "train_samples": 504,
        "test_samples": 217,
        "test_accuracy": 0.4516,
        "seq_len": 20,
        "epochs": 8,
        "buy_threshold": 0.5,
        "sell_threshold": 0.4
      },
      "BAJAJ-AUTO": {
        "samples": 721,
        "train_samples": 504,
        "test_samples": 217,
        "test_accuracy": 0.5346,
        "seq_len": 20,
        "epochs": 8,
        "buy_threshold": 0.5,
        "sell_threshold": 0.4
      },
      "HAL": {
        "samples": 721,
        "train_samples": 504,
        "test_samples": 217,
        "test_accuracy": 0.4793,
        "seq_len": 20,
        "epochs": 8,
        "buy_threshold": 0.5,
        "sell_threshold": 0.4
      },
      "ADANIENT": {
        "samples": 721,
        "train_samples": 504,
        "test_samples": 217,
        "test_accuracy": 0.4516,
        "seq_len": 20,
        "epochs": 8,
        "buy_threshold": 0.5,
        "sell_threshold": 0.4
      },
      "HINDZINC": {
        "samples": 721,
        "train_samples": 504,
        "test_samples": 217,
        "test_accuracy": 0.4516,
        "seq_len": 20,
        "epochs": 8,
        "buy_threshold": 0.5,
        "sell_threshold": 0.4
      },
      "WIPRO": {
        "samples": 721,
        "train_samples": 504,
        "test_samples": 217,
        "test_accuracy": 0.5714,
        "seq_len": 20,
        "epochs": 8,
        "buy_threshold": 0.5,
        "sell_threshold": 0.4
      },
      "IOC": {
        "samples": 721,
        "train_samples": 504,
        "test_samples": 217,
        "test_accuracy": 0.5714,
        "seq_len": 20,
        "epochs": 8,
        "buy_threshold": 0.5,
        "sell_threshold": 0.4
      },
      "HINDALCO": {
        "samples": 721,
        "train_samples": 504,
        "test_samples": 217,
        "test_accuracy": 0.4516,
        "seq_len": 20,
        "epochs": 8,
        "buy_threshold": 0.5,
        "sell_threshold": 0.4
      },
      "INDIGO": {
        "samples": 721,
        "train_samples": 504,
        "test_samples": 217,
        "test_accuracy": 0.4516,
        "seq_len": 20,
        "epochs": 8,
        "buy_threshold": 0.5,
        "sell_threshold": 0.4
      },
      "HYUNDAI": {
        "samples": 721,
        "train_samples": 504,
        "test_samples": 217,
        "test_accuracy": 0.5115,
        "seq_len": 20,
        "epochs": 8,
        "buy_threshold": 0.5,
        "sell_threshold": 0.4
      },
      "BANKBARODA": {
        "samples": 721,
        "train_samples": 504,
        "test_samples": 217,
        "test_accuracy": 0.5115,
        "seq_len": 20,
        "epochs": 8,
        "buy_threshold": 0.5,
        "sell_threshold": 0.4
      },
      "PFC": {
        "samples": 721,
        "train_samples": 504,
        "test_samples": 217,
        "test_accuracy": 0.4194,
        "seq_len": 20,
        "epochs": 8,
        "buy_threshold": 0.5,
        "sell_threshold": 0.4
      },
      "UNIONBANK": {
        "samples": 347,
        "train_samples": 242,
        "test_samples": 105,
        "test_accuracy": 0.4762,
        "seq_len": 20,
        "epochs": 8,
        "buy_threshold": 0.5,
        "sell_threshold": 0.4
      },
      "DLF": {
        "samples": 347,
        "train_samples": 242,
        "test_samples": 105,
        "test_accuracy": 0.4762,
        "seq_len": 20,
        "epochs": 8,
        "buy_threshold": 0.5,
        "sell_threshold": 0.4
      },
      "PNB": {
        "samples": 721,
        "train_samples": 504,
        "test_samples": 217,
        "test_accuracy": 0.4516,
        "seq_len": 20,
        "epochs": 8,
        "buy_threshold": 0.5,
        "sell_threshold": 0.4
      },
      "BPCL": {
        "samples": 721,
        "train_samples": 504,
        "test_samples": 217,
        "test_accuracy": 0.4885,
        "seq_len": 20,
        "epochs": 8,
        "buy_threshold": 0.5,
        "sell_threshold": 0.4
      },
      "CANBK": {
        "samples": 721,
        "train_samples": 504,
        "test_samples": 217,
        "test_accuracy": 0.5253,
        "seq_len": 20,
        "epochs": 8,
        "buy_threshold": 0.5,
        "sell_threshold": 0.4
      },
      "INDIANB": {
        "samples": 721,
        "train_samples": 504,
        "test_samples": 217,
        "test_accuracy": 0.5346,
        "seq_len": 20,
        "epochs": 8,
        "buy_threshold": 0.5,
        "sell_threshold": 0.4
      },
      "TMPV": {
        "samples": 721,
        "train_samples": 504,
        "test_samples": 217,
        "test_accuracy": 0.47,
        "seq_len": 20,
        "epochs": 8,
        "buy_threshold": 0.5,
        "sell_threshold": 0.4
      },
      "MOTHERSON": {
        "samples": 721,
        "train_samples": 504,
        "test_samples": 217,
        "test_accuracy": 0.4931,
        "seq_len": 20,
        "epochs": 8,
        "buy_threshold": 0.5,
        "sell_threshold": 0.4
      },
      "INDUSTOWER": {
        "samples": 721,
        "train_samples": 504,
        "test_samples": 217,
        "test_accuracy": 0.5346,
        "seq_len": 20,
        "epochs": 8,
        "buy_threshold": 0.5,
        "sell_threshold": 0.4
      },
      "LUPIN": {
        "samples": 721,
        "train_samples": 504,
        "test_samples": 217,
        "test_accuracy": 0.5346,
        "seq_len": 20,
        "epochs": 8,
        "buy_threshold": 0.5,
        "sell_threshold": 0.4
      },
      "DRREDDY": {
        "samples": 721,
        "train_samples": 504,
        "test_samples": 217,
        "test_accuracy": 0.47,
        "seq_len": 20,
        "epochs": 8,
        "buy_threshold": 0.5,
        "sell_threshold": 0.4
      },
      "HEROMOTOCO": {
        "samples": 721,
        "train_samples": 504,
        "test_samples": 217,
        "test_accuracy": 0.4931,
        "seq_len": 20,
        "epochs": 8,
        "buy_threshold": 0.5,
        "sell_threshold": 0.4
      },
      "ASHOKLEY": {
        "samples": 721,
        "train_samples": 504,
        "test_samples": 217,
        "test_accuracy": 0.5714,
        "seq_len": 20,
        "epochs": 8,
        "buy_threshold": 0.5,
        "sell_threshold": 0.4
      },
      "GAIL": {
        "samples": 721,
        "train_samples": 504,
        "test_samples": 217,
        "test_accuracy": 0.47,
        "seq_len": 20,
        "epochs": 8,
        "buy_threshold": 0.5,
        "sell_threshold": 0.4
      },
      "MAZDOCK": {
        "samples": 721,
        "train_samples": 504,
        "test_samples": 217,
        "test_accuracy": 0.47,
        "seq_len": 20,
        "epochs": 8,
        "buy_threshold": 0.5,
        "sell_threshold": 0.4
      },
      "ZYDUSLIFE": {
        "samples": 721,
        "train_samples": 504,
        "test_samples": 217,
        "test_accuracy": 0.4286,
        "seq_len": 20,
        "epochs": 8,
        "buy_threshold": 0.5,
        "sell_threshold": 0.4
      },
      "RECLTD": {
        "samples": 721,
        "train_samples": 504,
        "test_samples": 217,
        "test_accuracy": 0.47,
        "seq_len": 20,
        "epochs": 8,
        "buy_threshold": 0.5,
        "sell_threshold": 0.4
      },
      "OIL": {
        "samples": 721,
        "train_samples": 504,
        "test_samples": 217,
        "test_accuracy": 0.47,
        "seq_len": 20,
        "epochs": 8,
        "buy_threshold": 0.5,
        "sell_threshold": 0.4
      },
      "AUROPHARMA": {
        "samples": 721,
        "train_samples": 504,
        "test_samples": 217,
        "test_accuracy": 0.4562,
        "seq_len": 20,
        "epochs": 8,
        "buy_threshold": 0.5,
        "sell_threshold": 0.4
      },
      "LODHA": {
        "samples": 721,
        "train_samples": 504,
        "test_samples": 217,
        "test_accuracy": 0.4931,
        "seq_len": 20,
        "epochs": 8,
        "buy_threshold": 0.5,
        "sell_threshold": 0.4
      },
      "IDBI": {
        "samples": 721,
        "train_samples": 504,
        "test_samples": 217,
        "test_accuracy": 0.4931,
        "seq_len": 20,
        "epochs": 8,
        "buy_threshold": 0.5,
        "sell_threshold": 0.4
      },
      "HINDPETRO": {
        "samples": 721,
        "train_samples": 504,
        "test_samples": 217,
        "test_accuracy": 0.4931,
        "seq_len": 20,
        "epochs": 8,
        "buy_threshold": 0.5,
        "sell_threshold": 0.4
      },
      "NMDC": {
        "samples": 721,
        "train_samples": 504,
        "test_samples": 217,
        "test_accuracy": 0.4931,
        "seq_len": 20,
        "epochs": 8,
        "buy_threshold": 0.5,
        "sell_threshold": 0.4
      },
      "BANKINDIA": {
        "samples": 721,
        "train_samples": 504,
        "test_samples": 217,
        "test_accuracy": 0.5253,
        "seq_len": 20,
        "epochs": 8,
        "buy_threshold": 0.5,
        "sell_threshold": 0.4
      },
      "NATIONALUM": {
        "samples": 721,
        "train_samples": 504,
        "test_samples": 217,
        "test_accuracy": 0.4931,
        "seq_len": 20,
        "epochs": 8,
        "buy_threshold": 0.5,
        "sell_threshold": 0.4
      },
      "GICRE": {
        "samples": 721,
        "train_samples": 504,
        "test_samples": 217,
        "test_accuracy": 0.4931,
        "seq_len": 20,
        "epochs": 8,
        "buy_threshold": 0.5,
        "sell_threshold": 0.4
      },
      "FEDERALBNK": {
        "samples": 721,
        "train_samples": 504,
        "test_samples": 217,
        "test_accuracy": 0.5253,
        "seq_len": 20,
        "epochs": 8,
        "buy_threshold": 0.5,
        "sell_threshold": 0.4
      },
      "ALKEM": {
        "samples": 721,
        "train_samples": 504,
        "test_samples": 217,
        "test_accuracy": 0.4931,
        "seq_len": 20,
        "epochs": 8,
        "buy_threshold": 0.5,
        "sell_threshold": 0.4
      },
      "SAIL": {
        "samples": 721,
        "train_samples": 504,
        "test_samples": 217,
        "test_accuracy": 0.4931,
        "seq_len": 20,
        "epochs": 8,
        "buy_threshold": 0.5,
        "sell_threshold": 0.4
      },
      "JSL": {
        "samples": 721,
        "train_samples": 504,
        "test_samples": 217,
        "test_accuracy": 0.4977,
        "seq_len": 20,
        "epochs": 8,
        "buy_threshold": 0.5,
        "sell_threshold": 0.4
      },
      "SUZLON": {
        "samples": 721,
        "train_samples": 504,
        "test_samples": 217,
        "test_accuracy": 0.5253,
        "seq_len": 20,
        "epochs": 8,
        "buy_threshold": 0.5,
        "sell_threshold": 0.4
      },
      "COROMANDEL": {
        "samples": 721,
        "train_samples": 504,
        "test_samples": 217,
        "test_accuracy": 0.5253,
        "seq_len": 20,
        "epochs": 8,
        "buy_threshold": 0.5,
        "sell_threshold": 0.4
      },
      "MRF": {
        "samples": 721,
        "train_samples": 504,
        "test_samples": 217,
        "test_accuracy": 0.4977,
        "seq_len": 20,
        "epochs": 8,
        "buy_threshold": 0.5,
        "sell_threshold": 0.4
      },
      "OBEROIRLTY": {
        "samples": 721,
        "train_samples": 504,
        "test_samples": 217,
        "test_accuracy": 0.5253,
        "seq_len": 20,
        "epochs": 8,
        "buy_threshold": 0.5,
        "sell_threshold": 0.4
      },
      "JSWINFRA": {
        "samples": 721,
        "train_samples": 504,
        "test_samples": 217,
        "test_accuracy": 0.4977,
        "seq_len": 20,
        "epochs": 8,
        "buy_threshold": 0.5,
        "sell_threshold": 0.4
      },
      "MAHABANK": {
        "samples": 721,
        "train_samples": 504,
        "test_samples": 217,
        "test_accuracy": 0.5253,
        "seq_len": 20,
        "epochs": 8,
        "buy_threshold": 0.5,
        "sell_threshold": 0.4
      },
      "GODREJPROP": {
        "samples": 721,
        "train_samples": 504,
        "test_samples": 217,
        "test_accuracy": 0.5253,
        "seq_len": 20,
        "epochs": 8,
        "buy_threshold": 0.5,
        "sell_threshold": 0.4
      },
      "PIIND": {
        "samples": 721,
        "train_samples": 504,
        "test_samples": 217,
        "test_accuracy": 0.5253,
        "seq_len": 20,
        "epochs": 8,
        "buy_threshold": 0.5,
        "sell_threshold": 0.4
      },
      "AIIL": {
        "samples": 721,
        "train_samples": 504,
        "test_samples": 217,
        "test_accuracy": 0.5253,
        "seq_len": 20,
        "epochs": 8,
        "buy_threshold": 0.5,
        "sell_threshold": 0.4
      },
      "IRCTC": {
        "samples": 721,
        "train_samples": 504,
        "test_samples": 217,
        "test_accuracy": 0.5253,
        "seq_len": 20,
        "epochs": 8,
        "buy_threshold": 0.5,
        "sell_threshold": 0.4
      },
      "EMBASSY": {
        "samples": 721,
        "train_samples": 504,
        "test_samples": 217,
        "test_accuracy": 0.5253,
        "seq_len": 20,
        "epochs": 8,
        "buy_threshold": 0.5,
        "sell_threshold": 0.4
      },
      "BALKRISIND": {
        "samples": 721,
        "train_samples": 504,
        "test_samples": 217,
        "test_accuracy": 0.5115,
        "seq_len": 20,
        "epochs": 8,
        "buy_threshold": 0.5,
        "sell_threshold": 0.4
      },
      "TATACOMM": {
        "samples": 721,
        "train_samples": 504,
        "test_samples": 217,
        "test_accuracy": 0.5207,
        "seq_len": 20,
        "epochs": 8,
        "buy_threshold": 0.5,
        "sell_threshold": 0.4
      },
      "MOTILALOFS": {
        "samples": 419,
        "train_samples": 293,
        "test_samples": 126,
        "test_accuracy": 0.4286,
        "seq_len": 20,
        "epochs": 8,
        "buy_threshold": 0.5,
        "sell_threshold": 0.4
      },
      "PETRONET": {
        "samples": 721,
        "train_samples": 504,
        "test_samples": 217,
        "test_accuracy": 0.553,
        "seq_len": 20,
        "epochs": 8,
        "buy_threshold": 0.5,
        "sell_threshold": 0.4
      },
      "NLCINDIA": {
        "samples": 721,
        "train_samples": 504,
        "test_samples": 217,
        "test_accuracy": 0.5023,
        "seq_len": 20,
        "epochs": 8,
        "buy_threshold": 0.5,
        "sell_threshold": 0.4
      },
      "HUDCO": {
        "samples": 721,
        "train_samples": 504,
        "test_samples": 217,
        "test_accuracy": 0.553,
        "seq_len": 20,
        "epochs": 8,
        "buy_threshold": 0.5,
        "sell_threshold": 0.4
      },
      "CONCOR": {
        "samples": 721,
        "train_samples": 504,
        "test_samples": 217,
        "test_accuracy": 0.5115,
        "seq_len": 20,
        "epochs": 8,
        "buy_threshold": 0.5,
        "sell_threshold": 0.4
      },
      "ASTERDM": {
        "samples": 721,
        "train_samples": 504,
        "test_samples": 217,
        "test_accuracy": 0.553,
        "seq_len": 20,
        "epochs": 8,
        "buy_threshold": 0.5,
        "sell_threshold": 0.4
      },
      "ESCORTS": {
        "samples": 721,
        "train_samples": 504,
        "test_samples": 217,
        "test_accuracy": 0.5253,
        "seq_len": 20,
        "epochs": 8,
        "buy_threshold": 0.5,
        "sell_threshold": 0.4
      },
      "AIAENG": {
        "samples": 721,
        "train_samples": 504,
        "test_samples": 217,
        "test_accuracy": 0.5253,
        "seq_len": 20,
        "epochs": 8,
        "buy_threshold": 0.5,
        "sell_threshold": 0.4
      },
      "CENTRALBK": {
        "samples": 721,
        "train_samples": 504,
        "test_samples": 217,
        "test_accuracy": 0.553,
        "seq_len": 20,
        "epochs": 8,
        "buy_threshold": 0.5,
        "sell_threshold": 0.4
      },
      "UCOBANK": {
        "samples": 721,
        "train_samples": 504,
        "test_samples": 217,
        "test_accuracy": 0.553,
        "seq_len": 20,
        "epochs": 8,
        "buy_threshold": 0.5,
        "sell_threshold": 0.4
      },
      "GODFRYPHLP": {
        "samples": 721,
        "train_samples": 504,
        "test_samples": 217,
        "test_accuracy": 0.5115,
        "seq_len": 20,
        "epochs": 8,
        "buy_threshold": 0.5,
        "sell_threshold": 0.4
      },
      "FORCEMOT": {
        "samples": 721,
        "train_samples": 504,
        "test_samples": 217,
        "test_accuracy": 0.447,
        "seq_len": 20,
        "epochs": 8,
        "buy_threshold": 0.5,
        "sell_threshold": 0.4
      },
      "KPRMILL": {
        "samples": 721,
        "train_samples": 504,
        "test_samples": 217,
        "test_accuracy": 0.447,
        "seq_len": 20,
        "epochs": 8,
        "buy_threshold": 0.5,
        "sell_threshold": 0.4
      },
      "TVSHLTD": {
        "samples": 721,
        "train_samples": 504,
        "test_samples": 217,
        "test_accuracy": 0.5253,
        "seq_len": 20,
        "epochs": 8,
        "buy_threshold": 0.5,
        "sell_threshold": 0.4
      },
      "HEXT": {
        "samples": 721,
        "train_samples": 504,
        "test_samples": 217,
        "test_accuracy": 0.5253,
        "seq_len": 20,
        "epochs": 8,
        "buy_threshold": 0.5,
        "sell_threshold": 0.4
      },
      "CHOLAHLDNG": {
        "samples": 721,
        "train_samples": 504,
        "test_samples": 217,
        "test_accuracy": 0.5115,
        "seq_len": 20,
        "epochs": 8,
        "buy_threshold": 0.5,
        "sell_threshold": 0.4
      },
      "LICHSGFIN": {
        "samples": 721,
        "train_samples": 504,
        "test_samples": 217,
        "test_accuracy": 0.5253,
        "seq_len": 20,
        "epochs": 8,
        "buy_threshold": 0.5,
        "sell_threshold": 0.4
      },
      "APOLLOTYRE": {
        "samples": 721,
        "train_samples": 504,
        "test_samples": 217,
        "test_accuracy": 0.447,
        "seq_len": 20,
        "epochs": 8,
        "buy_threshold": 0.5,
        "sell_threshold": 0.4
      },
      "KARURVYSYA": {
        "samples": 721,
        "train_samples": 504,
        "test_samples": 217,
        "test_accuracy": 0.5253,
        "seq_len": 20,
        "epochs": 8,
        "buy_threshold": 0.5,
        "sell_threshold": 0.4
      },
      "ACC": {
        "samples": 721,
        "train_samples": 504,
        "test_samples": 217,
        "test_accuracy": 0.5253,
        "seq_len": 20,
        "epochs": 8,
        "buy_threshold": 0.5,
        "sell_threshold": 0.4
      },
      "EXIDEIND": {
        "samples": 721,
        "train_samples": 504,
        "test_samples": 217,
        "test_accuracy": 0.447,
        "seq_len": 20,
        "epochs": 8,
        "buy_threshold": 0.5,
        "sell_threshold": 0.4
      },
      "IRB": {
        "samples": 721,
        "train_samples": 504,
        "test_samples": 217,
        "test_accuracy": 0.5161,
        "seq_len": 20,
        "epochs": 8,
        "buy_threshold": 0.5,
        "sell_threshold": 0.4
      },
      "BANDHANBNK": {
        "samples": 721,
        "train_samples": 504,
        "test_samples": 217,
        "test_accuracy": 0.5253,
        "seq_len": 20,
        "epochs": 8,
        "buy_threshold": 0.5,
        "sell_threshold": 0.4
      },
      "SUNTV": {
        "samples": 721,
        "train_samples": 504,
        "test_samples": 217,
        "test_accuracy": 0.5253,
        "seq_len": 20,
        "epochs": 8,
        "buy_threshold": 0.5,
        "sell_threshold": 0.4
      },
      "GUJGASLTD": {
        "samples": 721,
        "train_samples": 504,
        "test_samples": 217,
        "test_accuracy": 0.5253,
        "seq_len": 20,
        "epochs": 8,
        "buy_threshold": 0.5,
        "sell_threshold": 0.4
      },
      "AWL": {
        "samples": 721,
        "train_samples": 504,
        "test_samples": 217,
        "test_accuracy": 0.5253,
        "seq_len": 20,
        "epochs": 8,
        "buy_threshold": 0.5,
        "sell_threshold": 0.4
      },
      "SHYAMMETL": {
        "samples": 721,
        "train_samples": 504,
        "test_samples": 217,
        "test_accuracy": 0.5253,
        "seq_len": 20,
        "epochs": 8,
        "buy_threshold": 0.5,
        "sell_threshold": 0.4
      },
      "PFIZER": {
        "samples": 721,
        "train_samples": 504,
        "test_samples": 217,
        "test_accuracy": 0.4793,
        "seq_len": 20,
        "epochs": 8,
        "buy_threshold": 0.5,
        "sell_threshold": 0.4
      },
      "WELCORP": {
        "samples": 721,
        "train_samples": 504,
        "test_samples": 217,
        "test_accuracy": 0.4793,
        "seq_len": 20,
        "epochs": 8,
        "buy_threshold": 0.5,
        "sell_threshold": 0.4
      },
      "CESC": {
        "samples": 721,
        "train_samples": 504,
        "test_samples": 217,
        "test_accuracy": 0.447,
        "seq_len": 20,
        "epochs": 8,
        "buy_threshold": 0.5,
        "sell_threshold": 0.4
      },
      "PNBHOUSING": {
        "samples": 721,
        "train_samples": 504,
        "test_samples": 217,
        "test_accuracy": 0.5853,
        "seq_len": 20,
        "epochs": 8,
        "buy_threshold": 0.5,
        "sell_threshold": 0.4
      },
      "GESHIP": {
        "samples": 721,
        "train_samples": 504,
        "test_samples": 217,
        "test_accuracy": 0.5853,
        "seq_len": 20,
        "epochs": 8,
        "buy_threshold": 0.5,
        "sell_threshold": 0.4
      },
      "DEEPAKNTR": {
        "samples": 721,
        "train_samples": 504,
        "test_samples": 217,
        "test_accuracy": 0.5853,
        "seq_len": 20,
        "epochs": 8,
        "buy_threshold": 0.5,
        "sell_threshold": 0.4
      },
      "KPITTECH": {
        "samples": 721,
        "train_samples": 504,
        "test_samples": 217,
        "test_accuracy": 0.4793,
        "seq_len": 20,
        "epochs": 8,
        "buy_threshold": 0.5,
        "sell_threshold": 0.4
      },
      "CASTROLIND": {
        "samples": 721,
        "train_samples": 504,
        "test_samples": 217,
        "test_accuracy": 0.4793,
        "seq_len": 20,
        "epochs": 8,
        "buy_threshold": 0.5,
        "sell_threshold": 0.4
      },
      "EMAMILTD": {
        "samples": 721,
        "train_samples": 504,
        "test_samples": 217,
        "test_accuracy": 0.5115,
        "seq_len": 20,
        "epochs": 8,
        "buy_threshold": 0.5,
        "sell_threshold": 0.4
      },
      "SARDAEN": {
        "samples": 721,
        "train_samples": 504,
        "test_samples": 217,
        "test_accuracy": 0.5115,
        "seq_len": 20,
        "epochs": 8,
        "buy_threshold": 0.5,
        "sell_threshold": 0.4
      },
      "GPIL": {
        "samples": 721,
        "train_samples": 504,
        "test_samples": 217,
        "test_accuracy": 0.5115,
        "seq_len": 20,
        "epochs": 8,
        "buy_threshold": 0.5,
        "sell_threshold": 0.4
      },
      "CIEINDIA": {
        "samples": 721,
        "train_samples": 504,
        "test_samples": 217,
        "test_accuracy": 0.4793,
        "seq_len": 20,
        "epochs": 8,
        "buy_threshold": 0.5,
        "sell_threshold": 0.4
      },
      "SUNDRMFAST": {
        "samples": 721,
        "train_samples": 504,
        "test_samples": 217,
        "test_accuracy": 0.4793,
        "seq_len": 20,
        "epochs": 8,
        "buy_threshold": 0.5,
        "sell_threshold": 0.4
      },
      "NATCOPHARM": {
        "samples": 721,
        "train_samples": 504,
        "test_samples": 217,
        "test_accuracy": 0.4793,
        "seq_len": 20,
        "epochs": 8,
        "buy_threshold": 0.5,
        "sell_threshold": 0.4
      },
      "CHAMBLFERT": {
        "samples": 721,
        "train_samples": 504,
        "test_samples": 217,
        "test_accuracy": 0.4793,
        "seq_len": 20,
        "epochs": 8,
        "buy_threshold": 0.5,
        "sell_threshold": 0.4
      },
      "REDINGTON": {
        "samples": 721,
        "train_samples": 504,
        "test_samples": 217,
        "test_accuracy": 0.4793,
        "seq_len": 20,
        "epochs": 8,
        "buy_threshold": 0.5,
        "sell_threshold": 0.4
      },
      "SYNGENE": {
        "samples": 721,
        "train_samples": 504,
        "test_samples": 217,
        "test_accuracy": 0.4793,
        "seq_len": 20,
        "epochs": 8,
        "buy_threshold": 0.5,
        "sell_threshold": 0.4
      },
      "VERTIS": {
        "samples": 721,
        "train_samples": 504,
        "test_samples": 217,
        "test_accuracy": 0.4793,
        "seq_len": 20,
        "epochs": 8,
        "buy_threshold": 0.5,
        "sell_threshold": 0.4
      },
      "ANANTRAJ": {
        "samples": 721,
        "train_samples": 504,
        "test_samples": 217,
        "test_accuracy": 0.4793,
        "seq_len": 20,
        "epochs": 8,
        "buy_threshold": 0.5,
        "sell_threshold": 0.4
      },
      "DCMSHRIRAM": {
        "samples": 721,
        "train_samples": 504,
        "test_samples": 217,
        "test_accuracy": 0.47,
        "seq_len": 20,
        "epochs": 8,
        "buy_threshold": 0.5,
        "sell_threshold": 0.4
      },
      "VTL": {
        "samples": 720,
        "train_samples": 503,
        "test_samples": 217,
        "test_accuracy": 0.5069,
        "seq_len": 20,
        "epochs": 8,
        "buy_threshold": 0.5,
        "sell_threshold": 0.4
      },
      "BRIGADE": {
        "samples": 720,
        "train_samples": 503,
        "test_samples": 217,
        "test_accuracy": 0.5069,
        "seq_len": 20,
        "epochs": 8,
        "buy_threshold": 0.5,
        "sell_threshold": 0.4
      },
      "NAVA": {
        "samples": 720,
        "train_samples": 503,
        "test_samples": 217,
        "test_accuracy": 0.5069,
        "seq_len": 20,
        "epochs": 8,
        "buy_threshold": 0.5,
        "sell_threshold": 0.4
      },
      "PSB": {
        "samples": 721,
        "train_samples": 504,
        "test_samples": 217,
        "test_accuracy": 0.5115,
        "seq_len": 20,
        "epochs": 8,
        "buy_threshold": 0.5,
        "sell_threshold": 0.4
      },
      "AVANTIFEED": {
        "samples": 720,
        "train_samples": 503,
        "test_samples": 217,
        "test_accuracy": 0.5069,
        "seq_len": 20,
        "epochs": 8,
        "buy_threshold": 0.5,
        "sell_threshold": 0.4
      },
      "RATNAMANI": {
        "samples": 721,
        "train_samples": 504,
        "test_samples": 217,
        "test_accuracy": 0.5115,
        "seq_len": 20,
        "epochs": 8,
        "buy_threshold": 0.5,
        "sell_threshold": 0.4
      },
      "CROMPTON": {
        "samples": 721,
        "train_samples": 504,
        "test_samples": 217,
        "test_accuracy": 0.4839,
        "seq_len": 20,
        "epochs": 8,
        "buy_threshold": 0.5,
        "sell_threshold": 0.4
      },
      "BHARATCOAL": {
        "samples": 721,
        "train_samples": 504,
        "test_samples": 217,
        "test_accuracy": 0.4516,
        "seq_len": 20,
        "epochs": 8,
        "buy_threshold": 0.5,
        "sell_threshold": 0.4
      },
      "GRANULES": {
        "samples": 721,
        "train_samples": 504,
        "test_samples": 217,
        "test_accuracy": 0.5115,
        "seq_len": 20,
        "epochs": 8,
        "buy_threshold": 0.5,
        "sell_threshold": 0.4
      },
      "IGIL": {
        "samples": 721,
        "train_samples": 504,
        "test_samples": 217,
        "test_accuracy": 0.5115,
        "seq_len": 20,
        "epochs": 8,
        "buy_threshold": 0.5,
        "sell_threshold": 0.4
      },
      "KEC": {
        "samples": 721,
        "train_samples": 504,
        "test_samples": 217,
        "test_accuracy": 0.5115,
        "seq_len": 20,
        "epochs": 8,
        "buy_threshold": 0.5,
        "sell_threshold": 0.4
      },
      "CEATLTD": {
        "samples": 721,
        "train_samples": 504,
        "test_samples": 217,
        "test_accuracy": 0.4839,
        "seq_len": 20,
        "epochs": 8,
        "buy_threshold": 0.5,
        "sell_threshold": 0.4
      },
      "EIDPARRY": {
        "samples": 720,
        "train_samples": 503,
        "test_samples": 217,
        "test_accuracy": 0.5069,
        "seq_len": 20,
        "epochs": 8,
        "buy_threshold": 0.5,
        "sell_threshold": 0.4
      },
      "ARE&M": {
        "samples": 721,
        "train_samples": 504,
        "test_samples": 217,
        "test_accuracy": 0.4562,
        "seq_len": 20,
        "epochs": 8,
        "buy_threshold": 0.5,
        "sell_threshold": 0.4
      },
      "GSPL": {
        "samples": 720,
        "train_samples": 503,
        "test_samples": 217,
        "test_accuracy": 0.5069,
        "seq_len": 20,
        "epochs": 8,
        "buy_threshold": 0.5,
        "sell_threshold": 0.4
      },
      "INOXWIND": {
        "samples": 720,
        "train_samples": 503,
        "test_samples": 217,
        "test_accuracy": 0.5069,
        "seq_len": 20,
        "epochs": 8,
        "buy_threshold": 0.5,
        "sell_threshold": 0.4
      },
      "SHRIPISTON": {
        "samples": 720,
        "train_samples": 503,
        "test_samples": 217,
        "test_accuracy": 0.5069,
        "seq_len": 20,
        "epochs": 8,
        "buy_threshold": 0.5,
        "sell_threshold": 0.4
      },
      "JUBLPHARMA": {
        "samples": 720,
        "train_samples": 503,
        "test_samples": 217,
        "test_accuracy": 0.5069,
        "seq_len": 20,
        "epochs": 8,
        "buy_threshold": 0.5,
        "sell_threshold": 0.4
      },
      "KANSAINER": {
        "samples": 720,
        "train_samples": 503,
        "test_samples": 217,
        "test_accuracy": 0.5069,
        "seq_len": 20,
        "epochs": 8,
        "buy_threshold": 0.5,
        "sell_threshold": 0.4
      },
      "TRIDENT": {
        "samples": 721,
        "train_samples": 504,
        "test_samples": 217,
        "test_accuracy": 0.47,
        "seq_len": 20,
        "epochs": 8,
        "buy_threshold": 0.5,
        "sell_threshold": 0.4
      },
      "APLLTD": {
        "samples": 721,
        "train_samples": 504,
        "test_samples": 217,
        "test_accuracy": 0.47,
        "seq_len": 20,
        "epochs": 8,
        "buy_threshold": 0.5,
        "sell_threshold": 0.4
      },
      "LTFOODS": {
        "samples": 721,
        "train_samples": 504,
        "test_samples": 217,
        "test_accuracy": 0.47,
        "seq_len": 20,
        "epochs": 8,
        "buy_threshold": 0.5,
        "sell_threshold": 0.4
      },
      "FINCABLES": {
        "samples": 721,
        "train_samples": 504,
        "test_samples": 217,
        "test_accuracy": 0.47,
        "seq_len": 20,
        "epochs": 8,
        "buy_threshold": 0.5,
        "sell_threshold": 0.4
      },
      "ZENSARTECH": {
        "samples": 721,
        "train_samples": 504,
        "test_samples": 217,
        "test_accuracy": 0.47,
        "seq_len": 20,
        "epochs": 8,
        "buy_threshold": 0.5,
        "sell_threshold": 0.4
      },
      "J&KBANK": {
        "samples": 721,
        "train_samples": 504,
        "test_samples": 217,
        "test_accuracy": 0.47,
        "seq_len": 20,
        "epochs": 8,
        "buy_threshold": 0.5,
        "sell_threshold": 0.4
      },
      "CAPLIPOINT": {
        "samples": 721,
        "train_samples": 504,
        "test_samples": 217,
        "test_accuracy": 0.47,
        "seq_len": 20,
        "epochs": 8,
        "buy_threshold": 0.5,
        "sell_threshold": 0.4
      },
      "INDIAMART": {
        "samples": 721,
        "train_samples": 504,
        "test_samples": 217,
        "test_accuracy": 0.47,
        "seq_len": 20,
        "epochs": 8,
        "buy_threshold": 0.5,
        "sell_threshold": 0.4
      },
      "TECHNOE": {
        "samples": 721,
        "train_samples": 504,
        "test_samples": 217,
        "test_accuracy": 0.47,
        "seq_len": 20,
        "epochs": 8,
        "buy_threshold": 0.5,
        "sell_threshold": 0.4
      },
      "KIRLOSBROS": {
        "samples": 721,
        "train_samples": 504,
        "test_samples": 217,
        "test_accuracy": 0.47,
        "seq_len": 20,
        "epochs": 8,
        "buy_threshold": 0.5,
        "sell_threshold": 0.4
      },
      "ALIVUS": {
        "samples": 721,
        "train_samples": 504,
        "test_samples": 217,
        "test_accuracy": 0.47,
        "seq_len": 20,
        "epochs": 8,
        "buy_threshold": 0.5,
        "sell_threshold": 0.4
      },
      "JINDALSAW": {
        "samples": 721,
        "train_samples": 504,
        "test_samples": 217,
        "test_accuracy": 0.4516,
        "seq_len": 20,
        "epochs": 8,
        "buy_threshold": 0.5,
        "sell_threshold": 0.4
      },
      "JKTYRE": {
        "samples": 721,
        "train_samples": 504,
        "test_samples": 217,
        "test_accuracy": 0.4839,
        "seq_len": 20,
        "epochs": 8,
        "buy_threshold": 0.5,
        "sell_threshold": 0.4
      },
      "JMFINANCIL": {
        "samples": 721,
        "train_samples": 504,
        "test_samples": 217,
        "test_accuracy": 0.4839,
        "seq_len": 20,
        "epochs": 8,
        "buy_threshold": 0.5,
        "sell_threshold": 0.4
      },
      "PARADEEP": {
        "samples": 721,
        "train_samples": 504,
        "test_samples": 217,
        "test_accuracy": 0.47,
        "seq_len": 20,
        "epochs": 8,
        "buy_threshold": 0.5,
        "sell_threshold": 0.4
      },
      "GRAPHITE": {
        "samples": 721,
        "train_samples": 504,
        "test_samples": 217,
        "test_accuracy": 0.5622,
        "seq_len": 20,
        "epochs": 8,
        "buy_threshold": 0.5,
        "sell_threshold": 0.4
      },
      "DEEPAKFERT": {
        "samples": 721,
        "train_samples": 504,
        "test_samples": 217,
        "test_accuracy": 0.47,
        "seq_len": 20,
        "epochs": 8,
        "buy_threshold": 0.5,
        "sell_threshold": 0.4
      },
      "CANFINHOME": {
        "samples": 721,
        "train_samples": 504,
        "test_samples": 217,
        "test_accuracy": 0.47,
        "seq_len": 20,
        "epochs": 8,
        "buy_threshold": 0.5,
        "sell_threshold": 0.4
      },
      "IRCON": {
        "samples": 721,
        "train_samples": 504,
        "test_samples": 217,
        "test_accuracy": 0.47,
        "seq_len": 20,
        "epochs": 8,
        "buy_threshold": 0.5,
        "sell_threshold": 0.4
      },
      "CONCORDBIO": {
        "samples": 721,
        "train_samples": 504,
        "test_samples": 217,
        "test_accuracy": 0.4424,
        "seq_len": 20,
        "epochs": 8,
        "buy_threshold": 0.5,
        "sell_threshold": 0.4
      },
      "JWL": {
        "samples": 721,
        "train_samples": 504,
        "test_samples": 217,
        "test_accuracy": 0.47,
        "seq_len": 20,
        "epochs": 8,
        "buy_threshold": 0.5,
        "sell_threshold": 0.4
      },
      "GODREJAGRO": {
        "samples": 721,
        "train_samples": 504,
        "test_samples": 217,
        "test_accuracy": 0.47,
        "seq_len": 20,
        "epochs": 8,
        "buy_threshold": 0.5,
        "sell_threshold": 0.4
      },
      "WELSPUNLIV": {
        "samples": 721,
        "train_samples": 504,
        "test_samples": 217,
        "test_accuracy": 0.4977,
        "seq_len": 20,
        "epochs": 8,
        "buy_threshold": 0.5,
        "sell_threshold": 0.4
      },
      "FINPIPE": {
        "samples": 721,
        "train_samples": 504,
        "test_samples": 217,
        "test_accuracy": 0.4424,
        "seq_len": 20,
        "epochs": 8,
        "buy_threshold": 0.5,
        "sell_threshold": 0.4
      },
      "FIVESTAR": {
        "samples": 721,
        "train_samples": 504,
        "test_samples": 217,
        "test_accuracy": 0.4424,
        "seq_len": 20,
        "epochs": 8,
        "buy_threshold": 0.5,
        "sell_threshold": 0.4
      },
      "SCI": {
        "samples": 721,
        "train_samples": 504,
        "test_samples": 217,
        "test_accuracy": 0.4424,
        "seq_len": 20,
        "epochs": 8,
        "buy_threshold": 0.5,
        "sell_threshold": 0.4
      },
      "ENGINERSIN": {
        "samples": 721,
        "train_samples": 504,
        "test_samples": 217,
        "test_accuracy": 0.4424,
        "seq_len": 20,
        "epochs": 8,
        "buy_threshold": 0.5,
        "sell_threshold": 0.4
      },
      "INDGN": {
        "samples": 721,
        "train_samples": 504,
        "test_samples": 217,
        "test_accuracy": 0.4516,
        "seq_len": 20,
        "epochs": 8,
        "buy_threshold": 0.5,
        "sell_threshold": 0.4
      },
      "APTUS": {
        "samples": 721,
        "train_samples": 504,
        "test_samples": 217,
        "test_accuracy": 0.4516,
        "seq_len": 20,
        "epochs": 8,
        "buy_threshold": 0.5,
        "sell_threshold": 0.4
      },
      "JPPOWER": {
        "samples": 721,
        "train_samples": 504,
        "test_samples": 217,
        "test_accuracy": 0.4424,
        "seq_len": 20,
        "epochs": 8,
        "buy_threshold": 0.5,
        "sell_threshold": 0.4
      },
      "AFCONS": {
        "samples": 721,
        "train_samples": 504,
        "test_samples": 217,
        "test_accuracy": 0.4424,
        "seq_len": 20,
        "epochs": 8,
        "buy_threshold": 0.5,
        "sell_threshold": 0.4
      },
      "WHIRLPOOL": {
        "samples": 721,
        "train_samples": 504,
        "test_samples": 217,
        "test_accuracy": 0.4424,
        "seq_len": 20,
        "epochs": 8,
        "buy_threshold": 0.5,
        "sell_threshold": 0.4
      },
      "UJJIVANSFB": {
        "samples": 721,
        "train_samples": 504,
        "test_samples": 217,
        "test_accuracy": 0.4424,
        "seq_len": 20,
        "epochs": 8,
        "buy_threshold": 0.5,
        "sell_threshold": 0.4
      },
      "BBTC": {
        "samples": 721,
        "train_samples": 504,
        "test_samples": 217,
        "test_accuracy": 0.4424,
        "seq_len": 20,
        "epochs": 8,
        "buy_threshold": 0.5,
        "sell_threshold": 0.4
      },
      "SWANCORP": {
        "samples": 721,
        "train_samples": 504,
        "test_samples": 217,
        "test_accuracy": 0.4424,
        "seq_len": 20,
        "epochs": 8,
        "buy_threshold": 0.5,
        "sell_threshold": 0.4
      },
      "BALRAMCHIN": {
        "samples": 721,
        "train_samples": 504,
        "test_samples": 217,
        "test_accuracy": 0.4424,
        "seq_len": 20,
        "epochs": 8,
        "buy_threshold": 0.5,
        "sell_threshold": 0.4
      },
      "BSOFT": {
        "samples": 721,
        "train_samples": 504,
        "test_samples": 217,
        "test_accuracy": 0.4424,
        "seq_len": 20,
        "epochs": 8,
        "buy_threshold": 0.5,
        "sell_threshold": 0.4
      },
      "ACE": {
        "samples": 721,
        "train_samples": 504,
        "test_samples": 217,
        "test_accuracy": 0.4424,
        "seq_len": 20,
        "epochs": 8,
        "buy_threshold": 0.5,
        "sell_threshold": 0.4
      },
      "VESUVIUS": {
        "samples": 721,
        "train_samples": 504,
        "test_samples": 217,
        "test_accuracy": 0.4424,
        "seq_len": 20,
        "epochs": 8,
        "buy_threshold": 0.5,
        "sell_threshold": 0.4
      },
      "PCBL": {
        "samples": 721,
        "train_samples": 504,
        "test_samples": 217,
        "test_accuracy": 0.4424,
        "seq_len": 20,
        "epochs": 8,
        "buy_threshold": 0.5,
        "sell_threshold": 0.4
      },
      "BLS": {
        "samples": 721,
        "train_samples": 504,
        "test_samples": 217,
        "test_accuracy": 0.4424,
        "seq_len": 20,
        "epochs": 8,
        "buy_threshold": 0.5,
        "sell_threshold": 0.4
      },
      "ARVIND": {
        "samples": 721,
        "train_samples": 504,
        "test_samples": 217,
        "test_accuracy": 0.4424,
        "seq_len": 20,
        "epochs": 8,
        "buy_threshold": 0.5,
        "sell_threshold": 0.4
      },
      "TMB": {
        "samples": 721,
        "train_samples": 504,
        "test_samples": 217,
        "test_accuracy": 0.4424,
        "seq_len": 20,
        "epochs": 8,
        "buy_threshold": 0.5,
        "sell_threshold": 0.4
      },
      "SANDUMA": {
        "samples": 261,
        "train_samples": 182,
        "test_samples": 79,
        "test_accuracy": 0.4557,
        "seq_len": 20,
        "epochs": 8,
        "buy_threshold": 0.5,
        "sell_threshold": 0.4
      },
      "MGL": {
        "samples": 721,
        "train_samples": 504,
        "test_samples": 217,
        "test_accuracy": 0.5253,
        "seq_len": 20,
        "epochs": 8,
        "buy_threshold": 0.5,
        "sell_threshold": 0.4
      },
      "RITES": {
        "samples": 261,
        "train_samples": 182,
        "test_samples": 79,
        "test_accuracy": 0.4557,
        "seq_len": 20,
        "epochs": 8,
        "buy_threshold": 0.5,
        "sell_threshold": 0.4
      },
      "SOUTHBANK": {
        "samples": 721,
        "train_samples": 504,
        "test_samples": 217,
        "test_accuracy": 0.4424,
        "seq_len": 20,
        "epochs": 8,
        "buy_threshold": 0.5,
        "sell_threshold": 0.4
      },
      "CELLO": {
        "samples": 261,
        "train_samples": 182,
        "test_samples": 79,
        "test_accuracy": 0.4557,
        "seq_len": 20,
        "epochs": 8,
        "buy_threshold": 0.5,
        "sell_threshold": 0.4
      },
      "CYIENT": {
        "samples": 721,
        "train_samples": 504,
        "test_samples": 217,
        "test_accuracy": 0.4332,
        "seq_len": 20,
        "epochs": 8,
        "buy_threshold": 0.5,
        "sell_threshold": 0.4
      },
      "RPOWER": {
        "samples": 721,
        "train_samples": 504,
        "test_samples": 217,
        "test_accuracy": 0.5253,
        "seq_len": 20,
        "epochs": 8,
        "buy_threshold": 0.5,
        "sell_threshold": 0.4
      },
      "WAAREERTL": {
        "samples": 261,
        "train_samples": 182,
        "test_samples": 79,
        "test_accuracy": 0.4557,
        "seq_len": 20,
        "epochs": 8,
        "buy_threshold": 0.5,
        "sell_threshold": 0.4
      },
      "ELECON": {
        "samples": 261,
        "train_samples": 182,
        "test_samples": 79,
        "test_accuracy": 0.4557,
        "seq_len": 20,
        "epochs": 8,
        "buy_threshold": 0.5,
        "sell_threshold": 0.4
      },
      "AAVAS": {
        "samples": 721,
        "train_samples": 504,
        "test_samples": 217,
        "test_accuracy": 0.4516,
        "seq_len": 20,
        "epochs": 8,
        "buy_threshold": 0.5,
        "sell_threshold": 0.4
      },
      "VOLTAMP": {
        "samples": 261,
        "train_samples": 182,
        "test_samples": 79,
        "test_accuracy": 0.4557,
        "seq_len": 20,
        "epochs": 8,
        "buy_threshold": 0.5,
        "sell_threshold": 0.4
      },
      "STAR": {
        "samples": 721,
        "train_samples": 504,
        "test_samples": 217,
        "test_accuracy": 0.4654,
        "seq_len": 20,
        "epochs": 8,
        "buy_threshold": 0.5,
        "sell_threshold": 0.4
      },
      "RKFORGE": {
        "samples": 721,
        "train_samples": 504,
        "test_samples": 217,
        "test_accuracy": 0.4286,
        "seq_len": 20,
        "epochs": 8,
        "buy_threshold": 0.5,
        "sell_threshold": 0.4
      },
      "NCC": {
        "samples": 721,
        "train_samples": 504,
        "test_samples": 217,
        "test_accuracy": 0.4516,
        "seq_len": 20,
        "epochs": 8,
        "buy_threshold": 0.5,
        "sell_threshold": 0.4
      },
      "MANYAVAR": {
        "samples": 721,
        "train_samples": 504,
        "test_samples": 217,
        "test_accuracy": 0.5253,
        "seq_len": 20,
        "epochs": 8,
        "buy_threshold": 0.5,
        "sell_threshold": 0.4
      },
      "PGINVIT": {
        "samples": 721,
        "train_samples": 504,
        "test_samples": 217,
        "test_accuracy": 0.4931,
        "seq_len": 20,
        "epochs": 8,
        "buy_threshold": 0.5,
        "sell_threshold": 0.4
      },
      "GRINFRA": {
        "samples": 721,
        "train_samples": 504,
        "test_samples": 217,
        "test_accuracy": 0.5253,
        "seq_len": 20,
        "epochs": 8,
        "buy_threshold": 0.5,
        "sell_threshold": 0.4
      },
      "KTKBANK": {
        "samples": 720,
        "train_samples": 503,
        "test_samples": 217,
        "test_accuracy": 0.4009,
        "seq_len": 20,
        "epochs": 8,
        "buy_threshold": 0.5,
        "sell_threshold": 0.4
      },
      "BATAINDIA": {
        "samples": 721,
        "train_samples": 504,
        "test_samples": 217,
        "test_accuracy": 0.5253,
        "seq_len": 20,
        "epochs": 8,
        "buy_threshold": 0.5,
        "sell_threshold": 0.4
      },
      "TITAGARH": {
        "samples": 721,
        "train_samples": 504,
        "test_samples": 217,
        "test_accuracy": 0.5253,
        "seq_len": 20,
        "epochs": 8,
        "buy_threshold": 0.5,
        "sell_threshold": 0.4
      },
      "PGHL": {
        "samples": 721,
        "train_samples": 504,
        "test_samples": 217,
        "test_accuracy": 0.5253,
        "seq_len": 20,
        "epochs": 8,
        "buy_threshold": 0.5,
        "sell_threshold": 0.4
      },
      "IIFLCAPS": {
        "samples": 721,
        "train_samples": 504,
        "test_samples": 217,
        "test_accuracy": 0.5253,
        "seq_len": 20,
        "epochs": 8,
        "buy_threshold": 0.5,
        "sell_threshold": 0.4
      },
      "GRWRHITECH": {
        "samples": 721,
        "train_samples": 504,
        "test_samples": 217,
        "test_accuracy": 0.5253,
        "seq_len": 20,
        "epochs": 8,
        "buy_threshold": 0.5,
        "sell_threshold": 0.4
      },
      "GMRP&UI": {
        "samples": 721,
        "train_samples": 504,
        "test_samples": 217,
        "test_accuracy": 0.4516,
        "seq_len": 20,
        "epochs": 8,
        "buy_threshold": 0.5,
        "sell_threshold": 0.4
      },
      "ASKAUTOLTD": {
        "samples": 721,
        "train_samples": 504,
        "test_samples": 217,
        "test_accuracy": 0.5253,
        "seq_len": 20,
        "epochs": 8,
        "buy_threshold": 0.5,
        "sell_threshold": 0.4
      },
      "TIMETECHNO": {
        "samples": 721,
        "train_samples": 504,
        "test_samples": 217,
        "test_accuracy": 0.5253,
        "seq_len": 20,
        "epochs": 8,
        "buy_threshold": 0.5,
        "sell_threshold": 0.4
      },
      "KAMAHOLD": {
        "samples": 721,
        "train_samples": 504,
        "test_samples": 217,
        "test_accuracy": 0.5253,
        "seq_len": 20,
        "epochs": 8,
        "buy_threshold": 0.5,
        "sell_threshold": 0.4
      },
      "PNGJL": {
        "samples": 721,
        "train_samples": 504,
        "test_samples": 217,
        "test_accuracy": 0.4747,
        "seq_len": 20,
        "epochs": 8,
        "buy_threshold": 0.5,
        "sell_threshold": 0.4
      },
      "BANCOINDIA": {
        "samples": 721,
        "train_samples": 504,
        "test_samples": 217,
        "test_accuracy": 0.4747,
        "seq_len": 20,
        "epochs": 8,
        "buy_threshold": 0.5,
        "sell_threshold": 0.4
      },
      "SANOFI": {
        "samples": 721,
        "train_samples": 504,
        "test_samples": 217,
        "test_accuracy": 0.4747,
        "seq_len": 20,
        "epochs": 8,
        "buy_threshold": 0.5,
        "sell_threshold": 0.4
      },
      "JYOTHYLAB": {
        "samples": 721,
        "train_samples": 504,
        "test_samples": 217,
        "test_accuracy": 0.4747,
        "seq_len": 20,
        "epochs": 8,
        "buy_threshold": 0.5,
        "sell_threshold": 0.4
      },
      "MARKSANS": {
        "samples": 721,
        "train_samples": 504,
        "test_samples": 217,
        "test_accuracy": 0.4654,
        "seq_len": 20,
        "epochs": 8,
        "buy_threshold": 0.5,
        "sell_threshold": 0.4
      },
      "SKFINDIA": {
        "samples": 721,
        "train_samples": 504,
        "test_samples": 217,
        "test_accuracy": 0.4747,
        "seq_len": 20,
        "epochs": 8,
        "buy_threshold": 0.5,
        "sell_threshold": 0.4
      },
      "MAHSEAMLES": {
        "samples": 721,
        "train_samples": 504,
        "test_samples": 217,
        "test_accuracy": 0.4654,
        "seq_len": 20,
        "epochs": 8,
        "buy_threshold": 0.5,
        "sell_threshold": 0.4
      },
      "JKLAKSHMI": {
        "samples": 721,
        "train_samples": 504,
        "test_samples": 217,
        "test_accuracy": 0.4747,
        "seq_len": 20,
        "epochs": 8,
        "buy_threshold": 0.5,
        "sell_threshold": 0.4
      },
      "NESCO": {
        "samples": 721,
        "train_samples": 504,
        "test_samples": 217,
        "test_accuracy": 0.4654,
        "seq_len": 20,
        "epochs": 8,
        "buy_threshold": 0.5,
        "sell_threshold": 0.4
      },
      "AKUMS": {
        "samples": 721,
        "train_samples": 504,
        "test_samples": 217,
        "test_accuracy": 0.4654,
        "seq_len": 20,
        "epochs": 8,
        "buy_threshold": 0.5,
        "sell_threshold": 0.4
      },
      "GPPL": {
        "samples": 721,
        "train_samples": 504,
        "test_samples": 217,
        "test_accuracy": 0.4931,
        "seq_len": 20,
        "epochs": 8,
        "buy_threshold": 0.5,
        "sell_threshold": 0.4
      },
      "KIRLPNU": {
        "samples": 721,
        "train_samples": 504,
        "test_samples": 217,
        "test_accuracy": 0.4747,
        "seq_len": 20,
        "epochs": 8,
        "buy_threshold": 0.5,
        "sell_threshold": 0.4
      },
      "TCI": {
        "samples": 720,
        "train_samples": 503,
        "test_samples": 217,
        "test_accuracy": 0.5253,
        "seq_len": 20,
        "epochs": 8,
        "buy_threshold": 0.5,
        "sell_threshold": 0.4
      },
      "BENGALASM": {
        "samples": 721,
        "train_samples": 504,
        "test_samples": 217,
        "test_accuracy": 0.4654,
        "seq_len": 20,
        "epochs": 8,
        "buy_threshold": 0.5,
        "sell_threshold": 0.4
      },
      "ZEEL": {
        "samples": 721,
        "train_samples": 504,
        "test_samples": 217,
        "test_accuracy": 0.447,
        "seq_len": 20,
        "epochs": 8,
        "buy_threshold": 0.5,
        "sell_threshold": 0.4
      },
      "TRANSRAILL": {
        "samples": 302,
        "train_samples": 211,
        "test_samples": 91,
        "test_accuracy": 0.4505,
        "seq_len": 20,
        "epochs": 8,
        "buy_threshold": 0.5,
        "sell_threshold": 0.4
      },
      "KRBL": {
        "samples": 721,
        "train_samples": 504,
        "test_samples": 217,
        "test_accuracy": 0.4654,
        "seq_len": 20,
        "epochs": 8,
        "buy_threshold": 0.5,
        "sell_threshold": 0.4
      },
      "ISGEC": {
        "samples": 721,
        "train_samples": 504,
        "test_samples": 217,
        "test_accuracy": 0.4654,
        "seq_len": 20,
        "epochs": 8,
        "buy_threshold": 0.5,
        "sell_threshold": 0.4
      },
      "PGIL": {
        "samples": 721,
        "train_samples": 504,
        "test_samples": 217,
        "test_accuracy": 0.4654,
        "seq_len": 20,
        "epochs": 8,
        "buy_threshold": 0.5,
        "sell_threshold": 0.4
      },
      "IMFA": {
        "samples": 721,
        "train_samples": 504,
        "test_samples": 217,
        "test_accuracy": 0.4931,
        "seq_len": 20,
        "epochs": 8,
        "buy_threshold": 0.5,
        "sell_threshold": 0.4
      },
      "SAREGAMA": {
        "samples": 721,
        "train_samples": 504,
        "test_samples": 217,
        "test_accuracy": 0.4424,
        "seq_len": 20,
        "epochs": 8,
        "buy_threshold": 0.5,
        "sell_threshold": 0.4
      },
      "DBL": {
        "samples": 721,
        "train_samples": 504,
        "test_samples": 217,
        "test_accuracy": 0.4931,
        "seq_len": 20,
        "epochs": 8,
        "buy_threshold": 0.5,
        "sell_threshold": 0.4
      },
      "EMBDL": {
        "samples": 721,
        "train_samples": 504,
        "test_samples": 217,
        "test_accuracy": 0.4424,
        "seq_len": 20,
        "epochs": 8,
        "buy_threshold": 0.5,
        "sell_threshold": 0.4
      },
      "TIPSMUSIC": {
        "samples": 721,
        "train_samples": 504,
        "test_samples": 217,
        "test_accuracy": 0.53,
        "seq_len": 20,
        "epochs": 8,
        "buy_threshold": 0.5,
        "sell_threshold": 0.4
      },
      "PCJEWELLER": {
        "samples": 721,
        "train_samples": 504,
        "test_samples": 217,
        "test_accuracy": 0.4562,
        "seq_len": 20,
        "epochs": 8,
        "buy_threshold": 0.5,
        "sell_threshold": 0.4
      },
      "SONATSOFTW": {
        "samples": 721,
        "train_samples": 504,
        "test_samples": 217,
        "test_accuracy": 0.4562,
        "seq_len": 20,
        "epochs": 8,
        "buy_threshold": 0.5,
        "sell_threshold": 0.4
      },
      "REDTAPE": {
        "samples": 721,
        "train_samples": 504,
        "test_samples": 217,
        "test_accuracy": 0.4931,
        "seq_len": 20,
        "epochs": 8,
        "buy_threshold": 0.5,
        "sell_threshold": 0.4
      },
      "BIRLACORPN": {
        "samples": 721,
        "train_samples": 504,
        "test_samples": 217,
        "test_accuracy": 0.53,
        "seq_len": 20,
        "epochs": 8,
        "buy_threshold": 0.5,
        "sell_threshold": 0.4
      },
      "RCF": {
        "samples": 721,
        "train_samples": 504,
        "test_samples": 217,
        "test_accuracy": 0.4931,
        "seq_len": 20,
        "epochs": 8,
        "buy_threshold": 0.5,
        "sell_threshold": 0.4
      },
      "SHREMINVIT": {
        "samples": 721,
        "train_samples": 504,
        "test_samples": 217,
        "test_accuracy": 0.4931,
        "seq_len": 20,
        "epochs": 8,
        "buy_threshold": 0.5,
        "sell_threshold": 0.4
      },
      "GARFIBRES": {
        "samples": 721,
        "train_samples": 504,
        "test_samples": 217,
        "test_accuracy": 0.4562,
        "seq_len": 20,
        "epochs": 8,
        "buy_threshold": 0.5,
        "sell_threshold": 0.4
      },
      "NEWGEN": {
        "samples": 721,
        "train_samples": 504,
        "test_samples": 217,
        "test_accuracy": 0.53,
        "seq_len": 20,
        "epochs": 8,
        "buy_threshold": 0.5,
        "sell_threshold": 0.4
      },
      "DODLA": {
        "samples": 721,
        "train_samples": 504,
        "test_samples": 217,
        "test_accuracy": 0.4931,
        "seq_len": 20,
        "epochs": 8,
        "buy_threshold": 0.5,
        "sell_threshold": 0.4
      },
      "WELENT": {
        "samples": 721,
        "train_samples": 504,
        "test_samples": 217,
        "test_accuracy": 0.4931,
        "seq_len": 20,
        "epochs": 8,
        "buy_threshold": 0.5,
        "sell_threshold": 0.4
      },
      "BLUEJET": {
        "samples": 721,
        "train_samples": 504,
        "test_samples": 217,
        "test_accuracy": 0.5576,
        "seq_len": 20,
        "epochs": 8,
        "buy_threshold": 0.5,
        "sell_threshold": 0.4
      },
      "CERA": {
        "samples": 721,
        "train_samples": 504,
        "test_samples": 217,
        "test_accuracy": 0.5576,
        "seq_len": 20,
        "epochs": 8,
        "buy_threshold": 0.5,
        "sell_threshold": 0.4
      },
      "EPL": {
        "samples": 721,
        "train_samples": 504,
        "test_samples": 217,
        "test_accuracy": 0.5576,
        "seq_len": 20,
        "epochs": 8,
        "buy_threshold": 0.5,
        "sell_threshold": 0.4
      },
      "GAEL": {
        "samples": 721,
        "train_samples": 504,
        "test_samples": 217,
        "test_accuracy": 0.5576,
        "seq_len": 20,
        "epochs": 8,
        "buy_threshold": 0.5,
        "sell_threshold": 0.4
      },
      "POWERMECH": {
        "samples": 721,
        "train_samples": 504,
        "test_samples": 217,
        "test_accuracy": 0.5576,
        "seq_len": 20,
        "epochs": 8,
        "buy_threshold": 0.5,
        "sell_threshold": 0.4
      },
      "GSFC": {
        "samples": 721,
        "train_samples": 504,
        "test_samples": 217,
        "test_accuracy": 0.5576,
        "seq_len": 20,
        "epochs": 8,
        "buy_threshold": 0.5,
        "sell_threshold": 0.4
      },
      "CSBBANK": {
        "samples": 721,
        "train_samples": 504,
        "test_samples": 217,
        "test_accuracy": 0.5576,
        "seq_len": 20,
        "epochs": 8,
        "buy_threshold": 0.5,
        "sell_threshold": 0.4
      },
      "SHAKTIPUMP": {
        "samples": 721,
        "train_samples": 504,
        "test_samples": 217,
        "test_accuracy": 0.4977,
        "seq_len": 20,
        "epochs": 8,
        "buy_threshold": 0.5,
        "sell_threshold": 0.4
      },
      "MOIL": {
        "samples": 721,
        "train_samples": 504,
        "test_samples": 217,
        "test_accuracy": 0.53,
        "seq_len": 20,
        "epochs": 8,
        "buy_threshold": 0.5,
        "sell_threshold": 0.4
      },
      "PRAJIND": {
        "samples": 721,
        "train_samples": 504,
        "test_samples": 217,
        "test_accuracy": 0.4147,
        "seq_len": 20,
        "epochs": 8,
        "buy_threshold": 0.5,
        "sell_threshold": 0.4
      },
      "JKPAPER": {
        "samples": 721,
        "train_samples": 504,
        "test_samples": 217,
        "test_accuracy": 0.4977,
        "seq_len": 20,
        "epochs": 8,
        "buy_threshold": 0.5,
        "sell_threshold": 0.4
      },
      "KOVAI": {
        "samples": 721,
        "train_samples": 504,
        "test_samples": 217,
        "test_accuracy": 0.53,
        "seq_len": 20,
        "epochs": 8,
        "buy_threshold": 0.5,
        "sell_threshold": 0.4
      },
      "GNFC": {
        "samples": 721,
        "train_samples": 504,
        "test_samples": 217,
        "test_accuracy": 0.4977,
        "seq_len": 20,
        "epochs": 8,
        "buy_threshold": 0.5,
        "sell_threshold": 0.4
      },
      "AARTIPHARM": {
        "samples": 721,
        "train_samples": 504,
        "test_samples": 217,
        "test_accuracy": 0.53,
        "seq_len": 20,
        "epochs": 8,
        "buy_threshold": 0.5,
        "sell_threshold": 0.4
      },
      "GALAXYSURF": {
        "samples": 720,
        "train_samples": 503,
        "test_samples": 217,
        "test_accuracy": 0.4885,
        "seq_len": 20,
        "epochs": 8,
        "buy_threshold": 0.5,
        "sell_threshold": 0.4
      },
      "INDIAGLYCO": {
        "samples": 721,
        "train_samples": 504,
        "test_samples": 217,
        "test_accuracy": 0.4977,
        "seq_len": 20,
        "epochs": 8,
        "buy_threshold": 0.5,
        "sell_threshold": 0.4
      },
      "INDUSINVIT": {
        "samples": 721,
        "train_samples": 504,
        "test_samples": 217,
        "test_accuracy": 0.53,
        "seq_len": 20,
        "epochs": 8,
        "buy_threshold": 0.5,
        "sell_threshold": 0.4
      },
      "FDC": {
        "samples": 721,
        "train_samples": 504,
        "test_samples": 217,
        "test_accuracy": 0.53,
        "seq_len": 20,
        "epochs": 8,
        "buy_threshold": 0.5,
        "sell_threshold": 0.4
      },
      "TANLA": {
        "samples": 721,
        "train_samples": 504,
        "test_samples": 217,
        "test_accuracy": 0.4516,
        "seq_len": 20,
        "epochs": 8,
        "buy_threshold": 0.5,
        "sell_threshold": 0.4
      },
      "DCBBANK": {
        "samples": 721,
        "train_samples": 504,
        "test_samples": 217,
        "test_accuracy": 0.4516,
        "seq_len": 20,
        "epochs": 8,
        "buy_threshold": 0.5,
        "sell_threshold": 0.4
      },
      "JAIBALAJI": {
        "samples": 721,
        "train_samples": 504,
        "test_samples": 217,
        "test_accuracy": 0.5207,
        "seq_len": 20,
        "epochs": 8,
        "buy_threshold": 0.5,
        "sell_threshold": 0.4
      },
      "LGBBROSLTD": {
        "samples": 721,
        "train_samples": 504,
        "test_samples": 217,
        "test_accuracy": 0.4516,
        "seq_len": 20,
        "epochs": 8,
        "buy_threshold": 0.5,
        "sell_threshold": 0.4
      },
      "GOKULAGRO": {
        "samples": 721,
        "train_samples": 504,
        "test_samples": 217,
        "test_accuracy": 0.4516,
        "seq_len": 20,
        "epochs": 8,
        "buy_threshold": 0.5,
        "sell_threshold": 0.4
      },
      "LOTUSDEV": {
        "samples": 721,
        "train_samples": 504,
        "test_samples": 217,
        "test_accuracy": 0.5207,
        "seq_len": 20,
        "epochs": 8,
        "buy_threshold": 0.5,
        "sell_threshold": 0.4
      },
      "AJAXENGG": {
        "samples": 721,
        "train_samples": 504,
        "test_samples": 217,
        "test_accuracy": 0.4516,
        "seq_len": 20,
        "epochs": 8,
        "buy_threshold": 0.5,
        "sell_threshold": 0.4
      },
      "FIEMIND": {
        "samples": 721,
        "train_samples": 504,
        "test_samples": 217,
        "test_accuracy": 0.4516,
        "seq_len": 20,
        "epochs": 8,
        "buy_threshold": 0.5,
        "sell_threshold": 0.4
      },
      "BALUFORGE": {
        "samples": 721,
        "train_samples": 504,
        "test_samples": 217,
        "test_accuracy": 0.4516,
        "seq_len": 20,
        "epochs": 8,
        "buy_threshold": 0.5,
        "sell_threshold": 0.4
      },
      "NDRINVIT": {
        "samples": 721,
        "train_samples": 504,
        "test_samples": 217,
        "test_accuracy": 0.4516,
        "seq_len": 20,
        "epochs": 8,
        "buy_threshold": 0.5,
        "sell_threshold": 0.4
      }
    }
  },
  "baseline": {
    "name": "baseline_current",
    "final_value": 99603.4,
    "total_return_pct": -0.4,
    "trades": 16,
    "win_rate_pct": 50.0,
    "max_drawdown_pct": -1.8,
    "params": {
      "buy": {},
      "sell": {},
      "rnn": {
        "enabled": false
      },
      "simulation": {
        "mode": "live_parity_daily",
        "execution_timing": "signal_on_close_execute_next_open",
        "per_buy_allocation": 20000.0,
        "starting_capital": 100000.0
      }
    },
    "symbols_tested": [
      "HDFCBANK",
      "BHARTIARTL",
      "SBIN",
      "TCS",
      "INFY",
      "LICI",
      "LT",
      "MARUTI",
      "HCLTECH",
      "ITC",
      "AXISBANK",
      "NTPC",
      "M&M",
      "ONGC",
      "ADANIPORTS",
      "POWERGRID",
      "COALINDIA",
      "VEDL",
      "BAJAJ-AUTO",
      "HAL",
      "ADANIENT",
      "HINDZINC",
      "WIPRO",
      "IOC",
      "HINDALCO",
      "INDIGO",
      "HYUNDAI",
      "BANKBARODA",
      "PFC",
      "UNIONBANK",
      "DLF",
      "PNB",
      "BPCL",
      "CANBK",
      "INDIANB",
      "TMPV",
      "MOTHERSON",
      "INDUSTOWER",
      "LUPIN",
      "DRREDDY",
      "HEROMOTOCO",
      "ASHOKLEY",
      "GAIL",
      "MAZDOCK",
      "ZYDUSLIFE",
      "RECLTD",
      "OIL",
      "AUROPHARMA",
      "LODHA",
      "IDBI",
      "HINDPETRO",
      "NMDC",
      "BANKINDIA",
      "NATIONALUM",
      "GICRE",
      "FEDERALBNK",
      "ALKEM",
      "SAIL",
      "JSL",
      "SUZLON",
      "COROMANDEL",
      "MRF",
      "OBEROIRLTY",
      "JSWINFRA",
      "MAHABANK",
      "GODREJPROP",
      "PIIND",
      "AIIL",
      "IRCTC",
      "EMBASSY",
      "BALKRISIND",
      "TATACOMM",
      "MOTILALOFS",
      "PETRONET",
      "NLCINDIA",
      "HUDCO",
      "CONCOR",
      "ASTERDM",
      "ESCORTS",
      "AIAENG",
      "CENTRALBK",
      "UCOBANK",
      "GODFRYPHLP",
      "FORCEMOT",
      "KPRMILL",
      "TVSHLTD",
      "HEXT",
      "CHOLAHLDNG",
      "LICHSGFIN",
      "APOLLOTYRE",
      "KARURVYSYA",
      "ACC",
      "EXIDEIND",
      "IRB",
      "BANDHANBNK",
      "SUNTV",
      "GUJGASLTD",
      "AWL",
      "SHYAMMETL",
      "PFIZER",
      "WELCORP",
      "CESC",
      "PNBHOUSING",
      "GESHIP",
      "DEEPAKNTR",
      "KPITTECH",
      "CASTROLIND",
      "EMAMILTD",
      "SARDAEN",
      "GPIL",
      "CIEINDIA",
      "SUNDRMFAST",
      "NATCOPHARM",
      "CHAMBLFERT",
      "REDINGTON",
      "SYNGENE",
      "VERTIS",
      "ANANTRAJ",
      "DCMSHRIRAM",
      "VTL",
      "BRIGADE",
      "NAVA",
      "PSB",
      "AVANTIFEED",
      "RATNAMANI",
      "CROMPTON",
      "BHARATCOAL",
      "GRANULES",
      "IGIL",
      "KEC",
      "CEATLTD",
      "EIDPARRY",
      "ARE&M",
      "GSPL",
      "INOXWIND",
      "SHRIPISTON",
      "JUBLPHARMA",
      "KANSAINER",
      "TRIDENT",
      "APLLTD",
      "LTFOODS",
      "FINCABLES",
      "ZENSARTECH",
      "J&KBANK",
      "CAPLIPOINT",
      "INDIAMART",
      "TECHNOE",
      "KIRLOSBROS",
      "ALIVUS",
      "JINDALSAW",
      "JKTYRE",
      "JMFINANCIL",
      "PARADEEP",
      "GRAPHITE",
      "DEEPAKFERT",
      "CANFINHOME",
      "IRCON",
      "CONCORDBIO",
      "JWL",
      "GODREJAGRO",
      "WELSPUNLIV",
      "FINPIPE",
      "FIVESTAR",
      "SCI",
      "ENGINERSIN",
      "INDGN",
      "APTUS",
      "JPPOWER",
      "AFCONS",
      "WHIRLPOOL",
      "UJJIVANSFB",
      "BBTC",
      "SWANCORP",
      "BALRAMCHIN",
      "BSOFT",
      "ACE",
      "VESUVIUS",
      "PCBL",
      "BLS",
      "ARVIND",
      "TMB",
      "SANDUMA",
      "MGL",
      "RITES",
      "SOUTHBANK",
      "CELLO",
      "CYIENT",
      "RPOWER",
      "WAAREERTL",
      "ELECON",
      "AAVAS",
      "VOLTAMP",
      "STAR",
      "RKFORGE",
      "NCC",
      "MANYAVAR",
      "PGINVIT",
      "GRINFRA",
      "KTKBANK",
      "BATAINDIA",
      "TITAGARH",
      "PGHL",
      "IIFLCAPS",
      "GRWRHITECH",
      "GMRP&UI",
      "ASKAUTOLTD",
      "TIMETECHNO",
      "KAMAHOLD",
      "PNGJL",
      "BANCOINDIA",
      "SANOFI",
      "JYOTHYLAB",
      "MARKSANS",
      "SKFINDIA",
      "MAHSEAMLES",
      "JKLAKSHMI",
      "NESCO",
      "AKUMS",
      "GPPL",
      "KIRLPNU",
      "TCI",
      "BENGALASM",
      "ZEEL",
      "TRANSRAILL",
      "KRBL",
      "ISGEC",
      "PGIL",
      "IMFA",
      "SAREGAMA",
      "DBL",
      "EMBDL",
      "TIPSMUSIC",
      "PCJEWELLER",
      "SONATSOFTW",
      "REDTAPE",
      "BIRLACORPN",
      "RCF",
      "SHREMINVIT",
      "GARFIBRES",
      "NEWGEN",
      "DODLA",
      "WELENT",
      "BLUEJET",
      "CERA",
      "EPL",
      "GAEL",
      "POWERMECH",
      "GSFC",
      "CSBBANK",
      "SHAKTIPUMP",
      "MOIL",
      "PRAJIND",
      "JKPAPER",
      "KOVAI",
      "GNFC",
      "AARTIPHARM",
      "GALAXYSURF",
      "INDIAGLYCO",
      "INDUSINVIT",
      "FDC",
      "TANLA",
      "DCBBANK",
      "JAIBALAJI",
      "LGBBROSLTD",
      "GOKULAGRO",
      "LOTUSDEV",
      "AJAXENGG",
      "FIEMIND",
      "BALUFORGE",
      "NDRINVIT"
    ],
    "selection_score": -0.347,
    "rnn_enabled": false,
    "rnn_avg_test_accuracy": 0.0
  },
  "best": {
    "name": "baseline_with_rnn",
    "final_value": 27023031.51,
    "total_return_pct": 0.09,
    "trades": 188,
    "win_rate_pct": 50.0,
    "max_drawdown_pct": -6.74,
    "params": {
      "buy": {},
      "sell": {},
      "rnn": {
        "enabled": true,
        "buy_threshold": 0.5,
        "sell_threshold": 0.4
      }
    },
    "symbols_tested": [
      "HDFCBANK",
      "BHARTIARTL",
      "SBIN",
      "TCS",
      "INFY",
      "LICI",
      "LT",
      "MARUTI",
      "HCLTECH",
      "ITC",
      "AXISBANK",
      "NTPC",
      "M&M",
      "ONGC",
      "ADANIPORTS",
      "POWERGRID",
      "COALINDIA",
      "VEDL",
      "BAJAJ-AUTO",
      "HAL",
      "ADANIENT",
      "HINDZINC",
      "WIPRO",
      "IOC",
      "HINDALCO",
      "INDIGO",
      "HYUNDAI",
      "BANKBARODA",
      "PFC",
      "UNIONBANK",
      "DLF",
      "PNB",
      "BPCL",
      "CANBK",
      "INDIANB",
      "TMPV",
      "MOTHERSON",
      "INDUSTOWER",
      "LUPIN",
      "DRREDDY",
      "HEROMOTOCO",
      "ASHOKLEY",
      "GAIL",
      "MAZDOCK",
      "ZYDUSLIFE",
      "RECLTD",
      "OIL",
      "AUROPHARMA",
      "LODHA",
      "IDBI",
      "HINDPETRO",
      "NMDC",
      "BANKINDIA",
      "NATIONALUM",
      "GICRE",
      "FEDERALBNK",
      "ALKEM",
      "SAIL",
      "JSL",
      "SUZLON",
      "COROMANDEL",
      "MRF",
      "OBEROIRLTY",
      "JSWINFRA",
      "MAHABANK",
      "GODREJPROP",
      "PIIND",
      "AIIL",
      "IRCTC",
      "EMBASSY",
      "BALKRISIND",
      "TATACOMM",
      "MOTILALOFS",
      "PETRONET",
      "NLCINDIA",
      "HUDCO",
      "CONCOR",
      "ASTERDM",
      "ESCORTS",
      "AIAENG",
      "CENTRALBK",
      "UCOBANK",
      "GODFRYPHLP",
      "FORCEMOT",
      "KPRMILL",
      "TVSHLTD",
      "HEXT",
      "CHOLAHLDNG",
      "LICHSGFIN",
      "APOLLOTYRE",
      "KARURVYSYA",
      "ACC",
      "EXIDEIND",
      "IRB",
      "BANDHANBNK",
      "SUNTV",
      "GUJGASLTD",
      "AWL",
      "SHYAMMETL",
      "PFIZER",
      "WELCORP",
      "CESC",
      "PNBHOUSING",
      "GESHIP",
      "DEEPAKNTR",
      "KPITTECH",
      "CASTROLIND",
      "EMAMILTD",
      "SARDAEN",
      "GPIL",
      "CIEINDIA",
      "SUNDRMFAST",
      "NATCOPHARM",
      "CHAMBLFERT",
      "REDINGTON",
      "SYNGENE",
      "VERTIS",
      "ANANTRAJ",
      "DCMSHRIRAM",
      "VTL",
      "BRIGADE",
      "NAVA",
      "PSB",
      "AVANTIFEED",
      "RATNAMANI",
      "CROMPTON",
      "BHARATCOAL",
      "GRANULES",
      "IGIL",
      "KEC",
      "CEATLTD",
      "EIDPARRY",
      "ARE&M",
      "GSPL",
      "INOXWIND",
      "SHRIPISTON",
      "JUBLPHARMA",
      "KANSAINER",
      "TRIDENT",
      "APLLTD",
      "LTFOODS",
      "FINCABLES",
      "ZENSARTECH",
      "J&KBANK",
      "CAPLIPOINT",
      "INDIAMART",
      "TECHNOE",
      "KIRLOSBROS",
      "ALIVUS",
      "JINDALSAW",
      "JKTYRE",
      "JMFINANCIL",
      "PARADEEP",
      "GRAPHITE",
      "DEEPAKFERT",
      "CANFINHOME",
      "IRCON",
      "CONCORDBIO",
      "JWL",
      "GODREJAGRO",
      "WELSPUNLIV",
      "FINPIPE",
      "FIVESTAR",
      "SCI",
      "ENGINERSIN",
      "INDGN",
      "APTUS",
      "JPPOWER",
      "AFCONS",
      "WHIRLPOOL",
      "UJJIVANSFB",
      "BBTC",
      "SWANCORP",
      "BALRAMCHIN",
      "BSOFT",
      "ACE",
      "VESUVIUS",
      "PCBL",
      "BLS",
      "ARVIND",
      "TMB",
      "SANDUMA",
      "MGL",
      "RITES",
      "SOUTHBANK",
      "CELLO",
      "CYIENT",
      "RPOWER",
      "WAAREERTL",
      "ELECON",
      "AAVAS",
      "VOLTAMP",
      "STAR",
      "RKFORGE",
      "NCC",
      "MANYAVAR",
      "PGINVIT",
      "GRINFRA",
      "KTKBANK",
      "BATAINDIA",
      "TITAGARH",
      "PGHL",
      "IIFLCAPS",
      "GRWRHITECH",
      "GMRP&UI",
      "ASKAUTOLTD",
      "TIMETECHNO",
      "KAMAHOLD",
      "PNGJL",
      "BANCOINDIA",
      "SANOFI",
      "JYOTHYLAB",
      "MARKSANS",
      "SKFINDIA",
      "MAHSEAMLES",
      "JKLAKSHMI",
      "NESCO",
      "AKUMS",
      "GPPL",
      "KIRLPNU",
      "TCI",
      "BENGALASM",
      "ZEEL",
      "TRANSRAILL",
      "KRBL",
      "ISGEC",
      "PGIL",
      "IMFA",
      "SAREGAMA",
      "DBL",
      "EMBDL",
      "TIPSMUSIC",
      "PCJEWELLER",
      "SONATSOFTW",
      "REDTAPE",
      "BIRLACORPN",
      "RCF",
      "SHREMINVIT",
      "GARFIBRES",
      "NEWGEN",
      "DODLA",
      "WELENT",
      "BLUEJET",
      "CERA",
      "EPL",
      "GAEL",
      "POWERMECH",
      "GSFC",
      "CSBBANK",
      "SHAKTIPUMP",
      "MOIL",
      "PRAJIND",
      "JKPAPER",
      "KOVAI",
      "GNFC",
      "AARTIPHARM",
      "GALAXYSURF",
      "INDIAGLYCO",
      "INDUSINVIT",
      "FDC",
      "TANLA",
      "DCBBANK",
      "JAIBALAJI",
      "LGBBROSLTD",
      "GOKULAGRO",
      "LOTUSDEV",
      "AJAXENGG",
      "FIEMIND",
      "BALUFORGE",
      "NDRINVIT"
    ],
    "selection_score": 2.858,
    "rnn_enabled": true,
    "rnn_avg_test_accuracy": 0.4891
  },
  "tested_variants": 20,
  "improvement_return_pct": 0.49,
  "improvement_score": 3.205,
  "should_promote": false
}
Saved: /Users/sahilgoel/Desktop/Stocks/reports/strategy_lab_20260420_004309.json
Saved: /Users/sahilgoel/Desktop/Stocks/reports/strategy_lab_20260420_004309.csv
