Traceback (most recent call last):
  File "/home/ubuntu/Auto_Trader/scripts/meta_label_lab.py", line 12, in <module>
    from sklearn.ensemble import HistGradientBoostingClassifier
ModuleNotFoundError: No module named 'sklearn'

1 Failed download:
['INDUSINVIT.NS']: YFPricesMissingError('possibly delisted; no price data found  (period=3y) (Yahoo error = "No data found, symbol may be delisted")')
{
  "generated_at": "2026-04-21T17:03:14.214462+05:30",
  "lab_type": "meta_label_signal_quality",
  "anchor_variant": "regime_filter_007",
  "anchor_report": null,
  "anchor_buy": {
    "adx_min": 10,
    "volume_confirm_mult": 0.85,
    "ich_cloud_bull": 0,
    "regime_filter_enabled": 1,
    "regime_ema_fast": 50,
    "regime_ema_slow": 200
  },
  "anchor_sell": {
    "breakeven_trigger_pct": 4.0
  },
  "scorecard_context": {
    "scorecard_found": true,
    "scorecard_path": "/home/ubuntu/Auto_Trader/reports/daily_scorecard_2026-04-21.json",
    "date": "2026-04-21",
    "orders": 0,
    "trades": 0,
    "buy_placed": 0,
    "sell_placed": 0,
    "estimated_realized_pnl": 0,
    "verdict": "GOOD",
    "log_counts": {
      "market_blocked": 0,
      "tick_size": 0,
      "ws_close": 1,
      "order_failed": 0,
      "buy_placed": 0,
      "sell_placed": 0
    },
    "no_trade_day": true,
    "optimization_focus": [
      "expand_buy_sensitivity"
    ],
    "code_findings": [
      "websocket_reconnect_review"
    ]
  },
  "tradebook_context": {
    "tradebook_found": false,
    "optimization_focus": [],
    "code_findings": [],
    "top_symbols": []
  },
  "data_context": {
    "requested_symbols": [
      "HDFCBANK",
      "BHARTIARTL",
      "SBIN",
      "TCS",
      "LT",
      "INFY",
      "LICI",
      "MARUTI",
      "AXISBANK",
      "M&M",
      "HCLTECH",
      "NTPC",
      "ITC",
      "KOTAKBANK",
      "ADANIPORTS",
      "ONGC",
      "VEDL",
      "POWERGRID",
      "HAL",
      "BAJAJ-AUTO",
      "COALINDIA",
      "HINDZINC",
      "HINDALCO",
      "WIPRO",
      "IOC",
      "INDIGO",
      "PFC",
      "HYUNDAI",
      "DLF",
      "BANKBARODA",
      "UNIONBANK",
      "BPCL",
      "TMPV",
      "PNB",
      "MOTHERSON",
      "CANBK",
      "INDIANB",
      "AMBUJACEM",
      "INDUSTOWER",
      "LUPIN",
      "HEROMOTOCO",
      "GAIL",
      "ASHOKLEY",
      "DRREDDY",
      "RECLTD",
      "CIPLA",
      "ZYDUSLIFE",
      "LODHA",
      "HINDPETRO",
      "IDBI",
      "AUROPHARMA",
      "NATIONALUM",
      "NMDC",
      "OIL",
      "SUZLON",
      "SAIL",
      "GICRE",
      "BANKINDIA",
      "ALKEM",
      "JSL",
      "OBEROIRLTY",
      "COROMANDEL",
      "MRF",
      "MAHABANK",
      "JSWINFRA",
      "GODREJPROP",
      "PIIND",
      "IRCTC",
      "BALKRISIND",
      "TATACOMM",
      "NLCINDIA",
      "PETRONET",
      "EMBASSY",
      "HUDCO",
      "AIIL",
      "CONCOR",
      "AIAENG",
      "ESCORTS",
      "ASTERDM",
      "GODFRYPHLP",
      "UCOBANK",
      "ENDURANCE",
      "CENTRALBK",
      "KPRMILL",
      "CHOLAHLDNG",
      "HEXT",
      "LICHSGFIN",
      "TVSHLTD",
      "FORCEMOT",
      "WELCORP",
      "BANDHANBNK",
      "EXIDEIND",
      "APOLLOTYRE",
      "ACC",
      "IRB",
      "KARURVYSYA",
      "SUNTV",
      "GUJGASLTD",
      "AWL",
      "CESC",
      "SHYAMMETL",
      "PNBHOUSING",
      "IGL",
      "PFIZER",
      "DEEPAKNTR",
      "EIHOTEL",
      "SARDAEN",
      "GESHIP",
      "GPIL",
      "KPITTECH",
      "NAVA",
      "NATCOPHARM",
      "EMAMILTD",
      "BRIGADE",
      "CIEINDIA",
      "CHAMBLFERT",
      "CASTROLIND",
      "REDINGTON",
      "SYNGENE",
      "SUNDRMFAST",
      "RATNAMANI",
      "INOXWIND",
      "CROMPTON",
      "BHARATCOAL",
      "KANSAINER",
      "GRANULES",
      "VERTIS",
      "SHRIPISTON",
      "VTL",
      "GSPL",
      "DEEPAKFERT",
      "IGIL",
      "CEATLTD",
      "JINDALSAW",
      "EIDPARRY",
      "KEC",
      "APLLTD",
      "TECHNOE",
      "FINCABLES",
      "J&KBANK",
      "LTFOODS",
      "JUBLPHARMA",
      "IRCON",
      "ARE&M",
      "SCI",
      "GRAPHITE",
      "FIVESTAR",
      "KIRLOSBROS",
      "ENGINERSIN",
      "CMPDI",
      "ZENSARTECH",
      "CAPLIPOINT",
      "PARADEEP",
      "INDIAMART",
      "ALIVUS",
      "JPPOWER",
      "TRIDENT",
      "JMFINANCIL",
      "AFCONS",
      "APTUS",
      "WELSPUNLIV",
      "JKTYRE",
      "BLS",
      "JWL",
      "WHIRLPOOL",
      "GODREJAGRO",
      "WAAREERTL",
      "RPOWER",
      "INDGN",
      "CANFINHOME",
      "MGL",
      "UJJIVANSFB",
      "CONCORDBIO",
      "PCBL",
      "CEMPRO",
      "MANYAVAR",
      "SWANCORP",
      "ACE",
      "FINPIPE",
      "BSOFT",
      "BBTC",
      "RITES",
      "TMB",
      "CYIENT",
      "VOLTAMP",
      "BALRAMCHIN",
      "SOUTHBANK",
      "VESUVIUS",
      "ARVIND",
      "NCC",
      "TITAGARH",
      "ELECON",
      "BATAINDIA",
      "TIMETECHNO",
      "IIFLCAPS",
      "RKFORGE",
      "PCJEWELLER",
      "CELLO",
      "KTKBANK",
      "GRWRHITECH",
      "STAR",
      "SANDUMA",
      "JYOTHYLAB",
      "BANCOINDIA",
      "SKFINDIA",
      "MAHSEAMLES",
      "ASKAUTOLTD",
      "GRINFRA",
      "PGINVIT",
      "PGHL",
      "ZEEL",
      "GMRP&UI",
      "NESCO",
      "IMFA",
      "SANOFI",
      "JKLAKSHMI",
      "AKUMS",
      "KAMAHOLD",
      "MARKSANS",
      "KRBL",
      "CLEAN",
      "ISGEC",
      "POWERMECH",
      "GPPL",
      "TRANSRAILL",
      "EPL",
      "SONATSOFTW",
      "PGIL",
      "TCI",
      "BIRLACORPN",
      "DBL",
      "RCF",
      "BLUEJET",
      "LOTUSDEV",
      "GNFC",
      "KIRLFER",
      "BENGALASM",
      "SHAKTIPUMP",
      "CERA",
      "GSFC",
      "KIRLPNU",
      "GAEL",
      "REDTAPE",
      "JAIBALAJI",
      "JKPAPER",
      "NEWGEN",
      "EMBDL",
      "CSBBANK",
      "WELENT",
      "SAREGAMA",
      "PRAJIND",
      "MOIL",
      "GARFIBRES",
      "DODLA",
      "INDIAGLYCO",
      "GALAXYSURF",
      "TANLA",
      "SMLMAH",
      "SHREMINVIT",
      "DCBBANK",
      "BAJAJCON",
      "AARTIPHARM",
      "GOKULAGRO",
      "KOVAI",
      "FIEMIND",
      "SAATVIKGL",
      "FDC",
      "ASHAPURMIN",
      "BALUFORGE",
      "SHILCTECH",
      "AJAXENGG",
      "PTC",
      "TIIL",
      "INDUSINVIT",
      "AHLUCONT",
      "LGBBROSLTD",
      "SYMPHONY",
      "NETWORK18",
      "CEIGALL",
      "ICIL",
      "SENCO",
      "GANESHHOU",
      "GOKEX",
      "NDRINVIT",
      "CMSINFO",
      "MASTEK",
      "PNCINFRA",
      "SURYAROSNI",
      "LUMAXIND",
      "RTNPOWER",
      "RUSTOMJEE",
      "JAMNAAUTO",
      "SUBROS",
      "EPIGRAL",
      "CPSEETF",
      "NIFTYBETA",
      "SILVERBEES",
      "ITBEES",
      "GOLDBEES",
      "BANKBEES",
      "MIDCAPETF",
      "SMALLCAP"
    ],
    "requested_symbol_count": 302,
    "loaded_symbols": [
      "BHARTIARTL",
      "SBIN",
      "TCS",
      "LT",
      "INFY",
      "LICI",
      "MARUTI",
      "AXISBANK",
      "M&M",
      "HCLTECH",
      "NTPC",
      "ITC",
      "ADANIPORTS",
      "ONGC",
      "VEDL",
      "POWERGRID",
      "HAL",
      "BAJAJ-AUTO",
      "COALINDIA",
      "HINDZINC",
      "HINDALCO",
      "WIPRO",
      "IOC",
      "INDIGO",
      "PFC",
      "HYUNDAI",
      "DLF",
      "BANKBARODA",
      "UNIONBANK",
      "BPCL",
      "PNB",
      "MOTHERSON",
      "CANBK",
      "INDIANB",
      "AMBUJACEM",
      "INDUSTOWER",
      "LUPIN",
      "HEROMOTOCO",
      "GAIL",
      "ASHOKLEY",
      "DRREDDY",
      "RECLTD",
      "CIPLA",
      "ZYDUSLIFE",
      "LODHA",
      "HINDPETRO",
      "IDBI",
      "AUROPHARMA",
      "NATIONALUM",
      "NMDC",
      "OIL",
      "SUZLON",
      "SAIL",
      "GICRE",
      "BANKINDIA",
      "ALKEM",
      "JSL",
      "OBEROIRLTY",
      "COROMANDEL",
      "MRF",
      "MAHABANK",
      "JSWINFRA",
      "GODREJPROP",
      "PIIND",
      "IRCTC",
      "BALKRISIND",
      "TATACOMM",
      "NLCINDIA",
      "PETRONET",
      "HUDCO",
      "AIIL",
      "CONCOR",
      "AIAENG",
      "ESCORTS",
      "ASTERDM",
      "GODFRYPHLP",
      "UCOBANK",
      "ENDURANCE",
      "CENTRALBK",
      "KPRMILL",
      "CHOLAHLDNG",
      "HEXT",
      "LICHSGFIN",
      "TVSHLTD",
      "FORCEMOT",
      "WELCORP",
      "BANDHANBNK",
      "EXIDEIND",
      "APOLLOTYRE",
      "ACC",
      "IRB",
      "KARURVYSYA",
      "SUNTV",
      "GUJGASLTD",
      "AWL",
      "CESC",
      "SHYAMMETL",
      "PNBHOUSING",
      "IGL",
      "PFIZER",
      "DEEPAKNTR",
      "EIHOTEL",
      "SARDAEN",
      "GESHIP",
      "GPIL",
      "KPITTECH",
      "NAVA",
      "NATCOPHARM",
      "EMAMILTD",
      "BRIGADE",
      "CIEINDIA",
      "CHAMBLFERT",
      "CASTROLIND",
      "REDINGTON",
      "SYNGENE",
      "SUNDRMFAST",
      "RATNAMANI",
      "INOXWIND",
      "CROMPTON",
      "KANSAINER",
      "GRANULES",
      "VERTIS",
      "SHRIPISTON",
      "VTL",
      "GSPL",
      "DEEPAKFERT",
      "IGIL",
      "CEATLTD",
      "JINDALSAW",
      "EIDPARRY",
      "KEC",
      "APLLTD",
      "TECHNOE",
      "FINCABLES",
      "J&KBANK",
      "LTFOODS",
      "JUBLPHARMA",
      "IRCON",
      "ARE&M",
      "SCI",
      "GRAPHITE",
      "FIVESTAR",
      "KIRLOSBROS",
      "ENGINERSIN",
      "ZENSARTECH",
      "CAPLIPOINT",
      "PARADEEP",
      "INDIAMART",
      "ALIVUS",
      "JPPOWER",
      "TRIDENT",
      "JMFINANCIL",
      "AFCONS",
      "APTUS",
      "WELSPUNLIV",
      "JKTYRE",
      "BLS",
      "JWL",
      "WHIRLPOOL",
      "GODREJAGRO",
      "RPOWER",
      "INDGN",
      "CANFINHOME",
      "MGL",
      "UJJIVANSFB",
      "CONCORDBIO",
      "PCBL",
      "MANYAVAR",
      "SWANCORP",
      "ACE",
      "FINPIPE",
      "BSOFT",
      "BBTC",
      "RITES",
      "TMB",
      "CYIENT",
      "VOLTAMP",
      "BALRAMCHIN",
      "SOUTHBANK",
      "VESUVIUS",
      "ARVIND",
      "NCC",
      "TITAGARH",
      "ELECON",
      "BATAINDIA",
      "TIMETECHNO",
      "IIFLCAPS",
      "RKFORGE",
      "PCJEWELLER",
      "CELLO",
      "KTKBANK",
      "GRWRHITECH",
      "STAR",
      "SANDUMA",
      "JYOTHYLAB",
      "BANCOINDIA",
      "SKFINDIA",
      "MAHSEAMLES",
      "ASKAUTOLTD",
      "GRINFRA",
      "PGHL",
      "ZEEL",
      "GMRP&UI",
      "NESCO",
      "IMFA",
      "SANOFI",
      "JKLAKSHMI",
      "AKUMS",
      "MARKSANS",
      "KRBL",
      "CLEAN",
      "ISGEC",
      "POWERMECH",
      "GPPL",
      "TRANSRAILL",
      "EPL",
      "SONATSOFTW",
      "PGIL",
      "TCI",
      "BIRLACORPN",
      "DBL",
      "RCF",
      "BLUEJET",
      "GNFC",
      "SHAKTIPUMP",
      "CERA",
      "GSFC",
      "KIRLPNU",
      "GAEL",
      "REDTAPE",
      "JAIBALAJI",
      "JKPAPER",
      "NEWGEN",
      "CSBBANK",
      "WELENT",
      "SAREGAMA",
      "PRAJIND",
      "MOIL",
      "GARFIBRES",
      "DODLA",
      "INDIAGLYCO",
      "GALAXYSURF",
      "TANLA",
      "SMLMAH",
      "SHREMINVIT",
      "DCBBANK",
      "BAJAJCON",
      "AARTIPHARM",
      "GOKULAGRO",
      "FIEMIND",
      "FDC",
      "ASHAPURMIN",
      "BALUFORGE",
      "AJAXENGG",
      "PTC",
      "TIIL",
      "AHLUCONT",
      "LGBBROSLTD",
      "SYMPHONY",
      "NETWORK18",
      "CEIGALL",
      "ICIL",
      "SENCO",
      "GOKEX",
      "NDRINVIT",
      "CMSINFO",
      "MASTEK",
      "PNCINFRA",
      "SURYAROSNI",
      "LUMAXIND",
      "RTNPOWER",
      "RUSTOMJEE",
      "JAMNAAUTO",
      "SUBROS",
      "EPIGRAL",
      "CPSEETF",
      "SILVERBEES",
      "ITBEES",
      "GOLDBEES",
      "BANKBEES",
      "MIDCAPETF",
      "SMALLCAP"
    ],
    "loaded_symbol_count": 282,
    "skipped_symbols": {
      "HDFCBANK": "too_short:1",
      "KOTAKBANK": "too_short:1",
      "TMPV": "too_short:124",
      "EMBASSY": "too_short:1",
      "BHARATCOAL": "too_short:60",
      "CMPDI": "too_short:1",
      "WAAREERTL": "too_short:1",
      "CEMPRO": "too_short:148",
      "PGINVIT": "too_short:1",
      "KAMAHOLD": "too_short:1",
      "LOTUSDEV": "too_short:172",
      "KIRLFER": "too_short:158",
      "BENGALASM": "too_short:1",
      "EMBDL": "too_short:1",
      "KOVAI": "too_short:158",
      "SAATVIKGL": "too_short:135",
      "SHILCTECH": "too_short:3",
      "INDUSINVIT": "missing_or_empty",
      "GANESHHOU": "too_short:148",
      "NIFTYBETA": "too_short:83"
    },
    "fallback_symbols": [],
    "history_period": "3y",
    "min_history_bars": 260,
    "use_approved_universe": true,
    "precache": {
      "enabled": true,
      "requested": 302,
      "cached_before": 302,
      "downloaded": 0,
      "missing_after": 0,
      "workers": 0
    }
  },
  "dataset": {
    "signals_total": 426,
    "train_signals": 298,
    "test_signals": 128,
    "positive_rate_total_pct": 31.69,
    "positive_rate_test_pct": 32.81,
    "baseline_avg_forward_end_return_pct": 0.5963,
    "baseline_avg_forward_max_return_pct": 3.9041,
    "horizon_bars": 10,
    "target_return_pct": 3.0,
    "max_adverse_excursion_pct": 2.5
  },
  "model": {
    "algorithm": "HistGradientBoostingClassifier",
    "feature_count": 64,
    "accuracy": 0.5781,
    "precision": 0.125,
    "recall": 0.0476,
    "roc_auc": 0.4568
  },
  "threshold_scan": [
    {
      "threshold": 0.5,
      "selected_signals": 16,
      "selected_pct": 12.5,
      "positive_rate_pct": 12.5,
      "avg_forward_end_return_pct": -1.4373,
      "avg_forward_max_return_pct": 2.8384,
      "avg_forward_min_return_pct": -5.7863
    },
    {
      "threshold": 0.55,
      "selected_signals": 11,
      "selected_pct": 8.59,
      "positive_rate_pct": 18.18,
      "avg_forward_end_return_pct": -0.1751,
      "avg_forward_max_return_pct": 3.4841,
      "avg_forward_min_return_pct": -4.8854
    },
    {
      "threshold": 0.6,
      "selected_signals": 9,
      "selected_pct": 7.03,
      "positive_rate_pct": 22.22,
      "avg_forward_end_return_pct": -0.8863,
      "avg_forward_max_return_pct": 3.5334,
      "avg_forward_min_return_pct": -5.3168
    },
    {
      "threshold": 0.65,
      "selected_signals": 6,
      "selected_pct": 4.69,
      "positive_rate_pct": 33.33,
      "avg_forward_end_return_pct": 1.9175,
      "avg_forward_max_return_pct": 5.7791,
      "avg_forward_min_return_pct": -4.1584
    },
    {
      "threshold": 0.7,
      "selected_signals": 3,
      "selected_pct": 2.34,
      "positive_rate_pct": 0.0,
      "avg_forward_end_return_pct": -5.6818,
      "avg_forward_max_return_pct": 0.7035,
      "avg_forward_min_return_pct": -7.9422
    }
  ],
  "recommended_threshold": {
    "threshold": 0.65,
    "selected_signals": 6,
    "selected_pct": 4.69,
    "positive_rate_pct": 33.33,
    "avg_forward_end_return_pct": 1.9175,
    "avg_forward_max_return_pct": 5.7791,
    "avg_forward_min_return_pct": -4.1584
  },
  "notes": [
    "This is the first ML pass, using a pooled meta-label classifier over RULE_SET_7 BUY signals.",
    "RNN remains disabled; this path is a separate signal-quality filter using a lightweight classifier.",
    "Next step if this shows lift is to wire the chosen threshold into a live-parity backtest instead of signal-quality-only evaluation."
  ]
}
Saved: /home/ubuntu/Auto_Trader/reports/meta_label_lab_20260421_170314.json
Saved: /home/ubuntu/Auto_Trader/reports/meta_label_lab_20260421_170314.csv

1 Failed download:
['INDUSINVIT.NS']: YFPricesMissingError('possibly delisted; no price data found  (period=3y) (Yahoo error = "No data found, symbol may be delisted")')
Traceback (most recent call last):
  File "/home/ubuntu/Auto_Trader/scripts/meta_label_lab.py", line 418, in <module>
    raise SystemExit(main())
                     ^^^^^^
  File "/home/ubuntu/Auto_Trader/scripts/meta_label_lab.py", line 319, in main
    dataset = extract_signal_rows(data_map, anchor_buy, horizon=horizon, target_return=target_return, max_adverse_excursion=max_adverse_excursion)
              ^^^^^^^^^^^^^^^^^^^^^^^^^^^^^^^^^^^^^^^^^^^^^^^^^^^^^^^^^^^^^^^^^^^^^^^^^^^^^^^^^^^^^^^^^^^^^^^^^^^^^^^^^^^^^^^^^^^^^^^^^^^^^^^^^^^^
  File "/home/ubuntu/Auto_Trader/scripts/meta_label_lab.py", line 208, in extract_signal_rows
    raise RuntimeError("No BUY signals found for meta-label dataset")
RuntimeError: No BUY signals found for meta-label dataset

1 Failed download:
['INDUSINVIT.NS']: YFPricesMissingError('possibly delisted; no price data found  (period=3y) (Yahoo error = "No data found, symbol may be delisted")')
Traceback (most recent call last):
  File "/home/ubuntu/Auto_Trader/scripts/meta_label_lab.py", line 418, in <module>
    raise SystemExit(main())
                     ^^^^^^
  File "/home/ubuntu/Auto_Trader/scripts/meta_label_lab.py", line 319, in main
    dataset = extract_signal_rows(data_map, anchor_buy, horizon=horizon, target_return=target_return, max_adverse_excursion=max_adverse_excursion)
              ^^^^^^^^^^^^^^^^^^^^^^^^^^^^^^^^^^^^^^^^^^^^^^^^^^^^^^^^^^^^^^^^^^^^^^^^^^^^^^^^^^^^^^^^^^^^^^^^^^^^^^^^^^^^^^^^^^^^^^^^^^^^^^^^^^^^
  File "/home/ubuntu/Auto_Trader/scripts/meta_label_lab.py", line 208, in extract_signal_rows
    raise RuntimeError("No BUY signals found for meta-label dataset")
RuntimeError: No BUY signals found for meta-label dataset
{
  "generated_at": "2026-04-24T17:05:08.871997+05:30",
  "lab_type": "meta_label_signal_quality",
  "anchor_variant": "regime_filter_007",
  "anchor_report": null,
  "anchor_buy": {
    "adx_min": 10,
    "volume_confirm_mult": 0.85,
    "ich_cloud_bull": 0,
    "regime_filter_enabled": 1,
    "regime_ema_fast": 50,
    "regime_ema_slow": 200
  },
  "anchor_sell": {
    "breakeven_trigger_pct": 4.0
  },
  "scorecard_context": {
    "scorecard_found": true,
    "scorecard_path": "/home/ubuntu/Auto_Trader/reports/daily_scorecard_2026-04-24.json",
    "date": "2026-04-24",
    "orders": 1,
    "trades": 2,
    "buy_placed": 0,
    "sell_placed": 0,
    "estimated_realized_pnl": 0,
    "verdict": "GOOD",
    "log_counts": {
      "market_blocked": 0,
      "tick_size": 0,
      "ws_close": 1,
      "order_failed": 0,
      "buy_placed": 0,
      "sell_placed": 0
    },
    "no_trade_day": false,
    "optimization_focus": [
      "balanced_search"
    ],
    "code_findings": [
      "websocket_reconnect_review"
    ]
  },
  "tradebook_context": {
    "tradebook_found": false,
    "optimization_focus": [],
    "code_findings": [],
    "top_symbols": []
  },
  "data_context": {
    "requested_symbols": [
      "HDFCBANK",
      "BHARTIARTL",
      "SBIN",
      "TCS",
      "LT",
      "LICI",
      "INFY",
      "AXISBANK",
      "MARUTI",
      "SUNPHARMA",
      "NTPC",
      "ITC",
      "ADANIPORTS",
      "KOTAKBANK",
      "M&M",
      "ONGC",
      "HCLTECH",
      "POWERGRID",
      "HAL",
      "VEDL",
      "COALINDIA",
      "BAJAJ-AUTO",
      "HINDZINC",
      "HINDALCO",
      "WIPRO",
      "IOC",
      "INDIGO",
      "PFC",
      "HYUNDAI",
      "DLF",
      "BANKBARODA",
      "UNIONBANK",
      "BPCL",
      "MOTHERSON",
      "TMPV",
      "PNB",
      "CANBK",
      "INDIANB",
      "AMBUJACEM",
      "DRREDDY",
      "GAIL",
      "LUPIN",
      "INDUSTOWER",
      "CIPLA",
      "HEROMOTOCO",
      "ASHOKLEY",
      "RECLTD",
      "ZYDUSLIFE",
      "LODHA",
      "AUROPHARMA",
      "NATIONALUM",
      "HINDPETRO",
      "IDBI",
      "OIL",
      "NMDC",
      "SUZLON",
      "GICRE",
      "BANKINDIA",
      "ALKEM",
      "JSL",
      "OBEROIRLTY",
      "COROMANDEL",
      "MAHABANK",
      "JSWINFRA",
      "MRF",
      "GODREJPROP",
      "PIIND",
      "IRCTC",
      "BALKRISIND",
      "PETRONET",
      "NLCINDIA",
      "HUDCO",
      "EMBASSY",
      "AIIL",
      "CONCOR",
      "AIAENG",
      "ESCORTS",
      "ASTERDM",
      "GODFRYPHLP",
      "UCOBANK",
      "CENTRALBK",
      "WELCORP",
      "KPRMILL",
      "LICHSGFIN",
      "CHOLAHLDNG",
      "EXIDEIND",
      "TVSHLTD",
      "KARURVYSYA",
      "FORCEMOT",
      "HEXT",
      "BANDHANBNK",
      "APOLLOTYRE",
      "IRB",
      "ACC",
      "GUJGASLTD",
      "PNBHOUSING",
      "AWL",
      "SUNTV",
      "CESC",
      "IGL",
      "SHYAMMETL",
      "PFIZER",
      "EIHOTEL",
      "SARDAEN",
      "EMAMILTD",
      "GESHIP",
      "GPIL",
      "NAVA",
      "BRIGADE",
      "NATCOPHARM",
      "CASTROLIND",
      "CHAMBLFERT",
      "CIEINDIA",
      "INOXWIND",
      "SUNDRMFAST",
      "REDINGTON",
      "RATNAMANI",
      "SYNGENE",
      "GRANULES",
      "ARE&M",
      "VTL",
      "VERTIS",
      "CROMPTON",
      "KANSAINER",
      "GSPL",
      "DEEPAKFERT",
      "SHRIPISTON",
      "JINDALSAW",
      "EIDPARRY",
      "KEC",
      "IGIL",
      "APLLTD",
      "JUBLPHARMA",
      "CEATLTD",
      "FINCABLES",
      "TECHNOE",
      "LTFOODS",
      "IRCON",
      "GRAPHITE",
      "FIVESTAR",
      "PARADEEP",
      "J&KBANK",
      "ENGINERSIN",
      "SCI",
      "JPPOWER",
      "KIRLOSBROS",
      "CMPDI",
      "CAPLIPOINT",
      "JMFINANCIL",
      "TRIDENT",
      "ALIVUS",
      "INDIAMART",
      "APTUS",
      "ZENSARTECH",
      "WELSPUNLIV",
      "RPOWER",
      "JWL",
      "JKTYRE",
      "WHIRLPOOL",
      "CANFINHOME",
      "AFCONS",
      "INDGN",
      "GODREJAGRO",
      "ELECON",
      "PCBL",
      "CEMPRO",
      "UJJIVANSFB",
      "IEX",
      "MGL",
      "MANYAVAR",
      "WAAREERTL",
      "VOLTAMP",
      "CONCORDBIO",
      "BALRAMCHIN",
      "ACE",
      "FINPIPE",
      "BSOFT",
      "BBTC",
      "NUVOCO",
      "SWANCORP",
      "RITES",
      "NCC",
      "TMB",
      "SOUTHBANK",
      "SANDUMA",
      "ARVIND",
      "VESUVIUS",
      "RKFORGE",
      "TITAGARH",
      "IIFLCAPS",
      "STAR",
      "GRWRHITECH",
      "BATAINDIA",
      "TARIL",
      "JYOTHYLAB",
      "PCJEWELLER",
      "CELLO",
      "TIMETECHNO",
      "KTKBANK",
      "BANCOINDIA",
      "ZEEL",
      "MAHSEAMLES",
      "MARKSANS",
      "PGHL",
      "SKFINDIA",
      "ASKAUTOLTD",
      "PGINVIT",
      "GRINFRA",
      "GMRP&UI",
      "KRBL",
      "IMFA",
      "NESCO",
      "TIPSMUSIC",
      "AKUMS",
      "JKLAKSHMI",
      "KAMAHOLD",
      "SANOFI",
      "TRANSRAILL",
      "ISGEC",
      "POWERMECH",
      "GPPL",
      "PRAJIND",
      "DBL",
      "SONATSOFTW",
      "PGIL",
      "BIRLACORPN",
      "RCF",
      "BLUEJET",
      "EPL",
      "TCI",
      "GAEL",
      "GNFC",
      "CERA",
      "WELENT",
      "GSFC",
      "LOTUSDEV",
      "JKPAPER",
      "SHAKTIPUMP",
      "KIRLPNU",
      "NEWGEN",
      "DODLA",
      "SAREGAMA",
      "GOKULAGRO",
      "EMBDL",
      "TANLA",
      "MOIL",
      "CSBBANK",
      "INDIAGLYCO",
      "JAIBALAJI",
      "SHREMINVIT",
      "GALAXYSURF",
      "GARFIBRES",
      "AARTIPHARM",
      "DCBBANK",
      "KOVAI",
      "AJAXENGG",
      "BAJAJCON",
      "FDC",
      "KIRLFER",
      "SAATVIKGL",
      "AHLUCONT",
      "ASHAPURMIN",
      "FIEMIND",
      "INDUSINVIT",
      "BALUFORGE",
      "LGBBROSLTD",
      "TIIL",
      "SMLMAH",
      "PNCINFRA",
      "CEIGALL",
      "SYMPHONY",
      "PTC",
      "NETWORK18",
      "MASTEK",
      "GANESHHOU",
      "SUPRIYA",
      "RTNPOWER",
      "GOKEX",
      "SENCO",
      "ICIL",
      "NDRINVIT",
      "LUXIND",
      "SURYAROSNI",
      "SUNTECK",
      "EPIGRAL",
      "CMSINFO",
      "SUBROS",
      "JAMNAAUTO",
      "CPSEETF",
      "NIFTYBETA",
      "SILVERBEES",
      "ITBEES",
      "GOLDBEES",
      "BANKBEES",
      "MIDCAPETF",
      "SMALLCAP"
    ],
    "requested_symbol_count": 296,
    "loaded_symbols": [
      "HDFCBANK",
      "BHARTIARTL",
      "SBIN",
      "TCS",
      "LT",
      "LICI",
      "INFY",
      "AXISBANK",
      "MARUTI",
      "SUNPHARMA",
      "NTPC",
      "ITC",
      "ADANIPORTS",
      "KOTAKBANK",
      "M&M",
      "ONGC",
      "HCLTECH",
      "POWERGRID",
      "HAL",
      "VEDL",
      "COALINDIA",
      "BAJAJ-AUTO",
      "HINDZINC",
      "HINDALCO",
      "WIPRO",
      "IOC",
      "INDIGO",
      "PFC",
      "HYUNDAI",
      "DLF",
      "BANKBARODA",
      "UNIONBANK",
      "BPCL",
      "MOTHERSON",
      "TMPV",
      "PNB",
      "CANBK",
      "INDIANB",
      "AMBUJACEM",
      "DRREDDY",
      "GAIL",
      "LUPIN",
      "INDUSTOWER",
      "CIPLA",
      "HEROMOTOCO",
      "ASHOKLEY",
      "RECLTD",
      "ZYDUSLIFE",
      "LODHA",
      "AUROPHARMA",
      "NATIONALUM",
      "HINDPETRO",
      "IDBI",
      "OIL",
      "NMDC",
      "SUZLON",
      "GICRE",
      "BANKINDIA",
      "ALKEM",
      "JSL",
      "OBEROIRLTY",
      "COROMANDEL",
      "MAHABANK",
      "JSWINFRA",
      "MRF",
      "GODREJPROP",
      "PIIND",
      "IRCTC",
      "BALKRISIND",
      "PETRONET",
      "NLCINDIA",
      "HUDCO",
      "EMBASSY",
      "AIIL",
      "CONCOR",
      "AIAENG",
      "ESCORTS",
      "ASTERDM",
      "GODFRYPHLP",
      "UCOBANK",
      "CENTRALBK",
      "WELCORP",
      "KPRMILL",
      "LICHSGFIN",
      "CHOLAHLDNG",
      "EXIDEIND",
      "TVSHLTD",
      "KARURVYSYA",
      "FORCEMOT",
      "HEXT",
      "BANDHANBNK",
      "APOLLOTYRE",
      "IRB",
      "ACC",
      "GUJGASLTD",
      "PNBHOUSING",
      "AWL",
      "SUNTV",
      "CESC",
      "IGL",
      "SHYAMMETL",
      "PFIZER",
      "EIHOTEL",
      "SARDAEN",
      "EMAMILTD",
      "GESHIP",
      "GPIL",
      "NAVA",
      "BRIGADE",
      "NATCOPHARM",
      "CASTROLIND",
      "CHAMBLFERT",
      "CIEINDIA",
      "INOXWIND",
      "SUNDRMFAST",
      "REDINGTON",
      "RATNAMANI",
      "SYNGENE",
      "GRANULES",
      "ARE&M",
      "VTL",
      "VERTIS",
      "CROMPTON",
      "KANSAINER",
      "GSPL",
      "DEEPAKFERT",
      "SHRIPISTON",
      "JINDALSAW",
      "EIDPARRY",
      "KEC",
      "IGIL",
      "APLLTD",
      "JUBLPHARMA",
      "CEATLTD",
      "FINCABLES",
      "TECHNOE",
      "LTFOODS",
      "IRCON",
      "GRAPHITE",
      "FIVESTAR",
      "PARADEEP",
      "J&KBANK",
      "ENGINERSIN",
      "SCI",
      "JPPOWER",
      "KIRLOSBROS",
      "CAPLIPOINT",
      "JMFINANCIL",
      "TRIDENT",
      "ALIVUS",
      "INDIAMART",
      "APTUS",
      "ZENSARTECH",
      "WELSPUNLIV",
      "RPOWER",
      "JWL",
      "JKTYRE",
      "WHIRLPOOL",
      "CANFINHOME",
      "AFCONS",
      "INDGN",
      "GODREJAGRO",
      "ELECON",
      "PCBL",
      "CEMPRO",
      "UJJIVANSFB",
      "IEX",
      "MGL",
      "MANYAVAR",
      "VOLTAMP",
      "CONCORDBIO",
      "BALRAMCHIN",
      "ACE",
      "FINPIPE",
      "BSOFT",
      "BBTC",
      "NUVOCO",
      "SWANCORP",
      "RITES",
      "NCC",
      "TMB",
      "SOUTHBANK",
      "SANDUMA",
      "ARVIND",
      "VESUVIUS",
      "RKFORGE",
      "TITAGARH",
      "IIFLCAPS",
      "STAR",
      "GRWRHITECH",
      "BATAINDIA",
      "TARIL",
      "JYOTHYLAB",
      "PCJEWELLER",
      "CELLO",
      "TIMETECHNO",
      "KTKBANK",
      "BANCOINDIA",
      "ZEEL",
      "MAHSEAMLES",
      "MARKSANS",
      "PGHL",
      "SKFINDIA",
      "ASKAUTOLTD",
      "PGINVIT",
      "GRINFRA",
      "GMRP&UI",
      "KRBL",
      "IMFA",
      "NESCO",
      "TIPSMUSIC",
      "AKUMS",
      "JKLAKSHMI",
      "KAMAHOLD",
      "SANOFI",
      "TRANSRAILL",
      "ISGEC",
      "POWERMECH",
      "GPPL",
      "PRAJIND",
      "DBL",
      "SONATSOFTW",
      "PGIL",
      "BIRLACORPN",
      "RCF",
      "BLUEJET",
      "EPL",
      "TCI",
      "GAEL",
      "GNFC",
      "CERA",
      "WELENT",
      "GSFC",
      "JKPAPER",
      "SHAKTIPUMP",
      "KIRLPNU",
      "NEWGEN",
      "DODLA",
      "SAREGAMA",
      "GOKULAGRO",
      "EMBDL",
      "TANLA",
      "MOIL",
      "CSBBANK",
      "INDIAGLYCO",
      "JAIBALAJI",
      "SHREMINVIT",
      "GALAXYSURF",
      "GARFIBRES",
      "AARTIPHARM",
      "DCBBANK",
      "KOVAI",
      "AJAXENGG",
      "BAJAJCON",
      "FDC",
      "KIRLFER",
      "AHLUCONT",
      "ASHAPURMIN",
      "FIEMIND",
      "INDUSINVIT",
      "BALUFORGE",
      "LGBBROSLTD",
      "TIIL",
      "SMLMAH",
      "PNCINFRA",
      "CEIGALL",
      "SYMPHONY",
      "PTC",
      "NETWORK18",
      "MASTEK",
      "GANESHHOU",
      "SUPRIYA",
      "RTNPOWER",
      "GOKEX",
      "SENCO",
      "ICIL",
      "NDRINVIT",
      "LUXIND",
      "SURYAROSNI",
      "SUNTECK",
      "EPIGRAL",
      "CMSINFO",
      "SUBROS",
      "JAMNAAUTO",
      "CPSEETF",
      "NIFTYBETA",
      "SILVERBEES",
      "ITBEES",
      "GOLDBEES",
      "BANKBEES",
      "MIDCAPETF",
      "SMALLCAP"
    ],
    "loaded_symbol_count": 292,
    "skipped_symbols": {
      "CMPDI": "too_short:16",
      "WAAREERTL": "too_short:256",
      "LOTUSDEV": "too_short:175",
      "SAATVIKGL": "too_short:140"
    },
    "fallback_symbols": [],
    "history_period": "3y",
    "min_history_bars": 260,
    "use_approved_universe": true,
    "precache": {
      "enabled": true,
      "requested": 296,
      "cached_before": 296,
      "downloaded": 0,
      "missing_after": 0,
      "workers": 0
    }
  },
  "dataset": {
    "signals_total": 970,
    "train_signals": 679,
    "test_signals": 291,
    "positive_rate_total_pct": 36.08,
    "positive_rate_test_pct": 29.21,
    "baseline_avg_forward_end_return_pct": 0.151,
    "baseline_avg_forward_max_return_pct": 4.02,
    "horizon_bars": 10,
    "target_return_pct": 3.0,
    "max_adverse_excursion_pct": 2.5
  },
  "model": {
    "algorithm": "HistGradientBoostingClassifier",
    "feature_count": 64,
    "accuracy": 0.6014,
    "precision": 0.2817,
    "recall": 0.2353,
    "roc_auc": 0.513
  },
  "threshold_scan": [
    {
      "threshold": 0.5,
      "selected_signals": 71,
      "selected_pct": 24.4,
      "positive_rate_pct": 28.17,
      "avg_forward_end_return_pct": -0.803,
      "avg_forward_max_return_pct": 3.4297,
      "avg_forward_min_return_pct": -4.4108
    },
    {
      "threshold": 0.55,
      "selected_signals": 46,
      "selected_pct": 15.81,
      "positive_rate_pct": 30.43,
      "avg_forward_end_return_pct": -0.643,
      "avg_forward_max_return_pct": 3.6803,
      "avg_forward_min_return_pct": -4.5621
    },
    {
      "threshold": 0.6,
      "selected_signals": 35,
      "selected_pct": 12.03,
      "positive_rate_pct": 34.29,
      "avg_forward_end_return_pct": 0.1853,
      "avg_forward_max_return_pct": 4.3795,
      "avg_forward_min_return_pct": -3.8516
    },
    {
      "threshold": 0.65,
      "selected_signals": 21,
      "selected_pct": 7.22,
      "positive_rate_pct": 33.33,
      "avg_forward_end_return_pct": 0.5984,
      "avg_forward_max_return_pct": 4.5911,
      "avg_forward_min_return_pct": -3.9109
    },
    {
      "threshold": 0.7,
      "selected_signals": 13,
      "selected_pct": 4.47,
      "positive_rate_pct": 23.08,
      "avg_forward_end_return_pct": -0.6851,
      "avg_forward_max_return_pct": 3.3297,
      "avg_forward_min_return_pct": -5.2784
    }
  ],
  "recommended_threshold": {
    "threshold": 0.6,
    "selected_signals": 35,
    "selected_pct": 12.03,
    "positive_rate_pct": 34.29,
    "avg_forward_end_return_pct": 0.1853,
    "avg_forward_max_return_pct": 4.3795,
    "avg_forward_min_return_pct": -3.8516
  },
  "notes": [
    "This is the first ML pass, using a pooled meta-label classifier over RULE_SET_7 BUY signals.",
    "RNN remains disabled; this path is a separate signal-quality filter using a lightweight classifier.",
    "Next step if this shows lift is to wire the chosen threshold into a live-parity backtest instead of signal-quality-only evaluation."
  ]
}
Saved: /home/ubuntu/Auto_Trader/reports/meta_label_lab_20260424_170508.json
Saved: /home/ubuntu/Auto_Trader/reports/meta_label_lab_20260424_170508.csv
{
  "generated_at": "2026-04-27T17:06:04.707445+05:30",
  "lab_type": "meta_label_signal_quality",
  "anchor_variant": "regime_filter_007",
  "anchor_report": null,
  "anchor_buy": {
    "adx_min": 10,
    "volume_confirm_mult": 0.85,
    "ich_cloud_bull": 0,
    "regime_filter_enabled": 1,
    "regime_ema_fast": 50,
    "regime_ema_slow": 200
  },
  "anchor_sell": {
    "breakeven_trigger_pct": 4.0
  },
  "scorecard_context": {
    "scorecard_found": true,
    "scorecard_path": "/home/ubuntu/Auto_Trader/reports/daily_scorecard_2026-04-27.json",
    "date": "2026-04-27",
    "orders": 0,
    "trades": 0,
    "buy_placed": 0,
    "sell_placed": 0,
    "estimated_realized_pnl": 0,
    "verdict": "GOOD",
    "log_counts": {
      "market_blocked": 0,
      "tick_size": 0,
      "ws_close": 1,
      "order_failed": 0,
      "buy_placed": 0,
      "sell_placed": 0
    },
    "no_trade_day": true,
    "optimization_focus": [
      "expand_buy_sensitivity"
    ],
    "code_findings": [
      "websocket_reconnect_review"
    ]
  },
  "tradebook_context": {
    "tradebook_found": false,
    "optimization_focus": [],
    "code_findings": [],
    "top_symbols": []
  },
  "data_context": {
    "requested_symbols": [
      "HDFCBANK",
      "BHARTIARTL",
      "SBIN",
      "TCS",
      "LT",
      "LICI",
      "INFY",
      "AXISBANK",
      "MARUTI",
      "NTPC",
      "SUNPHARMA",
      "ITC",
      "KOTAKBANK",
      "ADANIPORTS",
      "M&M",
      "ONGC",
      "HCLTECH",
      "POWERGRID",
      "HAL",
      "VEDL",
      "COALINDIA",
      "BAJAJ-AUTO",
      "HINDZINC",
      "HINDALCO",
      "WIPRO",
      "IOC",
      "INDIGO",
      "PFC",
      "DLF",
      "HYUNDAI",
      "BANKBARODA",
      "UNIONBANK",
      "BPCL",
      "MOTHERSON",
      "PNB",
      "TMPV",
      "CANBK",
      "INDIANB",
      "AMBUJACEM",
      "DRREDDY",
      "GAIL",
      "INDUSTOWER",
      "LUPIN",
      "CIPLA",
      "ASHOKLEY",
      "HEROMOTOCO",
      "RECLTD",
      "ZYDUSLIFE",
      "LODHA",
      "AUROPHARMA",
      "IDBI",
      "NATIONALUM",
      "HINDPETRO",
      "NMDC",
      "OIL",
      "SUZLON",
      "GICRE",
      "BANKINDIA",
      "JSL",
      "ALKEM",
      "OBEROIRLTY",
      "MAHABANK",
      "COROMANDEL",
      "JSWINFRA",
      "MRF",
      "GODREJPROP",
      "PIIND",
      "IRCTC",
      "BALKRISIND",
      "HUDCO",
      "NLCINDIA",
      "AIIL",
      "EMBASSY",
      "PETRONET",
      "M&MFIN",
      "CONCOR",
      "AIAENG",
      "ASTERDM",
      "ESCORTS",
      "UCOBANK",
      "GODFRYPHLP",
      "ENDURANCE",
      "CENTRALBK",
      "WELCORP",
      "KPRMILL",
      "LICHSGFIN",
      "CHOLAHLDNG",
      "EXIDEIND",
      "TVSHLTD",
      "KARURVYSYA",
      "BANDHANBNK",
      "HEXT",
      "PNBHOUSING",
      "APOLLOTYRE",
      "FORCEMOT",
      "ACC",
      "GUJGASLTD",
      "IRB",
      "AWL",
      "CESC",
      "SUNTV",
      "IGL",
      "SHYAMMETL",
      "PFIZER",
      "SARDAEN",
      "EIHOTEL",
      "EMAMILTD",
      "GESHIP",
      "ATUL",
      "NATCOPHARM",
      "GPIL",
      "BRIGADE",
      "NAVA",
      "RATNAMANI",
      "CASTROLIND",
      "CHAMBLFERT",
      "CIEINDIA",
      "INOXWIND",
      "GRANULES",
      "VTL",
      "REDINGTON",
      "SYNGENE",
      "SUNDRMFAST",
      "ANANTRAJ",
      "VERTIS",
      "CROMPTON",
      "ARE&M",
      "KANSAINER",
      "GSPL",
      "DEEPAKFERT",
      "CHENNPETRO",
      "SHRIPISTON",
      "KEC",
      "JINDALSAW",
      "EIDPARRY",
      "IGIL",
      "JUBLPHARMA",
      "FINCABLES",
      "APLLTD",
      "LTFOODS",
      "FIVESTAR",
      "TECHNOE",
      "GRAPHITE",
      "IRCON",
      "CEATLTD",
      "J&KBANK",
      "PARADEEP",
      "ENGINERSIN",
      "SCI",
      "JMFINANCIL",
      "JPPOWER",
      "CAPLIPOINT",
      "KIRLOSBROS",
      "TRIDENT",
      "CMPDI",
      "ALIVUS",
      "INDIAMART",
      "WELSPUNLIV",
      "ZENSARTECH",
      "CANFINHOME",
      "WHIRLPOOL",
      "JWL",
      "INDGN",
      "RPOWER",
      "AFCONS",
      "ELECON",
      "GODREJAGRO",
      "JKTYRE",
      "MGL",
      "CEMPRO",
      "PCBL",
      "UJJIVANSFB",
      "IEX",
      "MANYAVAR",
      "VOLTAMP",
      "ACE",
      "WAAREERTL",
      "FINPIPE",
      "CONCORDBIO",
      "NUVOCO",
      "BALRAMCHIN",
      "RITES",
      "BBTC",
      "BSOFT",
      "SWANCORP",
      "SANDUMA",
      "TITAGARH",
      "NCC",
      "VESUVIUS",
      "TMB",
      "SOUTHBANK",
      "ARVIND",
      "IIFLCAPS",
      "RKFORGE",
      "STAR",
      "TARIL",
      "JYOTHYLAB",
      "BATAINDIA",
      "CELLO",
      "GRWRHITECH",
      "JAYNECOIND",
      "KTKBANK",
      "TIMETECHNO",
      "PCJEWELLER",
      "BANCOINDIA",
      "MARKSANS",
      "MAHSEAMLES",
      "PGHL",
      "TIPSMUSIC",
      "PGINVIT",
      "ZEEL",
      "ASKAUTOLTD",
      "SKFINDIA",
      "GRINFRA",
      "GMRP&UI",
      "KRBL",
      "NESCO",
      "IMFA",
      "KAMAHOLD",
      "JKLAKSHMI",
      "SANOFI",
      "AKUMS",
      "ISGEC",
      "TRANSRAILL",
      "POWERMECH",
      "GPPL",
      "DBL",
      "PRAJIND",
      "EPL",
      "TCI",
      "PGIL",
      "SONATSOFTW",
      "LOTUSDEV",
      "RCF",
      "BLUEJET",
      "BIRLACORPN",
      "GAEL",
      "WELENT",
      "GNFC",
      "CERA",
      "GSFC",
      "JKPAPER",
      "SHAKTIPUMP",
      "GOKULAGRO",
      "BENGALASM",
      "SAREGAMA",
      "EMBDL",
      "DODLA",
      "NEWGEN",
      "JAIBALAJI",
      "MOIL",
      "CSBBANK",
      "INDIAGLYCO",
      "SHREMINVIT",
      "TANLA",
      "AARTIPHARM",
      "GALAXYSURF",
      "GARFIBRES",
      "DCBBANK",
      "KOVAI",
      "AJAXENGG",
      "KIRLFER",
      "FDC",
      "AHLUCONT",
      "BAJAJCON",
      "ASHAPURMIN",
      "SAATVIKGL",
      "INDUSINVIT",
      "FIEMIND",
      "BALUFORGE",
      "CEIGALL",
      "TIIL",
      "SMLMAH",
      "LGBBROSLTD",
      "PNCINFRA",
      "SYMPHONY",
      "PTC",
      "GANESHHOU",
      "NETWORK18",
      "MASTEK",
      "NDRINVIT",
      "ICIL",
      "SENCO",
      "GOKEX",
      "EPIGRAL",
      "SUPRIYA",
      "SUNTECK",
      "SURYAROSNI",
      "RTNPOWER",
      "CPSEETF",
      "NIFTYBETA",
      "SILVERBEES",
      "ITBEES",
      "GOLDBEES",
      "BANKBEES",
      "MIDCAPETF",
      "SMALLCAP"
    ],
    "requested_symbol_count": 297,
    "loaded_symbols": [
      "HDFCBANK",
      "BHARTIARTL",
      "SBIN",
      "TCS",
      "LT",
      "LICI",
      "INFY",
      "AXISBANK",
      "MARUTI",
      "NTPC",
      "SUNPHARMA",
      "ITC",
      "KOTAKBANK",
      "ADANIPORTS",
      "M&M",
      "ONGC",
      "HCLTECH",
      "POWERGRID",
      "HAL",
      "VEDL",
      "COALINDIA",
      "BAJAJ-AUTO",
      "HINDZINC",
      "HINDALCO",
      "WIPRO",
      "IOC",
      "INDIGO",
      "PFC",
      "DLF",
      "HYUNDAI",
      "BANKBARODA",
      "UNIONBANK",
      "BPCL",
      "MOTHERSON",
      "PNB",
      "TMPV",
      "CANBK",
      "INDIANB",
      "AMBUJACEM",
      "DRREDDY",
      "GAIL",
      "INDUSTOWER",
      "LUPIN",
      "CIPLA",
      "ASHOKLEY",
      "HEROMOTOCO",
      "RECLTD",
      "ZYDUSLIFE",
      "LODHA",
      "AUROPHARMA",
      "IDBI",
      "NATIONALUM",
      "HINDPETRO",
      "NMDC",
      "OIL",
      "SUZLON",
      "GICRE",
      "BANKINDIA",
      "JSL",
      "ALKEM",
      "OBEROIRLTY",
      "MAHABANK",
      "COROMANDEL",
      "JSWINFRA",
      "MRF",
      "GODREJPROP",
      "PIIND",
      "IRCTC",
      "BALKRISIND",
      "HUDCO",
      "NLCINDIA",
      "AIIL",
      "EMBASSY",
      "PETRONET",
      "M&MFIN",
      "CONCOR",
      "AIAENG",
      "ASTERDM",
      "ESCORTS",
      "UCOBANK",
      "GODFRYPHLP",
      "ENDURANCE",
      "CENTRALBK",
      "WELCORP",
      "KPRMILL",
      "LICHSGFIN",
      "CHOLAHLDNG",
      "EXIDEIND",
      "TVSHLTD",
      "KARURVYSYA",
      "BANDHANBNK",
      "HEXT",
      "PNBHOUSING",
      "APOLLOTYRE",
      "FORCEMOT",
      "ACC",
      "GUJGASLTD",
      "IRB",
      "AWL",
      "CESC",
      "SUNTV",
      "IGL",
      "SHYAMMETL",
      "PFIZER",
      "SARDAEN",
      "EIHOTEL",
      "EMAMILTD",
      "GESHIP",
      "ATUL",
      "NATCOPHARM",
      "GPIL",
      "BRIGADE",
      "NAVA",
      "RATNAMANI",
      "CASTROLIND",
      "CHAMBLFERT",
      "CIEINDIA",
      "INOXWIND",
      "GRANULES",
      "VTL",
      "REDINGTON",
      "SYNGENE",
      "SUNDRMFAST",
      "ANANTRAJ",
      "VERTIS",
      "CROMPTON",
      "ARE&M",
      "KANSAINER",
      "GSPL",
      "DEEPAKFERT",
      "CHENNPETRO",
      "SHRIPISTON",
      "KEC",
      "JINDALSAW",
      "EIDPARRY",
      "IGIL",
      "JUBLPHARMA",
      "FINCABLES",
      "APLLTD",
      "LTFOODS",
      "FIVESTAR",
      "TECHNOE",
      "GRAPHITE",
      "IRCON",
      "CEATLTD",
      "J&KBANK",
      "PARADEEP",
      "ENGINERSIN",
      "SCI",
      "JMFINANCIL",
      "JPPOWER",
      "CAPLIPOINT",
      "KIRLOSBROS",
      "TRIDENT",
      "ALIVUS",
      "INDIAMART",
      "WELSPUNLIV",
      "ZENSARTECH",
      "CANFINHOME",
      "WHIRLPOOL",
      "JWL",
      "INDGN",
      "RPOWER",
      "AFCONS",
      "ELECON",
      "GODREJAGRO",
      "JKTYRE",
      "MGL",
      "CEMPRO",
      "PCBL",
      "UJJIVANSFB",
      "IEX",
      "MANYAVAR",
      "VOLTAMP",
      "ACE",
      "FINPIPE",
      "CONCORDBIO",
      "NUVOCO",
      "BALRAMCHIN",
      "RITES",
      "BBTC",
      "BSOFT",
      "SWANCORP",
      "SANDUMA",
      "TITAGARH",
      "NCC",
      "VESUVIUS",
      "TMB",
      "SOUTHBANK",
      "ARVIND",
      "IIFLCAPS",
      "RKFORGE",
      "STAR",
      "TARIL",
      "JYOTHYLAB",
      "BATAINDIA",
      "CELLO",
      "GRWRHITECH",
      "JAYNECOIND",
      "KTKBANK",
      "TIMETECHNO",
      "PCJEWELLER",
      "BANCOINDIA",
      "MARKSANS",
      "MAHSEAMLES",
      "PGHL",
      "TIPSMUSIC",
      "PGINVIT",
      "ZEEL",
      "ASKAUTOLTD",
      "SKFINDIA",
      "GRINFRA",
      "GMRP&UI",
      "KRBL",
      "NESCO",
      "IMFA",
      "KAMAHOLD",
      "JKLAKSHMI",
      "SANOFI",
      "AKUMS",
      "ISGEC",
      "TRANSRAILL",
      "POWERMECH",
      "GPPL",
      "DBL",
      "PRAJIND",
      "EPL",
      "TCI",
      "PGIL",
      "SONATSOFTW",
      "RCF",
      "BLUEJET",
      "BIRLACORPN",
      "GAEL",
      "WELENT",
      "GNFC",
      "CERA",
      "GSFC",
      "JKPAPER",
      "SHAKTIPUMP",
      "GOKULAGRO",
      "BENGALASM",
      "SAREGAMA",
      "EMBDL",
      "DODLA",
      "NEWGEN",
      "JAIBALAJI",
      "MOIL",
      "CSBBANK",
      "INDIAGLYCO",
      "SHREMINVIT",
      "TANLA",
      "AARTIPHARM",
      "GALAXYSURF",
      "GARFIBRES",
      "DCBBANK",
      "KOVAI",
      "AJAXENGG",
      "KIRLFER",
      "FDC",
      "AHLUCONT",
      "BAJAJCON",
      "ASHAPURMIN",
      "INDUSINVIT",
      "FIEMIND",
      "BALUFORGE",
      "CEIGALL",
      "TIIL",
      "SMLMAH",
      "LGBBROSLTD",
      "PNCINFRA",
      "SYMPHONY",
      "PTC",
      "GANESHHOU",
      "NETWORK18",
      "MASTEK",
      "NDRINVIT",
      "ICIL",
      "SENCO",
      "GOKEX",
      "EPIGRAL",
      "SUPRIYA",
      "SUNTECK",
      "SURYAROSNI",
      "RTNPOWER",
      "CPSEETF",
      "NIFTYBETA",
      "SILVERBEES",
      "ITBEES",
      "GOLDBEES",
      "BANKBEES",
      "MIDCAPETF",
      "SMALLCAP"
    ],
    "loaded_symbol_count": 293,
    "skipped_symbols": {
      "CMPDI": "too_short:17",
      "WAAREERTL": "too_short:257",
      "LOTUSDEV": "too_short:176",
      "SAATVIKGL": "too_short:141"
    },
    "fallback_symbols": [],
    "history_period": "3y",
    "min_history_bars": 260,
    "use_approved_universe": true,
    "precache": {
      "enabled": true,
      "requested": 297,
      "cached_before": 297,
      "downloaded": 0,
      "missing_after": 0,
      "workers": 0
    }
  },
  "dataset": {
    "signals_total": 967,
    "train_signals": 676,
    "test_signals": 291,
    "positive_rate_total_pct": 35.78,
    "positive_rate_test_pct": 27.84,
    "baseline_avg_forward_end_return_pct": -0.004,
    "baseline_avg_forward_max_return_pct": 3.9155,
    "horizon_bars": 10,
    "target_return_pct": 3.0,
    "max_adverse_excursion_pct": 2.5
  },
  "model": {
    "algorithm": "HistGradientBoostingClassifier",
    "feature_count": 64,
    "accuracy": 0.6323,
    "precision": 0.3143,
    "recall": 0.2716,
    "roc_auc": 0.523
  },
  "threshold_scan": [
    {
      "threshold": 0.5,
      "selected_signals": 70,
      "selected_pct": 24.05,
      "positive_rate_pct": 31.43,
      "avg_forward_end_return_pct": -0.5142,
      "avg_forward_max_return_pct": 3.8794,
      "avg_forward_min_return_pct": -4.2098
    },
    {
      "threshold": 0.55,
      "selected_signals": 48,
      "selected_pct": 16.49,
      "positive_rate_pct": 29.17,
      "avg_forward_end_return_pct": -0.5608,
      "avg_forward_max_return_pct": 3.8453,
      "avg_forward_min_return_pct": -4.3895
    },
    {
      "threshold": 0.6,
      "selected_signals": 34,
      "selected_pct": 11.68,
      "positive_rate_pct": 26.47,
      "avg_forward_end_return_pct": -0.1769,
      "avg_forward_max_return_pct": 4.0925,
      "avg_forward_min_return_pct": -4.5677
    },
    {
      "threshold": 0.65,
      "selected_signals": 22,
      "selected_pct": 7.56,
      "positive_rate_pct": 40.91,
      "avg_forward_end_return_pct": 0.7938,
      "avg_forward_max_return_pct": 4.7846,
      "avg_forward_min_return_pct": -3.5624
    },
    {
      "threshold": 0.7,
      "selected_signals": 12,
      "selected_pct": 4.12,
      "positive_rate_pct": 41.67,
      "avg_forward_end_return_pct": 0.9064,
      "avg_forward_max_return_pct": 4.0267,
      "avg_forward_min_return_pct": -3.4705
    }
  ],
  "recommended_threshold": {
    "threshold": 0.6,
    "selected_signals": 34,
    "selected_pct": 11.68,
    "positive_rate_pct": 26.47,
    "avg_forward_end_return_pct": -0.1769,
    "avg_forward_max_return_pct": 4.0925,
    "avg_forward_min_return_pct": -4.5677
  },
  "notes": [
    "This is the first ML pass, using a pooled meta-label classifier over RULE_SET_7 BUY signals.",
    "RNN remains disabled; this path is a separate signal-quality filter using a lightweight classifier.",
    "Next step if this shows lift is to wire the chosen threshold into a live-parity backtest instead of signal-quality-only evaluation."
  ]
}
Saved: /home/ubuntu/Auto_Trader/reports/meta_label_lab_20260427_170604.json
Saved: /home/ubuntu/Auto_Trader/reports/meta_label_lab_20260427_170604.csv
