[Tue Apr 28 21:58:27 IST 2026] Waiting for weekly_strategy_lab to finish...
status=running phase=evaluating_variants progress=45.8 done=287/626 current=focus_combo_170
status=running phase=evaluating_variants progress=48.7 done=305/626 current=focus_combo_188
status=running phase=evaluating_variants progress=50.6 done=317/626 current=focus_combo_200
status=running phase=evaluating_variants progress=52.6 done=329/626 current=focus_combo_212
status=running phase=evaluating_variants progress=54.5 done=341/626 current=focus_combo_224
status=running phase=evaluating_variants progress=56.4 done=353/626 current=focus_combo_236
status=running phase=evaluating_variants progress=57.3 done=359/626 current=curated_combo_002
status=running phase=evaluating_variants progress=59.3 done=371/626 current=curated_combo_014
status=running phase=evaluating_variants progress=62.1 done=389/626 current=curated_combo_032
status=running phase=evaluating_variants progress=64.1 done=401/626 current=curated_combo_044
status=running phase=evaluating_variants progress=65.5 done=410/626 current=curated_combo_053
status=running phase=evaluating_variants progress=66.9 done=419/626 current=curated_combo_062
status=running phase=evaluating_variants progress=69.2 done=433/626 current=curated_combo_076
status=running phase=evaluating_variants progress=71.1 done=445/626 current=curated_combo_088
status=running phase=evaluating_variants progress=74.6 done=467/626 current=curated_combo_110
status=running phase=evaluating_variants progress=77.3 done=484/626 current=curated_combo_127
status=running phase=evaluating_variants progress=79.4 done=497/626 current=curated_combo_140
status=running phase=evaluating_variants progress=82.3 done=515/626 current=curated_combo_158
status=running phase=evaluating_variants progress=85.0 done=532/626 current=curated_combo_175
status=running phase=evaluating_variants progress=88.0 done=551/626 current=curated_combo_194
status=running phase=evaluating_variants progress=89.9 done=563/626 current=curated_combo_206
status=running phase=evaluating_variants progress=93.6 done=586/626 current=curated_combo_229
status=running phase=evaluating_variants progress=95.7 done=599/626 current=po_hrp_002
status=running phase=evaluating_variants progress=98.6 done=617/626 current=po_hrp_020
[Tue Apr 28 23:58:41 IST 2026] Lab process no longer running.
[Tue Apr 28 23:58:41 IST 2026] Installing research libraries...
Collecting quantstats
  Using cached quantstats-0.0.81-py3-none-any.whl.metadata (10 kB)
Collecting optuna
  Using cached optuna-4.8.0-py3-none-any.whl.metadata (17 kB)
Collecting ruptures
  Using cached ruptures-1.1.10-cp310-cp310-macosx_11_0_arm64.whl.metadata (9.2 kB)
Collecting hmmlearn
  Using cached hmmlearn-0.3.3-cp310-cp310-macosx_10_9_universal2.whl.metadata (3.0 kB)
Collecting duckdb
  Using cached duckdb-1.5.2-cp310-cp310-macosx_11_0_arm64.whl.metadata (4.2 kB)
Collecting polars
  Using cached polars-1.40.1-py3-none-any.whl.metadata (10 kB)
Requirement already satisfied: matplotlib>=3.7.0 in ./venv/lib/python3.10/site-packages (from quantstats) (3.9.0)
Requirement already satisfied: numpy>=1.24.0 in ./venv/lib/python3.10/site-packages (from quantstats) (1.26.4)
Requirement already satisfied: pandas>=1.5.0 in ./venv/lib/python3.10/site-packages (from quantstats) (2.2.3)
Requirement already satisfied: python-dateutil>=2.8.0 in ./venv/lib/python3.10/site-packages (from quantstats) (2.9.0.post0)
Requirement already satisfied: scipy>=1.11.0 in ./venv/lib/python3.10/site-packages (from quantstats) (1.15.3)
Collecting seaborn>=0.13.0 (from quantstats)
  Using cached seaborn-0.13.2-py3-none-any.whl.metadata (5.4 kB)
Collecting tabulate>=0.9.0 (from quantstats)
  Using cached tabulate-0.10.0-py3-none-any.whl.metadata (40 kB)
Requirement already satisfied: yfinance>=0.2.40 in ./venv/lib/python3.10/site-packages (from quantstats) (0.2.66)
Collecting alembic>=1.5.0 (from optuna)
  Using cached alembic-1.18.4-py3-none-any.whl.metadata (7.2 kB)
Collecting colorlog (from optuna)
  Using cached colorlog-6.10.1-py3-none-any.whl.metadata (11 kB)
Requirement already satisfied: packaging>=20.0 in ./venv/lib/python3.10/site-packages (from optuna) (24.1)
Requirement already satisfied: sqlalchemy>=1.4.2 in ./venv/lib/python3.10/site-packages (from optuna) (2.0.37)
Requirement already satisfied: tqdm in ./venv/lib/python3.10/site-packages (from optuna) (4.66.4)
Requirement already satisfied: PyYAML in ./venv/lib/python3.10/site-packages (from optuna) (6.0.1)
Requirement already satisfied: scikit-learn!=0.22.0,>=0.16 in ./venv/lib/python3.10/site-packages (from hmmlearn) (1.6.1)
Collecting polars-runtime-32==1.40.1 (from polars)
  Using cached polars_runtime_32-1.40.1-cp310-abi3-macosx_11_0_arm64.whl.metadata (1.5 kB)
Collecting Mako (from alembic>=1.5.0->optuna)
  Using cached mako-1.3.11-py3-none-any.whl.metadata (2.9 kB)
Requirement already satisfied: typing-extensions>=4.12 in ./venv/lib/python3.10/site-packages (from alembic>=1.5.0->optuna) (4.15.0)
Requirement already satisfied: tomli in ./venv/lib/python3.10/site-packages (from alembic>=1.5.0->optuna) (2.2.1)
Requirement already satisfied: contourpy>=1.0.1 in ./venv/lib/python3.10/site-packages (from matplotlib>=3.7.0->quantstats) (1.3.1)
Requirement already satisfied: cycler>=0.10 in ./venv/lib/python3.10/site-packages (from matplotlib>=3.7.0->quantstats) (0.12.1)
Requirement already satisfied: fonttools>=4.22.0 in ./venv/lib/python3.10/site-packages (from matplotlib>=3.7.0->quantstats) (4.56.0)
Requirement already satisfied: kiwisolver>=1.3.1 in ./venv/lib/python3.10/site-packages (from matplotlib>=3.7.0->quantstats) (1.4.8)
Requirement already satisfied: pillow>=8 in ./venv/lib/python3.10/site-packages (from matplotlib>=3.7.0->quantstats) (10.4.0)
Requirement already satisfied: pyparsing>=2.3.1 in ./venv/lib/python3.10/site-packages (from matplotlib>=3.7.0->quantstats) (3.2.1)
Requirement already satisfied: pytz>=2020.1 in ./venv/lib/python3.10/site-packages (from pandas>=1.5.0->quantstats) (2024.2)
Requirement already satisfied: tzdata>=2022.7 in ./venv/lib/python3.10/site-packages (from pandas>=1.5.0->quantstats) (2024.2)
Requirement already satisfied: six>=1.5 in ./venv/lib/python3.10/site-packages (from python-dateutil>=2.8.0->quantstats) (1.16.0)
Requirement already satisfied: joblib>=1.2.0 in ./venv/lib/python3.10/site-packages (from scikit-learn!=0.22.0,>=0.16->hmmlearn) (1.4.2)
Requirement already satisfied: threadpoolctl>=3.1.0 in ./venv/lib/python3.10/site-packages (from scikit-learn!=0.22.0,>=0.16->hmmlearn) (3.5.0)
Requirement already satisfied: requests>=2.31 in ./venv/lib/python3.10/site-packages (from yfinance>=0.2.40->quantstats) (2.32.3)
Requirement already satisfied: multitasking>=0.0.7 in ./venv/lib/python3.10/site-packages (from yfinance>=0.2.40->quantstats) (0.0.11)
Requirement already satisfied: platformdirs>=2.0.0 in ./venv/lib/python3.10/site-packages (from yfinance>=0.2.40->quantstats) (4.3.6)
Requirement already satisfied: frozendict>=2.3.4 in ./venv/lib/python3.10/site-packages (from yfinance>=0.2.40->quantstats) (2.4.5)
Requirement already satisfied: peewee>=3.16.2 in ./venv/lib/python3.10/site-packages (from yfinance>=0.2.40->quantstats) (3.17.6)
Requirement already satisfied: beautifulsoup4>=4.11.1 in ./venv/lib/python3.10/site-packages (from yfinance>=0.2.40->quantstats) (4.13.3)
Requirement already satisfied: curl_cffi>=0.7 in ./venv/lib/python3.10/site-packages (from yfinance>=0.2.40->quantstats) (0.13.0)
Requirement already satisfied: protobuf>=3.19.0 in ./venv/lib/python3.10/site-packages (from yfinance>=0.2.40->quantstats) (5.28.2)
Requirement already satisfied: websockets>=13.0 in ./venv/lib/python3.10/site-packages (from yfinance>=0.2.40->quantstats) (15.0.1)
Requirement already satisfied: soupsieve>1.2 in ./venv/lib/python3.10/site-packages (from beautifulsoup4>=4.11.1->yfinance>=0.2.40->quantstats) (2.6)
Requirement already satisfied: cffi>=1.12.0 in ./venv/lib/python3.10/site-packages (from curl_cffi>=0.7->yfinance>=0.2.40->quantstats) (1.17.1)
Requirement already satisfied: certifi>=2024.2.2 in ./venv/lib/python3.10/site-packages (from curl_cffi>=0.7->yfinance>=0.2.40->quantstats) (2024.8.30)
Requirement already satisfied: pycparser in ./venv/lib/python3.10/site-packages (from cffi>=1.12.0->curl_cffi>=0.7->yfinance>=0.2.40->quantstats) (2.22)
Requirement already satisfied: charset-normalizer<4,>=2 in ./venv/lib/python3.10/site-packages (from requests>=2.31->yfinance>=0.2.40->quantstats) (3.4.0)
Requirement already satisfied: idna<4,>=2.5 in ./venv/lib/python3.10/site-packages (from requests>=2.31->yfinance>=0.2.40->quantstats) (3.10)
Requirement already satisfied: urllib3<3,>=1.21.1 in ./venv/lib/python3.10/site-packages (from requests>=2.31->yfinance>=0.2.40->quantstats) (2.2.3)
Requirement already satisfied: MarkupSafe>=0.9.2 in ./venv/lib/python3.10/site-packages (from Mako->alembic>=1.5.0->optuna) (2.1.5)
Using cached quantstats-0.0.81-py3-none-any.whl (90 kB)
Using cached optuna-4.8.0-py3-none-any.whl (419 kB)
Using cached ruptures-1.1.10-cp310-cp310-macosx_11_0_arm64.whl (495 kB)
Using cached hmmlearn-0.3.3-cp310-cp310-macosx_10_9_universal2.whl (195 kB)
Using cached duckdb-1.5.2-cp310-cp310-macosx_11_0_arm64.whl (14.2 MB)
Using cached polars-1.40.1-py3-none-any.whl (828 kB)
Using cached polars_runtime_32-1.40.1-cp310-abi3-macosx_11_0_arm64.whl (46.4 MB)
Using cached alembic-1.18.4-py3-none-any.whl (263 kB)
Using cached seaborn-0.13.2-py3-none-any.whl (294 kB)
Using cached tabulate-0.10.0-py3-none-any.whl (39 kB)
Using cached colorlog-6.10.1-py3-none-any.whl (11 kB)
Using cached mako-1.3.11-py3-none-any.whl (78 kB)
Installing collected packages: tabulate, polars-runtime-32, Mako, duckdb, colorlog, ruptures, polars, alembic, seaborn, optuna, hmmlearn, quantstats

Successfully installed Mako-1.3.11 alembic-1.18.4 colorlog-6.10.1 duckdb-1.5.2 hmmlearn-0.3.3 optuna-4.8.0 polars-1.40.1 polars-runtime-32-1.40.1 quantstats-0.0.81 ruptures-1.1.10 seaborn-0.13.2 tabulate-0.10.0

[notice] A new release of pip is available: 25.2 -> 26.1
[notice] To update, run: pip install --upgrade pip
[Tue Apr 28 23:58:44 IST 2026] Verifying imports...
quantstats: OK 0.0.81
optuna: OK 4.8.0
ruptures: OK v1.1.10
hmmlearn: OK 0.3.3
duckdb: OK 1.5.2
polars: OK 1.40.1
[Tue Apr 28 23:58:49 IST 2026] Done.
